nextgqa-14012319794-4: base_448=False uniform_hi=False gt_local=False gt_local_hi=False
nextgqa-2547885226-4: base_448=False uniform_hi=False gt_local=False gt_local_hi=False
nextgqa-2782658657-0: base_448=False uniform_hi=False gt_local=False gt_local_hi=False
nextgqa-2868183184-7: base_448=False uniform_hi=False gt_local=False gt_local_hi=False
nextgqa-3026084730-11: base_448=False uniform_hi=False gt_local=False gt_local_hi=False
nextgqa-3078294001-3: base_448=False uniform_hi=True gt_local=True gt_local_hi=True
nextgqa-3376544720-9: base_448=False uniform_hi=False gt_local=False gt_local_hi=False
nextgqa-3429509208-1: base_448=False uniform_hi=False gt_local=False gt_local_hi=False
nextgqa-3943634344-10: base_448=False uniform_hi=False gt_local=False gt_local_hi=False
nextgqa-4087013668-8: base_448=False uniform_hi=False gt_local=True gt_local_hi=True
nextgqa-4123915842-7: base_448=False uniform_hi=False gt_local=False gt_local_hi=False
nextgqa-4674481985-2: base_448=False uniform_hi=False gt_local=False gt_local_hi=False
nextgqa-4838145161-2: base_448=False uniform_hi=False gt_local=True gt_local_hi=True
nextgqa-4942054721-4: base_448=False uniform_hi=False gt_local=False gt_local_hi=False
nextgqa-5945172741-7: base_448=False uniform_hi=False gt_local=False gt_local_hi=False
nextgqa-6097994550-4: base_448=False uniform_hi=False gt_local=True gt_local_hi=True
nextgqa-6516459343-4: base_448=False uniform_hi=True gt_local=False gt_local_hi=False
nextgqa-8252088130-4: base_448=False uniform_hi=False gt_local=False gt_local_hi=False

=== SUMMARY (of free-wrong cases, how many become correct) ===
{
  "n_free_wrong": 18,
  "base_448_now_correct": 0,
  "base_448_flip_rate": 0.0,
  "uniform_hi_now_correct": 2,
  "uniform_hi_flip_rate": 0.1111111111111111,
  "gt_local_now_correct": 4,
  "gt_local_flip_rate": 0.2222222222222222,
  "gt_local_hi_now_correct": 4,
  "gt_local_hi_flip_rate": 0.2222222222222222
}
