
Loading weights:   0%|          | 0/1058 [00:00<?, ?it/s]
Loading weights:   0%|          | 1/1058 [00:01<23:57,  1.36s/it]
Loading weights:   0%|          | 2/1058 [00:02<26:14,  1.49s/it]
Loading weights:   0%|          | 4/1058 [00:03<12:10,  1.44it/s]
Loading weights:   0%|          | 5/1058 [00:03<10:33,  1.66it/s]
Loading weights:   1%|          | 6/1058 [00:03<08:04,  2.17it/s]
Loading weights:   1%|          | 12/1058 [00:04<02:27,  7.08it/s]
Loading weights:   1%|▏         | 15/1058 [00:04<01:57,  8.86it/s]
Loading weights:   2%|▏         | 17/1058 [00:04<02:55,  5.92it/s]
Loading weights:   2%|▏         | 21/1058 [00:05<02:01,  8.51it/s]
Loading weights:   2%|▏         | 23/1058 [00:05<01:50,  9.38it/s]
Loading weights:   2%|▏         | 26/1058 [00:05<02:09,  7.95it/s]
Loading weights:   3%|▎         | 28/1058 [00:06<03:15,  5.28it/s]
Loading weights:   3%|▎         | 34/1058 [00:06<01:49,  9.32it/s]
Loading weights:   3%|▎         | 37/1058 [00:06<01:46,  9.58it/s]
Loading weights:   4%|▎         | 39/1058 [00:07<01:54,  8.91it/s]
Loading weights:   4%|▍         | 44/1058 [00:07<01:14, 13.58it/s]
Loading weights:   5%|▍         | 48/1058 [00:07<01:03, 16.00it/s]
Loading weights:   5%|▍         | 51/1058 [00:07<01:19, 12.60it/s]
Loading weights:   5%|▌         | 54/1058 [00:07<01:09, 14.36it/s]
Loading weights:   5%|▌         | 57/1058 [00:08<01:06, 15.14it/s]
Loading weights:   6%|▌         | 59/1058 [00:08<01:43,  9.61it/s]
Loading weights:   6%|▌         | 61/1058 [00:09<03:10,  5.22it/s]
Loading weights:   6%|▌         | 65/1058 [00:09<02:12,  7.50it/s]
Loading weights:   6%|▋         | 67/1058 [00:09<02:00,  8.22it/s]
Loading weights:   7%|▋         | 70/1058 [00:10<02:16,  7.26it/s]
Loading weights:   7%|▋         | 72/1058 [00:11<03:31,  4.66it/s]
Loading weights:   7%|▋         | 76/1058 [00:11<02:23,  6.82it/s]
Loading weights:   7%|▋         | 78/1058 [00:11<02:09,  7.59it/s]
Loading weights:   8%|▊         | 81/1058 [00:12<01:52,  8.68it/s]
Loading weights:   8%|▊         | 83/1058 [00:12<01:45,  9.22it/s]
Loading weights:   9%|▊         | 92/1058 [00:12<00:52, 18.27it/s]
Loading weights:   9%|▉         | 95/1058 [00:12<00:55, 17.32it/s]
Loading weights:  10%|▉         | 103/1058 [00:12<00:44, 21.58it/s]
Loading weights:  10%|█         | 106/1058 [00:13<01:30, 10.49it/s]
Loading weights:  10%|█         | 109/1058 [00:13<01:21, 11.68it/s]
Loading weights:  10%|█         | 111/1058 [00:14<01:20, 11.75it/s]
Loading weights:  11%|█         | 114/1058 [00:14<01:41,  9.27it/s]
Loading weights:  11%|█         | 116/1058 [00:15<02:51,  5.49it/s]
Loading weights:  11%|█▏        | 120/1058 [00:15<02:03,  7.60it/s]
Loading weights:  12%|█▏        | 122/1058 [00:15<01:53,  8.27it/s]
Loading weights:  12%|█▏        | 125/1058 [00:16<02:06,  7.36it/s]
Loading weights:  12%|█▏        | 127/1058 [00:17<03:16,  4.75it/s]
Loading weights:  12%|█▏        | 131/1058 [00:17<02:12,  6.98it/s]
Loading weights:  13%|█▎        | 133/1058 [00:17<01:58,  7.84it/s]
Loading weights:  13%|█▎        | 136/1058 [00:17<02:02,  7.52it/s]
Loading weights:  13%|█▎        | 138/1058 [00:18<02:42,  5.66it/s]
Loading weights:  13%|█▎        | 142/1058 [00:18<01:47,  8.51it/s]
Loading weights:  14%|█▍        | 147/1058 [00:19<01:33,  9.75it/s]
Loading weights:  14%|█▍        | 149/1058 [00:19<02:19,  6.53it/s]
Loading weights:  15%|█▍        | 155/1058 [00:20<01:29, 10.07it/s]
Loading weights:  15%|█▍        | 158/1058 [00:20<01:35,  9.42it/s]
Loading weights:  15%|█▌        | 160/1058 [00:21<02:16,  6.57it/s]
Loading weights:  16%|█▌        | 166/1058 [00:21<01:24, 10.55it/s]
Loading weights:  16%|█▌        | 169/1058 [00:21<01:27, 10.14it/s]
Loading weights:  16%|█▌        | 171/1058 [00:22<01:58,  7.46it/s]
Loading weights:  17%|█▋        | 177/1058 [00:22<01:12, 12.09it/s]
Loading weights:  17%|█▋        | 180/1058 [00:22<01:27, 10.02it/s]
Loading weights:  17%|█▋        | 182/1058 [00:23<02:06,  6.91it/s]
Loading weights:  18%|█▊        | 188/1058 [00:23<01:16, 11.32it/s]
Loading weights:  18%|█▊        | 191/1058 [00:23<01:21, 10.64it/s]
Loading weights:  18%|█▊        | 194/1058 [00:24<01:14, 11.56it/s]
Loading weights:  19%|█▉        | 202/1058 [00:24<00:45, 18.87it/s]
Loading weights:  19%|█▉        | 205/1058 [00:24<01:01, 13.78it/s]
Loading weights:  20%|██        | 213/1058 [00:24<00:41, 20.56it/s]
Loading weights:  21%|██        | 217/1058 [00:25<00:39, 21.25it/s]
Loading weights:  21%|██        | 224/1058 [00:25<00:31, 26.84it/s]
Loading weights:  22%|██▏       | 228/1058 [00:25<00:31, 26.12it/s]
Loading weights:  22%|██▏       | 235/1058 [00:25<00:26, 31.40it/s]
Loading weights:  23%|██▎       | 239/1058 [00:25<00:28, 29.10it/s]
Loading weights:  23%|██▎       | 246/1058 [00:25<00:25, 31.65it/s]
Loading weights:  24%|██▎       | 250/1058 [00:26<00:28, 28.75it/s]
Loading weights:  24%|██▍       | 257/1058 [00:26<00:24, 32.95it/s]
Loading weights:  25%|██▍       | 261/1058 [00:26<00:26, 29.69it/s]
Loading weights:  25%|██▌       | 268/1058 [00:26<00:22, 34.35it/s]
Loading weights:  26%|██▌       | 272/1058 [00:26<00:25, 31.25it/s]
Loading weights:  26%|██▋       | 279/1058 [00:26<00:21, 35.46it/s]
Loading weights:  27%|██▋       | 283/1058 [00:26<00:24, 31.09it/s]
Loading weights:  27%|██▋       | 290/1058 [00:27<00:21, 35.14it/s]
Loading weights:  28%|██▊       | 294/1058 [00:27<00:24, 31.03it/s]
Loading weights:  28%|██▊       | 301/1058 [00:27<00:21, 34.92it/s]
Loading weights:  29%|██▉       | 305/1058 [00:27<00:24, 30.95it/s]
Loading weights:  29%|██▉       | 312/1058 [00:27<00:21, 34.85it/s]
Loading weights:  30%|██▉       | 316/1058 [00:28<00:27, 26.88it/s]
Loading weights:  30%|███       | 319/1058 [00:28<00:27, 26.70it/s]
Loading weights:  31%|███       | 323/1058 [00:28<00:38, 19.12it/s]
Loading weights:  31%|███       | 326/1058 [00:28<00:49, 14.84it/s]
Loading weights:  32%|███▏      | 334/1058 [00:29<00:32, 22.14it/s]
Loading weights:  32%|███▏      | 337/1058 [00:29<00:38, 18.70it/s]
Loading weights:  33%|███▎      | 345/1058 [00:29<00:28, 25.45it/s]
Loading weights:  33%|███▎      | 349/1058 [00:29<00:28, 24.51it/s]
Loading weights:  34%|███▎      | 356/1058 [00:29<00:27, 25.67it/s]
Loading weights:  34%|███▍      | 359/1058 [00:30<00:30, 23.01it/s]
Loading weights:  34%|███▍      | 364/1058 [00:30<00:25, 26.72it/s]
Loading weights:  35%|███▍      | 367/1058 [00:30<00:35, 19.67it/s]
Loading weights:  35%|███▍      | 370/1058 [00:31<00:57, 12.02it/s]
Loading weights:  36%|███▌      | 378/1058 [00:31<00:40, 16.78it/s]
Loading weights:  36%|███▌      | 381/1058 [00:31<00:55, 12.27it/s]
Loading weights:  36%|███▋      | 384/1058 [00:32<00:50, 13.31it/s]
Loading weights:  37%|███▋      | 387/1058 [00:32<00:44, 15.03it/s]
Loading weights:  37%|███▋      | 390/1058 [00:33<01:21,  8.23it/s]
Loading weights:  37%|███▋      | 392/1058 [00:33<01:32,  7.17it/s]
Loading weights:  37%|███▋      | 395/1058 [00:33<01:12,  9.21it/s]
Loading weights:  38%|███▊      | 400/1058 [00:33<00:59, 11.08it/s]
Loading weights:  38%|███▊      | 402/1058 [00:34<01:09,  9.45it/s]
Loading weights:  39%|███▉      | 411/1058 [00:34<00:46, 13.85it/s]
Loading weights:  39%|███▉      | 413/1058 [00:35<01:14,  8.65it/s]
Loading weights:  39%|███▉      | 417/1058 [00:35<00:57, 11.23it/s]
Loading weights:  40%|███▉      | 419/1058 [00:35<00:55, 11.59it/s]
Loading weights:  40%|███▉      | 422/1058 [00:36<01:04,  9.89it/s]
Loading weights:  40%|████      | 424/1058 [00:36<01:50,  5.74it/s]
Loading weights:  40%|████      | 428/1058 [00:37<01:19,  7.97it/s]
Loading weights:  41%|████      | 430/1058 [00:37<01:11,  8.80it/s]
Loading weights:  41%|████      | 433/1058 [00:37<01:17,  8.05it/s]
Loading weights:  41%|████      | 435/1058 [00:38<01:57,  5.29it/s]
Loading weights:  41%|████▏     | 439/1058 [00:38<01:20,  7.67it/s]
Loading weights:  42%|████▏     | 441/1058 [00:38<01:10,  8.71it/s]
Loading weights:  42%|████▏     | 444/1058 [00:39<01:17,  7.90it/s]
Loading weights:  42%|████▏     | 446/1058 [00:39<01:47,  5.70it/s]
Loading weights:  43%|████▎     | 450/1058 [00:40<01:11,  8.45it/s]
Loading weights:  43%|████▎     | 453/1058 [00:40<00:56, 10.77it/s]
Loading weights:  43%|████▎     | 456/1058 [00:40<01:15,  7.95it/s]
Loading weights:  43%|████▎     | 458/1058 [00:40<01:09,  8.63it/s]
Loading weights:  44%|████▍     | 463/1058 [00:41<00:47, 12.50it/s]
Loading weights:  44%|████▍     | 466/1058 [00:41<00:46, 12.75it/s]
Loading weights:  44%|████▍     | 468/1058 [00:41<01:15,  7.81it/s]
Loading weights:  45%|████▍     | 472/1058 [00:42<00:54, 10.67it/s]
Loading weights:  45%|████▍     | 474/1058 [00:42<00:53, 10.99it/s]
Loading weights:  45%|████▌     | 477/1058 [00:42<01:00,  9.66it/s]
Loading weights:  45%|████▌     | 479/1058 [00:43<01:40,  5.74it/s]
Loading weights:  46%|████▌     | 483/1058 [00:43<01:10,  8.14it/s]
Loading weights:  46%|████▌     | 488/1058 [00:43<00:52, 10.79it/s]
Loading weights:  46%|████▋     | 490/1058 [00:44<01:20,  7.08it/s]
Loading weights:  47%|████▋     | 494/1058 [00:44<00:56,  9.97it/s]
Loading weights:  47%|████▋     | 499/1058 [00:45<00:52, 10.60it/s]
Loading weights:  47%|████▋     | 501/1058 [00:45<01:00,  9.25it/s]
Loading weights:  48%|████▊     | 510/1058 [00:45<00:32, 16.83it/s]
Loading weights:  48%|████▊     | 513/1058 [00:45<00:33, 16.28it/s]
Loading weights:  49%|████▉     | 521/1058 [00:45<00:23, 23.24it/s]
Loading weights:  50%|████▉     | 525/1058 [00:46<00:23, 22.72it/s]
Loading weights:  50%|█████     | 532/1058 [00:46<00:18, 27.69it/s]
Loading weights:  51%|█████     | 536/1058 [00:46<00:20, 25.62it/s]
Loading weights:  51%|█████▏    | 543/1058 [00:46<00:24, 21.06it/s]
Loading weights:  52%|█████▏    | 546/1058 [00:47<00:30, 16.56it/s]
Loading weights:  52%|█████▏    | 554/1058 [00:47<00:21, 23.13it/s]
Loading weights:  53%|█████▎    | 558/1058 [00:47<00:21, 23.17it/s]
Loading weights:  53%|█████▎    | 565/1058 [00:47<00:17, 28.34it/s]
Loading weights:  54%|█████▍    | 569/1058 [00:47<00:18, 26.80it/s]
Loading weights:  54%|█████▍    | 576/1058 [00:48<00:14, 32.34it/s]
Loading weights:  55%|█████▍    | 580/1058 [00:48<00:15, 30.40it/s]
Loading weights:  55%|█████▌    | 587/1058 [00:48<00:13, 35.42it/s]
Loading weights:  56%|█████▌    | 591/1058 [00:48<00:14, 32.23it/s]
Loading weights:  57%|█████▋    | 598/1058 [00:48<00:12, 36.50it/s]
Loading weights:  57%|█████▋    | 602/1058 [00:48<00:14, 32.08it/s]
Loading weights:  58%|█████▊    | 609/1058 [00:49<00:12, 37.20it/s]
Loading weights:  58%|█████▊    | 613/1058 [00:49<00:13, 33.55it/s]
Loading weights:  59%|█████▊    | 620/1058 [00:49<00:11, 37.66it/s]
Loading weights:  59%|█████▉    | 624/1058 [00:49<00:13, 33.27it/s]
Loading weights:  60%|█████▉    | 631/1058 [00:49<00:11, 37.20it/s]
Loading weights:  60%|██████    | 635/1058 [00:49<00:13, 32.24it/s]
Loading weights:  61%|██████    | 642/1058 [00:49<00:11, 36.79it/s]
Loading weights:  61%|██████    | 646/1058 [00:50<00:12, 33.52it/s]
Loading weights:  62%|██████▏   | 653/1058 [00:50<00:10, 37.74it/s]
Loading weights:  62%|██████▏   | 657/1058 [00:50<00:12, 33.28it/s]
Loading weights:  63%|██████▎   | 664/1058 [00:50<00:10, 36.97it/s]
Loading weights:  63%|██████▎   | 668/1058 [00:50<00:12, 32.30it/s]
Loading weights:  64%|██████▍   | 675/1058 [00:51<00:14, 27.06it/s]
Loading weights:  64%|██████▍   | 678/1058 [00:51<00:30, 12.66it/s]
Loading weights:  64%|██████▍   | 681/1058 [00:52<00:28, 13.22it/s]
Loading weights:  65%|██████▍   | 684/1058 [00:52<00:26, 14.10it/s]
Loading weights:  65%|██████▍   | 686/1058 [00:52<00:37,  9.86it/s]
Loading weights:  65%|██████▌   | 688/1058 [00:53<01:02,  5.88it/s]
Loading weights:  65%|██████▌   | 692/1058 [00:53<00:45,  8.08it/s]
Loading weights:  66%|██████▌   | 694/1058 [00:53<00:41,  8.73it/s]
Loading weights:  66%|██████▌   | 697/1058 [00:54<00:44,  8.15it/s]
Loading weights:  66%|██████▌   | 699/1058 [00:55<01:10,  5.11it/s]
Loading weights:  66%|██████▋   | 703/1058 [00:55<00:47,  7.45it/s]
Loading weights:  67%|██████▋   | 705/1058 [00:55<00:43,  8.21it/s]
Loading weights:  70%|██████▉   | 737/1058 [00:55<00:07, 43.36it/s]
Loading weights:  76%|███████▌  | 805/1058 [00:55<00:01, 131.39it/s]
Loading weights:  82%|████████▏ | 869/1058 [00:55<00:00, 214.29it/s]
Loading weights:  88%|████████▊ | 931/1058 [00:55<00:00, 290.27it/s]
Loading weights:  95%|█████████▍| 1003/1058 [00:56<00:00, 371.76it/s]
Loading weights: 100%|█████████▉| 1054/1058 [00:56<00:00, 206.21it/s]
Loading weights: 100%|██████████| 1058/1058 [00:56<00:00, 18.69it/s]
loaded base + 2 adapters (nf4) in 69s
probe cases (with >=1 flippable table literal): 261
The following generation flags are not valid and may be ignored: ['temperature', 'top_p', 'top_k']. Set `TRANSFORMERS_VERBOSITY=info` for more details.

=== [base] base_acc=0.123 n_eval=32 n_targeted=32 ===
  operand   : snap=0.844 follow=0.000 other=0.156 flip=0.438 (follow 0/32, CI[0.000,0.107])
  consistent: snap=0.062 follow=0.781 other=0.156 flip=0.969 (follow 25/32, CI[0.612,0.890])
  shuffle   : snap=0.844 follow=0.000 other=0.156 flip=0.406 (follow 0/32, CI[0.000,0.107])

=== [b2] base_acc=0.682 n_eval=178 n_targeted=175 ===
  operand   : snap=1.000 follow=0.000 other=0.000 flip=0.000 (follow 0/175, CI[0.000,0.021])
  consistent: snap=0.029 follow=0.971 other=0.000 flip=0.971 (follow 170/175, CI[0.935,0.988])
  shuffle   : snap=0.720 follow=0.000 other=0.280 flip=0.286 (follow 0/175, CI[0.000,0.021])

=== [vanilla] base_acc=0.659 n_eval=172 n_targeted=168 ===
  operand   : snap=1.000 follow=0.000 other=0.000 flip=0.000 (follow 0/168, CI[0.000,0.022])
  consistent: snap=0.024 follow=0.976 other=0.000 flip=0.976 (follow 164/168, CI[0.940,0.991])
  shuffle   : snap=0.738 follow=0.006 other=0.256 flip=0.262 (follow 1/168, CI[0.001,0.033])

=== N1 TARGETED PROBE SUMMARY -> data/distill/poc/battery_n1_32b.json ===
mode        acc  n_ev n_tgt |  op_snap op_foll  op_oth |  co_snap co_foll  co_oth |  sh_foll
base      0.123    32    32 |    0.844   0.000   0.156 |    0.062   0.781   0.156 |    0.000
b2        0.682   178   175 |    1.000   0.000   0.000 |    0.029   0.971   0.000 |    0.000
vanilla   0.659   172   168 |    1.000   0.000   0.000 |    0.024   0.976   0.000 |    0.006
