
Loading weights:   0%|          | 0/1058 [00:00<?, ?it/s]
Loading weights:   0%|          | 1/1058 [00:02<51:21,  2.92s/it]
Loading weights:   0%|          | 2/1058 [00:05<51:25,  2.92s/it]
Loading weights:   0%|          | 4/1058 [00:06<22:26,  1.28s/it]
Loading weights:   0%|          | 5/1058 [00:06<18:12,  1.04s/it]
Loading weights:   1%|          | 6/1058 [00:07<15:16,  1.15it/s]
Loading weights:   1%|          | 10/1058 [00:07<06:01,  2.90it/s]
Loading weights:   1%|          | 12/1058 [00:07<04:34,  3.81it/s]
Loading weights:   1%|▏         | 15/1058 [00:08<03:55,  4.43it/s]
Loading weights:   2%|▏         | 16/1058 [00:08<04:41,  3.71it/s]
Loading weights:   2%|▏         | 17/1058 [00:09<05:24,  3.20it/s]
Loading weights:   2%|▏         | 21/1058 [00:09<03:00,  5.73it/s]
Loading weights:   2%|▏         | 23/1058 [00:09<02:34,  6.71it/s]
Loading weights:   2%|▏         | 26/1058 [00:10<02:42,  6.36it/s]
Loading weights:   3%|▎         | 27/1058 [00:10<03:43,  4.61it/s]
Loading weights:   3%|▎         | 28/1058 [00:11<04:39,  3.68it/s]
Loading weights:   3%|▎         | 32/1058 [00:11<02:42,  6.31it/s]
Loading weights:   3%|▎         | 34/1058 [00:11<02:21,  7.26it/s]
Loading weights:   3%|▎         | 37/1058 [00:12<02:34,  6.60it/s]
Loading weights:   4%|▎         | 38/1058 [00:12<03:34,  4.76it/s]
Loading weights:   4%|▎         | 39/1058 [00:13<04:29,  3.78it/s]
Loading weights:   4%|▍         | 43/1058 [00:13<02:39,  6.37it/s]
Loading weights:   4%|▍         | 45/1058 [00:13<02:18,  7.31it/s]
Loading weights:   5%|▍         | 48/1058 [00:14<02:32,  6.62it/s]
Loading weights:   5%|▍         | 49/1058 [00:14<03:26,  4.89it/s]
Loading weights:   5%|▍         | 50/1058 [00:15<04:17,  3.91it/s]
Loading weights:   5%|▌         | 54/1058 [00:15<02:31,  6.62it/s]
Loading weights:   5%|▌         | 56/1058 [00:15<02:12,  7.55it/s]
Loading weights:   6%|▌         | 59/1058 [00:15<02:26,  6.80it/s]
Loading weights:   6%|▌         | 60/1058 [00:16<03:17,  5.06it/s]
Loading weights:   6%|▌         | 61/1058 [00:16<04:07,  4.02it/s]
Loading weights:   6%|▌         | 65/1058 [00:17<02:26,  6.78it/s]
Loading weights:   6%|▋         | 67/1058 [00:17<02:08,  7.72it/s]
Loading weights:   7%|▋         | 70/1058 [00:17<02:23,  6.89it/s]
Loading weights:   7%|▋         | 71/1058 [00:18<03:14,  5.09it/s]
Loading weights:   7%|▋         | 72/1058 [00:18<04:04,  4.03it/s]
Loading weights:   7%|▋         | 76/1058 [00:18<02:24,  6.80it/s]
Loading weights:   7%|▋         | 78/1058 [00:19<02:06,  7.73it/s]
Loading weights:   8%|▊         | 81/1058 [00:19<02:21,  6.93it/s]
Loading weights:   8%|▊         | 82/1058 [00:20<03:16,  4.97it/s]
Loading weights:   8%|▊         | 83/1058 [00:20<04:05,  3.97it/s]
Loading weights:   8%|▊         | 87/1058 [00:21<02:49,  5.74it/s]
Loading weights:   8%|▊         | 89/1058 [00:21<02:29,  6.50it/s]
Loading weights:   9%|▊         | 92/1058 [00:21<02:36,  6.17it/s]
Loading weights:   9%|▉         | 93/1058 [00:22<03:24,  4.71it/s]
Loading weights:   9%|▉         | 94/1058 [00:22<04:12,  3.82it/s]
Loading weights:   9%|▉         | 98/1058 [00:22<02:28,  6.48it/s]
Loading weights:   9%|▉         | 100/1058 [00:23<02:09,  7.41it/s]
Loading weights:  10%|▉         | 103/1058 [00:23<02:21,  6.74it/s]
Loading weights:  10%|▉         | 104/1058 [00:24<03:09,  5.03it/s]
Loading weights:  10%|▉         | 105/1058 [00:24<03:58,  4.00it/s]
Loading weights:  10%|█         | 109/1058 [00:24<02:20,  6.75it/s]
Loading weights:  10%|█         | 111/1058 [00:24<02:03,  7.68it/s]
Loading weights:  11%|█         | 114/1058 [00:25<02:22,  6.64it/s]
Loading weights:  11%|█         | 115/1058 [00:26<03:09,  4.98it/s]
Loading weights:  11%|█         | 116/1058 [00:26<03:57,  3.97it/s]
Loading weights:  11%|█▏        | 120/1058 [00:26<02:19,  6.71it/s]
Loading weights:  12%|█▏        | 122/1058 [00:26<02:02,  7.65it/s]
Loading weights:  12%|█▏        | 125/1058 [00:27<02:15,  6.88it/s]
Loading weights:  12%|█▏        | 126/1058 [00:27<03:03,  5.08it/s]
Loading weights:  12%|█▏        | 127/1058 [00:28<03:54,  3.98it/s]
Loading weights:  12%|█▏        | 131/1058 [00:28<02:22,  6.48it/s]
Loading weights:  13%|█▎        | 133/1058 [00:28<02:04,  7.42it/s]
Loading weights:  13%|█▎        | 136/1058 [00:29<02:16,  6.73it/s]
Loading weights:  13%|█▎        | 137/1058 [00:29<03:03,  5.02it/s]
Loading weights:  13%|█▎        | 138/1058 [00:30<03:50,  4.00it/s]
Loading weights:  13%|█▎        | 142/1058 [00:30<02:15,  6.74it/s]
Loading weights:  14%|█▎        | 144/1058 [00:30<01:59,  7.67it/s]
Loading weights:  14%|█▍        | 147/1058 [00:31<02:12,  6.87it/s]
Loading weights:  14%|█▍        | 148/1058 [00:31<03:00,  5.04it/s]
Loading weights:  14%|█▍        | 149/1058 [00:32<03:47,  4.00it/s]
Loading weights:  14%|█▍        | 153/1058 [00:32<02:14,  6.73it/s]
Loading weights:  15%|█▍        | 155/1058 [00:32<01:58,  7.61it/s]
Loading weights:  15%|█▍        | 158/1058 [00:32<02:13,  6.73it/s]
Loading weights:  15%|█▌        | 159/1058 [00:33<03:01,  4.95it/s]
Loading weights:  15%|█▌        | 160/1058 [00:34<03:56,  3.80it/s]
Loading weights:  16%|█▌        | 164/1058 [00:34<02:21,  6.33it/s]
Loading weights:  16%|█▌        | 166/1058 [00:34<02:06,  7.04it/s]
Loading weights:  16%|█▌        | 169/1058 [00:35<02:19,  6.36it/s]
Loading weights:  16%|█▌        | 170/1058 [00:35<03:04,  4.82it/s]
Loading weights:  16%|█▌        | 171/1058 [00:36<03:56,  3.75it/s]
Loading weights:  17%|█▋        | 175/1058 [00:36<02:18,  6.38it/s]
Loading weights:  17%|█▋        | 177/1058 [00:36<02:00,  7.33it/s]
Loading weights:  17%|█▋        | 180/1058 [00:36<02:11,  6.66it/s]
Loading weights:  17%|█▋        | 181/1058 [00:37<02:56,  4.96it/s]
Loading weights:  17%|█▋        | 182/1058 [00:37<03:46,  3.86it/s]
Loading weights:  18%|█▊        | 186/1058 [00:38<02:13,  6.54it/s]
Loading weights:  18%|█▊        | 188/1058 [00:38<01:56,  7.48it/s]
Loading weights:  18%|█▊        | 191/1058 [00:38<02:07,  6.80it/s]
Loading weights:  18%|█▊        | 192/1058 [00:39<03:12,  4.50it/s]
Loading weights:  18%|█▊        | 193/1058 [00:40<04:01,  3.59it/s]
Loading weights:  19%|█▊        | 197/1058 [00:40<02:20,  6.11it/s]
Loading weights:  19%|█▉        | 199/1058 [00:40<02:02,  7.04it/s]
Loading weights:  19%|█▉        | 202/1058 [00:40<02:11,  6.52it/s]
Loading weights:  19%|█▉        | 203/1058 [00:41<02:54,  4.91it/s]
Loading weights:  19%|█▉        | 204/1058 [00:41<03:36,  3.94it/s]
Loading weights:  20%|█▉        | 208/1058 [00:42<02:07,  6.65it/s]
Loading weights:  20%|█▉        | 210/1058 [00:42<01:51,  7.59it/s]
Loading weights:  20%|██        | 213/1058 [00:42<02:03,  6.83it/s]
Loading weights:  20%|██        | 214/1058 [00:43<02:46,  5.07it/s]
Loading weights:  20%|██        | 215/1058 [00:43<03:29,  4.02it/s]
Loading weights:  21%|██        | 219/1058 [00:43<02:04,  6.75it/s]
Loading weights:  21%|██        | 221/1058 [00:44<01:49,  7.64it/s]
Loading weights:  21%|██        | 224/1058 [00:44<02:01,  6.86it/s]
Loading weights:  21%|██▏       | 225/1058 [00:45<02:43,  5.09it/s]
Loading weights:  21%|██▏       | 226/1058 [00:45<03:31,  3.93it/s]
Loading weights:  22%|██▏       | 230/1058 [00:45<02:04,  6.65it/s]
Loading weights:  22%|██▏       | 232/1058 [00:45<01:48,  7.59it/s]
Loading weights:  22%|██▏       | 235/1058 [00:46<02:00,  6.85it/s]
Loading weights:  22%|██▏       | 236/1058 [00:46<02:42,  5.04it/s]
Loading weights:  22%|██▏       | 237/1058 [00:47<03:28,  3.94it/s]
Loading weights:  23%|██▎       | 241/1058 [00:47<02:02,  6.65it/s]
Loading weights:  23%|██▎       | 243/1058 [00:47<01:49,  7.46it/s]
Loading weights:  23%|██▎       | 246/1058 [00:48<02:01,  6.66it/s]
Loading weights:  23%|██▎       | 247/1058 [00:48<02:47,  4.83it/s]
Loading weights:  23%|██▎       | 248/1058 [00:49<03:32,  3.81it/s]
Loading weights:  24%|██▍       | 252/1058 [00:49<02:04,  6.48it/s]
Loading weights:  24%|██▍       | 254/1058 [00:49<01:48,  7.42it/s]
Loading weights:  24%|██▍       | 257/1058 [00:50<01:58,  6.75it/s]
Loading weights:  24%|██▍       | 258/1058 [00:50<02:40,  4.97it/s]
Loading weights:  24%|██▍       | 259/1058 [00:51<03:22,  3.95it/s]
Loading weights:  25%|██▍       | 263/1058 [00:51<01:59,  6.63it/s]
Loading weights:  25%|██▌       | 265/1058 [00:51<01:44,  7.57it/s]
Loading weights:  25%|██▌       | 268/1058 [00:52<01:56,  6.81it/s]
Loading weights:  25%|██▌       | 269/1058 [00:52<02:38,  4.97it/s]
Loading weights:  26%|██▌       | 270/1058 [00:53<03:19,  3.95it/s]
Loading weights:  26%|██▌       | 274/1058 [00:53<01:57,  6.65it/s]
Loading weights:  26%|██▌       | 276/1058 [00:53<01:43,  7.56it/s]
Loading weights:  26%|██▋       | 279/1058 [00:54<01:54,  6.81it/s]
Loading weights:  26%|██▋       | 280/1058 [00:54<02:33,  5.07it/s]
Loading weights:  27%|██▋       | 281/1058 [00:55<03:14,  4.00it/s]
Loading weights:  27%|██▋       | 285/1058 [00:55<01:54,  6.74it/s]
Loading weights:  27%|██▋       | 287/1058 [00:55<01:40,  7.66it/s]
Loading weights:  27%|██▋       | 290/1058 [00:55<01:51,  6.87it/s]
Loading weights:  28%|██▊       | 291/1058 [00:56<02:33,  4.99it/s]
Loading weights:  28%|██▊       | 292/1058 [00:56<03:12,  3.99it/s]
Loading weights:  28%|██▊       | 296/1058 [00:57<01:53,  6.72it/s]
Loading weights:  28%|██▊       | 298/1058 [00:57<01:39,  7.65it/s]
Loading weights:  28%|██▊       | 301/1058 [00:57<01:50,  6.88it/s]
Loading weights:  29%|██▊       | 302/1058 [00:58<02:28,  5.10it/s]
Loading weights:  29%|██▊       | 303/1058 [00:58<03:06,  4.04it/s]
Loading weights:  29%|██▉       | 307/1058 [00:58<01:50,  6.81it/s]
Loading weights:  29%|██▉       | 309/1058 [00:59<01:36,  7.74it/s]
Loading weights:  29%|██▉       | 312/1058 [00:59<01:48,  6.87it/s]
Loading weights:  30%|██▉       | 313/1058 [01:00<02:27,  5.05it/s]
Loading weights:  30%|██▉       | 314/1058 [01:00<03:05,  4.01it/s]
Loading weights:  30%|███       | 318/1058 [01:00<01:49,  6.77it/s]
Loading weights:  30%|███       | 320/1058 [01:01<01:35,  7.69it/s]
Loading weights:  31%|███       | 323/1058 [01:01<01:46,  6.89it/s]
Loading weights:  31%|███       | 324/1058 [01:02<02:23,  5.10it/s]
Loading weights:  31%|███       | 325/1058 [01:02<03:00,  4.05it/s]
Loading weights:  31%|███       | 329/1058 [01:02<01:46,  6.83it/s]
Loading weights:  31%|███▏      | 331/1058 [01:02<01:34,  7.72it/s]
Loading weights:  32%|███▏      | 334/1058 [01:03<01:46,  6.79it/s]
Loading weights:  32%|███▏      | 335/1058 [01:03<02:22,  5.06it/s]
Loading weights:  32%|███▏      | 336/1058 [01:04<02:59,  4.03it/s]
Loading weights:  32%|███▏      | 340/1058 [01:04<01:47,  6.67it/s]
Loading weights:  32%|███▏      | 342/1058 [01:04<01:34,  7.61it/s]
Loading weights:  33%|███▎      | 345/1058 [01:05<01:43,  6.87it/s]
Loading weights:  33%|███▎      | 346/1058 [01:05<02:19,  5.09it/s]
Loading weights:  33%|███▎      | 347/1058 [01:06<02:56,  4.03it/s]
Loading weights:  33%|███▎      | 351/1058 [01:06<01:44,  6.80it/s]
Loading weights:  33%|███▎      | 353/1058 [01:06<01:32,  7.65it/s]
Loading weights:  34%|███▎      | 356/1058 [01:07<01:42,  6.88it/s]
Loading weights:  34%|███▎      | 357/1058 [01:07<02:17,  5.09it/s]
Loading weights:  34%|███▍      | 358/1058 [01:08<02:53,  4.03it/s]
Loading weights:  34%|███▍      | 362/1058 [01:08<01:42,  6.79it/s]
Loading weights:  34%|███▍      | 364/1058 [01:08<01:29,  7.72it/s]
Loading weights:  35%|███▍      | 367/1058 [01:08<01:40,  6.90it/s]
Loading weights:  35%|███▍      | 368/1058 [01:09<02:15,  5.10it/s]
Loading weights:  35%|███▍      | 369/1058 [01:09<02:50,  4.05it/s]
Loading weights:  35%|███▌      | 373/1058 [01:10<01:40,  6.81it/s]
Loading weights:  35%|███▌      | 375/1058 [01:10<01:28,  7.74it/s]
Loading weights:  36%|███▌      | 378/1058 [01:10<01:40,  6.73it/s]
Loading weights:  36%|███▌      | 379/1058 [01:11<02:14,  5.04it/s]
Loading weights:  36%|███▌      | 380/1058 [01:11<02:49,  4.01it/s]
Loading weights:  36%|███▋      | 384/1058 [01:11<01:39,  6.76it/s]
Loading weights:  36%|███▋      | 386/1058 [01:12<01:27,  7.70it/s]
Loading weights:  37%|███▋      | 389/1058 [01:12<01:37,  6.86it/s]
Loading weights:  37%|███▋      | 390/1058 [01:13<02:11,  5.07it/s]
Loading weights:  37%|███▋      | 391/1058 [01:13<02:46,  4.01it/s]
Loading weights:  37%|███▋      | 395/1058 [01:13<01:38,  6.76it/s]
Loading weights:  38%|███▊      | 397/1058 [01:13<01:25,  7.69it/s]
Loading weights:  38%|███▊      | 400/1058 [01:14<01:35,  6.88it/s]
Loading weights:  38%|███▊      | 401/1058 [01:15<02:09,  5.05it/s]
Loading weights:  38%|███▊      | 402/1058 [01:15<02:43,  4.02it/s]
Loading weights:  38%|███▊      | 406/1058 [01:15<01:36,  6.78it/s]
Loading weights:  39%|███▊      | 408/1058 [01:15<01:24,  7.71it/s]
Loading weights:  39%|███▉      | 411/1058 [01:16<01:33,  6.90it/s]
Loading weights:  39%|███▉      | 412/1058 [01:16<02:06,  5.10it/s]
Loading weights:  39%|███▉      | 413/1058 [01:17<02:43,  3.95it/s]
Loading weights:  39%|███▉      | 417/1058 [01:17<01:36,  6.68it/s]
Loading weights:  40%|███▉      | 419/1058 [01:17<01:24,  7.59it/s]
Loading weights:  40%|███▉      | 422/1058 [01:18<01:32,  6.85it/s]
Loading weights:  40%|███▉      | 423/1058 [01:18<02:05,  5.08it/s]
Loading weights:  40%|████      | 424/1058 [01:19<02:37,  4.01it/s]
Loading weights:  40%|████      | 428/1058 [01:19<01:33,  6.75it/s]
Loading weights:  41%|████      | 430/1058 [01:19<01:21,  7.68it/s]
Loading weights:  41%|████      | 433/1058 [01:20<01:30,  6.89it/s]
Loading weights:  41%|████      | 434/1058 [01:20<02:02,  5.11it/s]
Loading weights:  41%|████      | 435/1058 [01:21<02:33,  4.05it/s]
Loading weights:  41%|████▏     | 439/1058 [01:21<01:31,  6.80it/s]
Loading weights:  42%|████▏     | 441/1058 [01:21<01:19,  7.73it/s]
Loading weights:  42%|████▏     | 444/1058 [01:21<01:28,  6.93it/s]
Loading weights:  42%|████▏     | 445/1058 [01:22<02:00,  5.11it/s]
Loading weights:  42%|████▏     | 446/1058 [01:22<02:36,  3.91it/s]
Loading weights:  43%|████▎     | 450/1058 [01:23<01:31,  6.62it/s]
Loading weights:  43%|████▎     | 452/1058 [01:23<01:20,  7.50it/s]
Loading weights:  43%|████▎     | 455/1058 [01:23<01:28,  6.80it/s]
Loading weights:  43%|████▎     | 456/1058 [01:24<01:59,  5.05it/s]
Loading weights:  43%|████▎     | 457/1058 [01:24<02:29,  4.02it/s]
Loading weights:  44%|████▎     | 461/1058 [01:24<01:28,  6.78it/s]
Loading weights:  44%|████▍     | 463/1058 [01:25<01:17,  7.71it/s]
Loading weights:  44%|████▍     | 466/1058 [01:25<01:25,  6.92it/s]
Loading weights:  44%|████▍     | 467/1058 [01:26<01:55,  5.11it/s]
Loading weights:  44%|████▍     | 468/1058 [01:26<02:26,  4.03it/s]
Loading weights:  45%|████▍     | 472/1058 [01:26<01:26,  6.78it/s]
Loading weights:  45%|████▍     | 474/1058 [01:27<01:15,  7.70it/s]
Loading weights:  45%|████▌     | 477/1058 [01:27<01:25,  6.83it/s]
Loading weights:  45%|████▌     | 478/1058 [01:28<01:54,  5.07it/s]
Loading weights:  45%|████▌     | 479/1058 [01:28<02:24,  4.01it/s]
Loading weights:  46%|████▌     | 483/1058 [01:28<01:25,  6.76it/s]
Loading weights:  46%|████▌     | 485/1058 [01:28<01:14,  7.66it/s]
Loading weights:  46%|████▌     | 488/1058 [01:29<01:22,  6.87it/s]
Loading weights:  46%|████▌     | 489/1058 [01:29<01:51,  5.08it/s]
Loading weights:  46%|████▋     | 490/1058 [01:30<02:20,  4.04it/s]
Loading weights:  47%|████▋     | 494/1058 [01:30<01:22,  6.81it/s]
Loading weights:  47%|████▋     | 496/1058 [01:30<01:12,  7.74it/s]
Loading weights:  47%|████▋     | 499/1058 [01:31<01:20,  6.93it/s]
Loading weights:  47%|████▋     | 500/1058 [01:31<01:49,  5.10it/s]
Loading weights:  47%|████▋     | 501/1058 [01:32<02:23,  3.89it/s]
Loading weights:  48%|████▊     | 505/1058 [01:32<01:24,  6.54it/s]
Loading weights:  48%|████▊     | 507/1058 [01:32<01:13,  7.48it/s]
Loading weights:  48%|████▊     | 510/1058 [01:33<01:20,  6.78it/s]
Loading weights:  48%|████▊     | 511/1058 [01:33<01:50,  4.94it/s]
Loading weights:  48%|████▊     | 512/1058 [01:34<02:18,  3.96it/s]
Loading weights:  49%|████▉     | 516/1058 [01:34<01:21,  6.68it/s]
Loading weights:  49%|████▉     | 518/1058 [01:34<01:10,  7.61it/s]
Loading weights:  49%|████▉     | 521/1058 [01:35<01:19,  6.79it/s]
Loading weights:  49%|████▉     | 522/1058 [01:35<01:48,  4.92it/s]
Loading weights:  49%|████▉     | 523/1058 [01:36<02:15,  3.94it/s]
Loading weights:  50%|████▉     | 527/1058 [01:36<01:19,  6.67it/s]
Loading weights:  50%|█████     | 529/1058 [01:36<01:09,  7.60it/s]
Loading weights:  50%|█████     | 532/1058 [01:36<01:16,  6.85it/s]
Loading weights:  50%|█████     | 533/1058 [01:37<01:43,  5.07it/s]
Loading weights:  50%|█████     | 534/1058 [01:37<02:10,  4.01it/s]
Loading weights:  51%|█████     | 538/1058 [01:38<01:17,  6.71it/s]
Loading weights:  51%|█████     | 540/1058 [01:38<01:07,  7.63it/s]
Loading weights:  51%|█████▏    | 543/1058 [01:38<01:16,  6.76it/s]
Loading weights:  51%|█████▏    | 544/1058 [01:39<01:43,  4.95it/s]
Loading weights:  52%|█████▏    | 545/1058 [01:39<02:09,  3.95it/s]
Loading weights:  52%|█████▏    | 549/1058 [01:39<01:16,  6.67it/s]
Loading weights:  52%|█████▏    | 551/1058 [01:40<01:06,  7.62it/s]
Loading weights:  52%|█████▏    | 554/1058 [01:40<01:13,  6.88it/s]
Loading weights:  52%|█████▏    | 555/1058 [01:41<01:38,  5.09it/s]
Loading weights:  53%|█████▎    | 556/1058 [01:41<02:04,  4.04it/s]
Loading weights:  53%|█████▎    | 560/1058 [01:41<01:13,  6.81it/s]
Loading weights:  53%|█████▎    | 562/1058 [01:41<01:04,  7.73it/s]
Loading weights:  53%|█████▎    | 565/1058 [01:42<01:11,  6.90it/s]
Loading weights:  53%|█████▎    | 566/1058 [01:42<01:36,  5.11it/s]
Loading weights:  54%|█████▎    | 567/1058 [01:43<02:01,  4.05it/s]
Loading weights:  54%|█████▍    | 571/1058 [01:43<01:11,  6.83it/s]
Loading weights:  54%|█████▍    | 573/1058 [01:43<01:02,  7.76it/s]
Loading weights:  54%|█████▍    | 576/1058 [01:44<01:09,  6.92it/s]
Loading weights:  55%|█████▍    | 577/1058 [01:44<01:34,  5.11it/s]
Loading weights:  55%|█████▍    | 578/1058 [01:45<01:58,  4.05it/s]
Loading weights:  55%|█████▌    | 582/1058 [01:45<01:09,  6.81it/s]
Loading weights:  55%|█████▌    | 584/1058 [01:45<01:01,  7.73it/s]
Loading weights:  55%|█████▌    | 587/1058 [01:46<01:08,  6.92it/s]
Loading weights:  56%|█████▌    | 588/1058 [01:46<01:31,  5.12it/s]
Loading weights:  56%|█████▌    | 589/1058 [01:47<01:55,  4.05it/s]
Loading weights:  56%|█████▌    | 593/1058 [01:47<01:08,  6.81it/s]
Loading weights:  56%|█████▌    | 595/1058 [01:47<00:59,  7.74it/s]
Loading weights:  57%|█████▋    | 598/1058 [01:48<01:06,  6.90it/s]
Loading weights:  57%|█████▋    | 599/1058 [01:48<01:31,  5.00it/s]
Loading weights:  57%|█████▋    | 600/1058 [01:49<01:56,  3.93it/s]
Loading weights:  57%|█████▋    | 604/1058 [01:49<01:08,  6.65it/s]
Loading weights:  57%|█████▋    | 606/1058 [01:49<01:02,  7.28it/s]
Loading weights:  58%|█████▊    | 609/1058 [01:49<01:07,  6.61it/s]
Loading weights:  58%|█████▊    | 610/1058 [01:50<01:30,  4.94it/s]
Loading weights:  58%|█████▊    | 611/1058 [01:50<01:53,  3.95it/s]
Loading weights:  58%|█████▊    | 615/1058 [01:51<01:06,  6.68it/s]
Loading weights:  58%|█████▊    | 617/1058 [01:51<00:57,  7.61it/s]
Loading weights:  59%|█████▊    | 620/1058 [01:51<01:04,  6.78it/s]
Loading weights:  59%|█████▊    | 621/1058 [01:52<01:26,  5.04it/s]
Loading weights:  59%|█████▉    | 622/1058 [01:52<01:49,  3.98it/s]
Loading weights:  59%|█████▉    | 626/1058 [01:53<01:06,  6.54it/s]
Loading weights:  59%|█████▉    | 628/1058 [01:53<00:57,  7.48it/s]
Loading weights:  60%|█████▉    | 631/1058 [01:53<01:02,  6.79it/s]
Loading weights:  60%|█████▉    | 632/1058 [01:54<01:24,  5.05it/s]
Loading weights:  60%|█████▉    | 633/1058 [01:54<01:46,  4.00it/s]
Loading weights:  60%|██████    | 637/1058 [01:54<01:04,  6.57it/s]
Loading weights:  60%|██████    | 639/1058 [01:55<00:59,  7.07it/s]
Loading weights:  61%|██████    | 642/1058 [01:55<01:03,  6.58it/s]
Loading weights:  61%|██████    | 643/1058 [01:56<01:24,  4.91it/s]
Loading weights:  61%|██████    | 644/1058 [01:56<01:45,  3.93it/s]
Loading weights:  61%|██████    | 648/1058 [01:56<01:01,  6.65it/s]
Loading weights:  61%|██████▏   | 650/1058 [01:57<00:53,  7.59it/s]
Loading weights:  62%|██████▏   | 653/1058 [01:57<00:59,  6.85it/s]
Loading weights:  62%|██████▏   | 654/1058 [01:58<01:19,  5.09it/s]
Loading weights:  62%|██████▏   | 655/1058 [01:58<01:39,  4.04it/s]
Loading weights:  62%|██████▏   | 659/1058 [01:58<00:58,  6.79it/s]
Loading weights:  62%|██████▏   | 661/1058 [01:58<00:51,  7.72it/s]
Loading weights:  63%|██████▎   | 664/1058 [01:59<00:57,  6.81it/s]
Loading weights:  63%|██████▎   | 665/1058 [01:59<01:17,  5.04it/s]
Loading weights:  63%|██████▎   | 666/1058 [02:00<01:37,  4.01it/s]
Loading weights:  63%|██████▎   | 670/1058 [02:00<00:57,  6.77it/s]
Loading weights:  64%|██████▎   | 672/1058 [02:00<00:50,  7.70it/s]
Loading weights:  64%|██████▍   | 675/1058 [02:01<00:56,  6.82it/s]
Loading weights:  64%|██████▍   | 676/1058 [02:01<01:15,  5.06it/s]
Loading weights:  64%|██████▍   | 677/1058 [02:02<01:34,  4.02it/s]
Loading weights:  64%|██████▍   | 681/1058 [02:02<00:55,  6.77it/s]
Loading weights:  65%|██████▍   | 683/1058 [02:02<00:48,  7.70it/s]
Loading weights:  65%|██████▍   | 686/1058 [02:03<00:53,  6.90it/s]
Loading weights:  65%|██████▍   | 687/1058 [02:03<01:12,  5.11it/s]
Loading weights:  65%|██████▌   | 688/1058 [02:04<01:31,  4.06it/s]
Loading weights:  65%|██████▌   | 692/1058 [02:04<00:53,  6.82it/s]
Loading weights:  66%|██████▌   | 694/1058 [02:04<00:46,  7.76it/s]
Loading weights:  66%|██████▌   | 697/1058 [02:04<00:52,  6.94it/s]
Loading weights:  66%|██████▌   | 698/1058 [02:05<01:10,  5.12it/s]
Loading weights:  66%|██████▌   | 699/1058 [02:05<01:28,  4.06it/s]
Loading weights:  66%|██████▋   | 703/1058 [02:06<00:51,  6.83it/s]
Loading weights:  67%|██████▋   | 705/1058 [02:06<00:45,  7.74it/s]
Loading weights:  68%|██████▊   | 723/1058 [02:06<00:11, 29.33it/s]
Loading weights:  70%|██████▉   | 739/1058 [02:06<00:06, 48.02it/s]
Loading weights:  71%|███████   | 751/1058 [02:06<00:05, 59.33it/s]
Loading weights:  73%|███████▎  | 773/1058 [02:06<00:03, 90.25it/s]
Loading weights:  75%|███████▌  | 795/1058 [02:06<00:02, 117.48it/s]
Loading weights:  77%|███████▋  | 811/1058 [02:06<00:01, 127.40it/s]
Loading weights:  79%|███████▊  | 833/1058 [02:06<00:01, 148.71it/s]
Loading weights:  81%|████████  | 855/1058 [02:07<00:01, 165.82it/s]
Loading weights:  83%|████████▎ | 874/1058 [02:07<00:01, 170.65it/s]
Loading weights:  84%|████████▍ | 893/1058 [02:07<00:00, 173.22it/s]
Loading weights:  86%|████████▋ | 915/1058 [02:07<00:00, 184.72it/s]
Loading weights:  88%|████████▊ | 935/1058 [02:07<00:00, 188.29it/s]
Loading weights:  90%|█████████ | 955/1058 [02:07<00:00, 180.39it/s]
Loading weights:  92%|█████████▏| 977/1058 [02:07<00:00, 189.72it/s]
Loading weights:  94%|█████████▍| 999/1058 [02:07<00:00, 195.84it/s]
Loading weights:  96%|█████████▋| 1019/1058 [02:07<00:00, 196.76it/s]
Loading weights:  98%|█████████▊| 1039/1058 [02:08<00:00, 122.25it/s]
Loading weights: 100%|█████████▉| 1055/1058 [02:08<00:00, 77.35it/s]
Loading weights: 100%|██████████| 1058/1058 [02:08<00:00,  8.22it/s]
loaded BASE-ONLY (nf4) in 134s
battery cases: 400 (mask_image=False, scale=natcount32b)
The following generation flags are not valid and may be ignored: ['temperature', 'top_p', 'top_k']. Set `TRANSFORMERS_VERBOSITY=info` for more details.
base free-form acc (image present): 179/400 = 0.448
n_eval (correct + CoT): 179

=== WU-2 BATTERY [natcount32b mask=False] n_eval=179 ===
{
  "scale": "natcount32b",
  "mask_image": false,
  "n_eval": 179,
  "n_cases": 400,
  "base_correct": 179,
  "base_acc": 0.4475,
  "adapter": null,
  "n_para_nums_ok": 0,
  "interventions": {
    "corrupt": {
      "n": 179,
      "flips": 4,
      "flip_rate": 0.0223463687150838,
      "acc_after": 0.9776536312849162
    },
    "shuffle": {
      "n": 179,
      "flips": 4,
      "flip_rate": 0.0223463687150838,
      "acc_after": 0.9776536312849162
    },
    "filler": {
      "n": 179,
      "flips": 47,
      "flip_rate": 0.26256983240223464,
      "acc_after": 0.7374301675977654
    },
    "truncate": {
      "0.25": {
        "n": 179,
        "flips": 65,
        "flip_rate": 0.36312849162011174,
        "acc_after": 0.6368715083798883
      },
      "0.5": {
        "n": 179,
        "flips": 38,
        "flip_rate": 0.2122905027932961,
        "acc_after": 0.7877094972067039
      },
      "0.75": {
        "n": 179,
        "flips": 9,
        "flip_rate": 0.05027932960893855,
        "acc_after": 0.9497206703910615
      }
    },
    "delete": {
      "1": {
        "n": 179,
        "flips": 4,
        "flip_rate": 0.0223463687150838,
        "acc_after": 0.9776536312849162
      },
      "2": {
        "n": 179,
        "flips": 4,
        "flip_rate": 0.0223463687150838,
        "acc_after": 0.9776536312849162
      },
      "3": {
        "n": 179,
        "flips": 7,
        "flip_rate": 0.03910614525139665,
        "acc_after": 0.9608938547486033
      }
    }
  },
  "re_perception": {
    "n_corrupt": 179,
    "snap_to_true": 175,
    "follows_injected": 0,
    "other": 4,
    "snap_rate": 0.9776536312849162,
    "follow_rate": 0.0
  }
}
