SFT records: 180

Loading weights:   0%|          | 0/750 [00:00<?, ?it/s]
Loading weights:   0%|          | 1/750 [00:04<55:27,  4.44s/it]
Loading weights:   1%|          | 4/750 [00:04<11:02,  1.13it/s]
Loading weights:   1%|          | 6/750 [00:05<07:14,  1.71it/s]
Loading weights:   2%|▏         | 12/750 [00:05<02:42,  4.55it/s]
Loading weights:   2%|▏         | 15/750 [00:05<02:06,  5.82it/s]
Loading weights:   2%|▏         | 17/750 [00:05<02:08,  5.69it/s]
Loading weights:   3%|▎         | 22/750 [00:05<01:19,  9.13it/s]
Loading weights:   3%|▎         | 26/750 [00:06<01:05, 11.11it/s]
Loading weights:   4%|▍         | 29/750 [00:06<01:12,  9.94it/s]
Loading weights:   4%|▍         | 33/750 [00:06<00:56, 12.60it/s]
Loading weights:   5%|▍         | 37/750 [00:06<00:50, 14.18it/s]
Loading weights:   5%|▌         | 39/750 [00:07<01:06, 10.65it/s]
Loading weights:   6%|▌         | 45/750 [00:07<00:44, 15.81it/s]
Loading weights:   6%|▋         | 48/750 [00:07<00:45, 15.47it/s]
Loading weights:   7%|▋         | 51/750 [00:07<00:56, 12.38it/s]
Loading weights:   7%|▋         | 56/750 [00:08<00:42, 16.36it/s]
Loading weights:   8%|▊         | 59/750 [00:08<00:43, 15.72it/s]
Loading weights:   8%|▊         | 61/750 [00:08<01:00, 11.40it/s]
Loading weights:   9%|▉         | 67/750 [00:08<00:40, 16.66it/s]
Loading weights:   9%|▉         | 70/750 [00:09<00:43, 15.81it/s]
Loading weights:  10%|▉         | 72/750 [00:09<00:59, 11.31it/s]
Loading weights:  10%|█         | 78/750 [00:09<00:40, 16.49it/s]
Loading weights:  11%|█         | 81/750 [00:09<00:42, 15.69it/s]
Loading weights:  11%|█         | 83/750 [00:10<00:58, 11.34it/s]
Loading weights:  12%|█▏        | 87/750 [00:10<00:47, 13.93it/s]
Loading weights:  12%|█▏        | 92/750 [00:10<00:52, 12.64it/s]
Loading weights:  13%|█▎        | 94/750 [00:11<00:55, 11.87it/s]
Loading weights:  13%|█▎        | 98/750 [00:11<00:42, 15.37it/s]
Loading weights:  13%|█▎        | 101/750 [00:11<00:36, 17.64it/s]
Loading weights:  14%|█▍        | 104/750 [00:11<00:53, 12.06it/s]
Loading weights:  14%|█▍        | 106/750 [00:11<00:57, 11.16it/s]
Loading weights:  15%|█▍        | 111/750 [00:12<00:41, 15.26it/s]
Loading weights:  15%|█▌        | 114/750 [00:12<00:42, 14.90it/s]
Loading weights:  15%|█▌        | 116/750 [00:12<00:59, 10.68it/s]
Loading weights:  16%|█▋        | 122/750 [00:12<00:39, 16.04it/s]
Loading weights:  17%|█▋        | 125/750 [00:13<00:49, 12.70it/s]
Loading weights:  17%|█▋        | 127/750 [00:13<00:53, 11.57it/s]
Loading weights:  18%|█▊        | 132/750 [00:13<00:39, 15.67it/s]
Loading weights:  18%|█▊        | 136/750 [00:13<00:36, 16.60it/s]
Loading weights:  18%|█▊        | 138/750 [00:14<00:51, 11.77it/s]
Loading weights:  19%|█▉        | 144/750 [00:14<00:35, 17.08it/s]
Loading weights:  20%|█▉        | 147/750 [00:14<00:36, 16.38it/s]
Loading weights:  20%|██        | 150/750 [00:15<00:46, 12.82it/s]
Loading weights:  21%|██        | 155/750 [00:15<00:37, 15.69it/s]
Loading weights:  21%|██        | 158/750 [00:15<00:35, 16.57it/s]
Loading weights:  21%|██▏       | 160/750 [00:15<00:50, 11.78it/s]
Loading weights:  22%|██▏       | 166/750 [00:15<00:33, 17.37it/s]
Loading weights:  23%|██▎       | 169/750 [00:16<00:35, 16.59it/s]
Loading weights:  23%|██▎       | 172/750 [00:16<00:44, 12.87it/s]
Loading weights:  24%|██▎       | 177/750 [00:16<00:34, 16.85it/s]
Loading weights:  24%|██▍       | 180/750 [00:16<00:35, 16.27it/s]
Loading weights:  24%|██▍       | 182/750 [00:17<00:48, 11.63it/s]
Loading weights:  25%|██▍       | 186/750 [00:17<00:38, 14.57it/s]
Loading weights:  25%|██▌       | 190/750 [00:17<00:36, 15.53it/s]
Loading weights:  26%|██▌       | 192/750 [00:17<00:39, 14.25it/s]
Loading weights:  26%|██▌       | 194/750 [00:17<00:42, 13.09it/s]
Loading weights:  27%|██▋       | 199/750 [00:18<00:30, 17.87it/s]
Loading weights:  27%|██▋       | 202/750 [00:18<00:32, 16.78it/s]
Loading weights:  27%|██▋       | 204/750 [00:18<00:47, 11.56it/s]
Loading weights:  28%|██▊       | 210/750 [00:18<00:30, 17.43it/s]
Loading weights:  28%|██▊       | 213/750 [00:19<00:32, 16.57it/s]
Loading weights:  29%|██▉       | 216/750 [00:19<00:41, 12.84it/s]
Loading weights:  29%|██▉       | 221/750 [00:19<00:31, 16.93it/s]
Loading weights:  30%|██▉       | 224/750 [00:19<00:32, 16.23it/s]
Loading weights:  30%|███       | 226/750 [00:20<00:45, 11.56it/s]
Loading weights:  31%|███       | 232/750 [00:20<00:30, 17.09it/s]
Loading weights:  31%|███▏      | 235/750 [00:20<00:31, 16.31it/s]
Loading weights:  32%|███▏      | 238/750 [00:20<00:40, 12.70it/s]
Loading weights:  32%|███▏      | 242/750 [00:21<00:33, 15.39it/s]
Loading weights:  33%|███▎      | 246/750 [00:21<00:38, 13.22it/s]
Loading weights:  33%|███▎      | 248/750 [00:21<00:40, 12.31it/s]
Loading weights:  34%|███▍      | 254/750 [00:21<00:27, 17.81it/s]
Loading weights:  34%|███▍      | 257/750 [00:22<00:29, 16.81it/s]
Loading weights:  35%|███▍      | 259/750 [00:22<00:41, 11.82it/s]
Loading weights:  35%|███▌      | 265/750 [00:22<00:28, 17.15it/s]
Loading weights:  36%|███▌      | 268/750 [00:22<00:29, 16.29it/s]
Loading weights:  36%|███▌      | 271/750 [00:23<00:37, 12.61it/s]
Loading weights:  37%|███▋      | 276/750 [00:23<00:28, 16.59it/s]
Loading weights:  37%|███▋      | 279/750 [00:23<00:29, 15.94it/s]
Loading weights:  37%|███▋      | 281/750 [00:23<00:41, 11.35it/s]
Loading weights:  38%|███▊      | 287/750 [00:24<00:27, 16.75it/s]
Loading weights:  39%|███▊      | 290/750 [00:24<00:28, 16.07it/s]
Loading weights:  39%|███▉      | 293/750 [00:24<00:35, 12.71it/s]
Loading weights:  40%|███▉      | 298/750 [00:24<00:27, 16.64it/s]
Loading weights:  40%|████      | 301/750 [00:25<00:34, 13.05it/s]
Loading weights:  40%|████      | 303/750 [00:25<00:37, 11.86it/s]
Loading weights:  41%|████      | 307/750 [00:25<00:28, 15.72it/s]
Loading weights:  41%|████▏     | 311/750 [00:25<00:28, 15.17it/s]
Loading weights:  42%|████▏     | 313/750 [00:26<00:31, 14.03it/s]
Loading weights:  42%|████▏     | 315/750 [00:26<00:33, 13.06it/s]
Loading weights:  43%|████▎     | 319/750 [00:26<00:26, 16.36it/s]
Loading weights:  43%|████▎     | 323/750 [00:26<00:25, 16.64it/s]
Loading weights:  43%|████▎     | 325/750 [00:26<00:36, 11.51it/s]
Loading weights:  44%|████▍     | 330/750 [00:27<00:26, 15.88it/s]
Loading weights:  45%|████▍     | 334/750 [00:27<00:25, 16.60it/s]
Loading weights:  45%|████▍     | 336/750 [00:27<00:35, 11.81it/s]
Loading weights:  46%|████▌     | 342/750 [00:27<00:23, 17.32it/s]
Loading weights:  46%|████▌     | 345/750 [00:28<00:24, 16.52it/s]
Loading weights:  46%|████▋     | 348/750 [00:28<00:31, 12.92it/s]
Loading weights:  47%|████▋     | 353/750 [00:28<00:23, 16.85it/s]
Loading weights:  47%|████▋     | 356/750 [00:28<00:24, 16.11it/s]
Loading weights:  48%|████▊     | 358/750 [00:29<00:34, 11.45it/s]
Loading weights:  49%|████▊     | 364/750 [00:29<00:23, 16.75it/s]
Loading weights:  49%|████▉     | 367/750 [00:29<00:23, 16.11it/s]
Loading weights:  49%|████▉     | 369/750 [00:29<00:33, 11.48it/s]
Loading weights:  50%|████▉     | 374/750 [00:30<00:23, 15.78it/s]
Loading weights:  50%|█████     | 378/750 [00:30<00:22, 16.57it/s]
Loading weights:  51%|█████     | 381/750 [00:30<00:28, 12.98it/s]
Loading weights:  51%|█████▏    | 386/750 [00:30<00:21, 16.88it/s]
Loading weights:  52%|█████▏    | 389/750 [00:31<00:22, 16.08it/s]
Loading weights:  52%|█████▏    | 391/750 [00:31<00:31, 11.49it/s]
Loading weights:  53%|█████▎    | 395/750 [00:31<00:24, 14.47it/s]
Loading weights:  55%|█████▌    | 413/750 [00:31<00:08, 38.81it/s]
Loading weights:  57%|█████▋    | 429/750 [00:31<00:05, 59.86it/s]
Loading weights:  60%|██████    | 451/750 [00:31<00:03, 90.51it/s]
Loading weights:  62%|██████▏   | 467/750 [00:32<00:02, 103.01it/s]
Loading weights:  65%|██████▌   | 489/750 [00:32<00:02, 124.10it/s]
Loading weights:  67%|██████▋   | 504/750 [00:32<00:01, 128.73it/s]
Loading weights:  70%|███████   | 525/750 [00:32<00:01, 142.71it/s]
Loading weights:  73%|███████▎  | 545/750 [00:32<00:01, 150.83it/s]
Loading weights:  75%|███████▍  | 561/750 [00:32<00:01, 152.29it/s]
Loading weights:  78%|███████▊  | 583/750 [00:32<00:01, 165.96it/s]
Loading weights:  80%|████████  | 601/750 [00:32<00:00, 163.41it/s]
Loading weights:  83%|████████▎ | 621/750 [00:32<00:00, 168.89it/s]
Loading weights:  86%|████████▌ | 643/750 [00:33<00:00, 166.68it/s]
Loading weights:  89%|████████▉ | 667/750 [00:33<00:00, 184.25it/s]
Loading weights:  91%|█████████▏| 686/750 [00:33<00:00, 178.71it/s]
Loading weights:  94%|█████████▍| 705/750 [00:33<00:00, 177.91it/s]
Loading weights:  97%|█████████▋| 724/750 [00:33<00:00, 150.26it/s]
Loading weights:  99%|█████████▊| 740/750 [00:33<00:00, 88.10it/s]
Loading weights: 100%|██████████| 750/750 [00:34<00:00, 21.98it/s]
trainable params: 43,646,976 || all params: 8,810,770,672 || trainable%: 0.4954
usable (<= 2048 tok): 180
warmup_ratio is deprecated and will be removed in v5.2. Use `warmup_steps` instead.

  0%|          | 0/69 [00:00<?, ?it/s]`use_cache=True` is incompatible with gradient checkpointing. Setting `use_cache=False`.

  1%|▏         | 1/69 [00:07<08:38,  7.62s/it]
  3%|▎         | 2/69 [00:13<07:32,  6.75s/it]
  4%|▍         | 3/69 [00:20<07:12,  6.56s/it]
  6%|▌         | 4/69 [00:26<06:54,  6.37s/it]
  7%|▋         | 5/69 [00:32<06:57,  6.53s/it]


  7%|▋         | 5/69 [00:32<06:57,  6.53s/it]
  9%|▊         | 6/69 [00:39<06:48,  6.49s/it]
 10%|█         | 7/69 [00:45<06:44,  6.52s/it]
 12%|█▏        | 8/69 [00:52<06:44,  6.64s/it]
 13%|█▎        | 9/69 [00:59<06:29,  6.50s/it]
 14%|█▍        | 10/69 [01:05<06:14,  6.35s/it]


 14%|█▍        | 10/69 [01:05<06:14,  6.35s/it]
 16%|█▌        | 11/69 [01:12<06:26,  6.67s/it]
 17%|█▋        | 12/69 [01:18<06:10,  6.49s/it]
 19%|█▉        | 13/69 [01:25<06:13,  6.67s/it]
 20%|██        | 14/69 [01:32<06:08,  6.70s/it]
 22%|██▏       | 15/69 [01:38<05:52,  6.53s/it]


 22%|██▏       | 15/69 [01:38<05:52,  6.53s/it]
 23%|██▎       | 16/69 [01:44<05:41,  6.44s/it]
 25%|██▍       | 17/69 [01:50<05:27,  6.31s/it]
 26%|██▌       | 18/69 [01:57<05:25,  6.38s/it]
 28%|██▊       | 19/69 [02:03<05:21,  6.43s/it]
 29%|██▉       | 20/69 [02:10<05:17,  6.47s/it]


 29%|██▉       | 20/69 [02:10<05:17,  6.47s/it]
 30%|███       | 21/69 [02:16<05:06,  6.39s/it]
 32%|███▏      | 22/69 [02:23<05:06,  6.52s/it]
 33%|███▎      | 23/69 [02:26<04:16,  5.59s/it]{'loss': '1.4', 'grad_norm': '0.2277', 'learning_rate': '0.0001', 'epoch': '0.2222'}
{'loss': '0.5857', 'grad_norm': '0.119', 'learning_rate': '9.855e-05', 'epoch': '0.4444'}
{'loss': '0.2728', 'grad_norm': '0.08519', 'learning_rate': '9.427e-05', 'epoch': '0.6667'}
{'loss': '0.1456', 'grad_norm': '0.0707', 'learning_rate': '8.743e-05', 'epoch': '0.8889'}

 35%|███▍      | 24/69 [02:32<04:18,  5.75s/it]
 36%|███▌      | 25/69 [02:40<04:37,  6.30s/it]


 36%|███▌      | 25/69 [02:40<04:37,  6.30s/it]
 38%|███▊      | 26/69 [02:46<04:26,  6.19s/it]
 39%|███▉      | 27/69 [02:52<04:21,  6.22s/it]
 41%|████      | 28/69 [02:58<04:13,  6.19s/it]
 42%|████▏     | 29/69 [03:05<04:12,  6.30s/it]
 43%|████▎     | 30/69 [03:11<04:02,  6.23s/it]


 43%|████▎     | 30/69 [03:11<04:02,  6.23s/it]
 45%|████▍     | 31/69 [03:18<04:00,  6.32s/it]
 46%|████▋     | 32/69 [03:24<03:56,  6.39s/it]
 48%|████▊     | 33/69 [03:31<03:51,  6.44s/it]
 49%|████▉     | 34/69 [03:37<03:43,  6.39s/it]
 51%|█████     | 35/69 [03:44<03:39,  6.46s/it]


 51%|█████     | 35/69 [03:44<03:39,  6.46s/it]
 52%|█████▏    | 36/69 [03:50<03:35,  6.52s/it]
 54%|█████▎    | 37/69 [03:58<03:36,  6.75s/it]
 55%|█████▌    | 38/69 [04:04<03:26,  6.67s/it]
 57%|█████▋    | 39/69 [04:10<03:17,  6.60s/it]
 58%|█████▊    | 40/69 [04:17<03:11,  6.61s/it]


 58%|█████▊    | 40/69 [04:17<03:11,  6.61s/it]
 59%|█████▉    | 41/69 [04:23<03:00,  6.44s/it]
 61%|██████    | 42/69 [04:29<02:51,  6.34s/it]
 62%|██████▏   | 43/69 [04:36<02:47,  6.44s/it]
 64%|██████▍   | 44/69 [04:42<02:41,  6.47s/it]
 65%|██████▌   | 45/69 [04:49<02:34,  6.42s/it]


 65%|██████▌   | 45/69 [04:49<02:34,  6.42s/it]
 67%|██████▋   | 46/69 [04:53<02:10,  5.66s/it]{'loss': '0.09818', 'grad_norm': '0.03974', 'learning_rate': '7.84e-05', 'epoch': '1.089'}
{'loss': '0.05712', 'grad_norm': '0.03106', 'learning_rate': '6.773e-05', 'epoch': '1.311'}
{'loss': '0.07308', 'grad_norm': '0.05106', 'learning_rate': '5.603e-05', 'epoch': '1.533'}
{'loss': '0.05799', 'grad_norm': '0.06931', 'learning_rate': '4.397e-05', 'epoch': '1.756'}
{'loss': '0.04436', 'grad_norm': '0.04204', 'learning_rate': '3.227e-05', 'epoch': '1.978'}

 68%|██████▊   | 47/69 [05:00<02:12,  6.04s/it]
 70%|██████▉   | 48/69 [05:06<02:07,  6.09s/it]
 71%|███████   | 49/69 [05:13<02:05,  6.30s/it]
 72%|███████▏  | 50/69 [05:19<01:58,  6.23s/it]


 72%|███████▏  | 50/69 [05:19<01:58,  6.23s/it]
 74%|███████▍  | 51/69 [05:26<01:56,  6.50s/it]
 75%|███████▌  | 52/69 [05:32<01:51,  6.55s/it]
 77%|███████▋  | 53/69 [05:39<01:45,  6.62s/it]
 78%|███████▊  | 54/69 [05:46<01:38,  6.56s/it]
 80%|███████▉  | 55/69 [05:52<01:31,  6.54s/it]


 80%|███████▉  | 55/69 [05:52<01:31,  6.54s/it]
 81%|████████  | 56/69 [05:59<01:24,  6.51s/it]
 83%|████████▎ | 57/69 [06:05<01:18,  6.53s/it]
 84%|████████▍ | 58/69 [06:11<01:10,  6.43s/it]
 86%|████████▌ | 59/69 [06:18<01:06,  6.62s/it]
 87%|████████▋ | 60/69 [06:24<00:57,  6.41s/it]


 87%|████████▋ | 60/69 [06:24<00:57,  6.41s/it]
 88%|████████▊ | 61/69 [06:31<00:50,  6.36s/it]
 90%|████████▉ | 62/69 [06:37<00:44,  6.43s/it]
 91%|█████████▏| 63/69 [06:43<00:38,  6.39s/it]
 93%|█████████▎| 64/69 [06:50<00:32,  6.46s/it]
 94%|█████████▍| 65/69 [06:56<00:25,  6.41s/it]


 94%|█████████▍| 65/69 [06:56<00:25,  6.41s/it]
 96%|█████████▌| 66/69 [07:03<00:19,  6.40s/it]
 97%|█████████▋| 67/69 [07:09<00:12,  6.38s/it]
 99%|█████████▊| 68/69 [07:15<00:06,  6.35s/it]
100%|██████████| 69/69 [07:19<00:00,  5.45s/it]


100%|██████████| 69/69 [07:19<00:00,  5.45s/it]
100%|██████████| 69/69 [07:19<00:00,  6.37s/it]
{'loss': '0.05776', 'grad_norm': '0.03599', 'learning_rate': '2.16e-05', 'epoch': '2.178'}
{'loss': '0.04949', 'grad_norm': '0.02362', 'learning_rate': '1.257e-05', 'epoch': '2.4'}
{'loss': '0.04606', 'grad_norm': '0.02959', 'learning_rate': '5.727e-06', 'epoch': '2.622'}
{'loss': '0.04796', 'grad_norm': '0.02318', 'learning_rate': '1.453e-06', 'epoch': '2.844'}
{'train_runtime': '439.2', 'train_samples_per_second': '1.229', 'train_steps_per_second': '0.157', 'train_loss': '0.2149', 'epoch': '3'}
SAVED LoRA adapter -> data/distill/poc/lora_8b_finqa_b2
