[wandb] disabled: module 'wandb' has no attribute 'init'

Loading weights:   0%|          | 0/1058 [00:00<?, ?it/s]
Loading weights:   0%|          | 1/1058 [00:02<49:40,  2.82s/it]
Loading weights:   0%|          | 2/1058 [00:06<53:31,  3.04s/it]
Loading weights:   0%|          | 4/1058 [00:06<23:50,  1.36s/it]
Loading weights:   0%|          | 5/1058 [00:07<19:40,  1.12s/it]
Loading weights:   1%|          | 6/1058 [00:07<16:23,  1.07it/s]
Loading weights:   1%|          | 10/1058 [00:08<06:32,  2.67it/s]
Loading weights:   1%|          | 12/1058 [00:08<04:56,  3.53it/s]
Loading weights:   1%|▏         | 15/1058 [00:08<04:15,  4.09it/s]
Loading weights:   2%|▏         | 16/1058 [00:09<05:08,  3.38it/s]
Loading weights:   2%|▏         | 17/1058 [00:09<06:14,  2.78it/s]
Loading weights:   2%|▏         | 21/1058 [00:10<03:31,  4.90it/s]
Loading weights:   2%|▏         | 23/1058 [00:10<03:00,  5.73it/s]
Loading weights:   2%|▏         | 26/1058 [00:10<03:00,  5.72it/s]
Loading weights:   3%|▎         | 27/1058 [00:11<03:51,  4.45it/s]
Loading weights:   3%|▎         | 28/1058 [00:12<04:56,  3.48it/s]
Loading weights:   3%|▎         | 32/1058 [00:12<02:52,  5.94it/s]
Loading weights:   3%|▎         | 34/1058 [00:12<02:31,  6.78it/s]
Loading weights:   3%|▎         | 37/1058 [00:13<02:53,  5.89it/s]
Loading weights:   4%|▎         | 38/1058 [00:13<03:53,  4.37it/s]
Loading weights:   4%|▎         | 39/1058 [00:14<04:45,  3.56it/s]
Loading weights:   4%|▍         | 43/1058 [00:14<02:49,  6.00it/s]
Loading weights:   4%|▍         | 45/1058 [00:14<02:29,  6.77it/s]
Loading weights:   5%|▍         | 48/1058 [00:15<02:43,  6.19it/s]
Loading weights:   5%|▍         | 49/1058 [00:15<03:40,  4.57it/s]
Loading weights:   5%|▍         | 50/1058 [00:16<04:51,  3.46it/s]
Loading weights:   5%|▌         | 54/1058 [00:16<02:50,  5.88it/s]
Loading weights:   5%|▌         | 56/1058 [00:16<02:31,  6.62it/s]
Loading weights:   6%|▌         | 59/1058 [00:17<02:45,  6.03it/s]
Loading weights:   6%|▌         | 60/1058 [00:17<03:39,  4.54it/s]
Loading weights:   6%|▌         | 61/1058 [00:18<04:34,  3.63it/s]
Loading weights:   6%|▌         | 65/1058 [00:18<02:41,  6.16it/s]
Loading weights:   6%|▋         | 67/1058 [00:18<02:23,  6.91it/s]
Loading weights:   7%|▋         | 70/1058 [00:19<02:49,  5.83it/s]
Loading weights:   7%|▋         | 71/1058 [00:19<03:50,  4.29it/s]
Loading weights:   7%|▋         | 72/1058 [00:20<04:51,  3.38it/s]
Loading weights:   7%|▋         | 76/1058 [00:20<02:49,  5.79it/s]
Loading weights:   7%|▋         | 78/1058 [00:20<02:25,  6.72it/s]
Loading weights:   8%|▊         | 81/1058 [00:21<02:35,  6.29it/s]
Loading weights:   8%|▊         | 82/1058 [00:21<03:23,  4.80it/s]
Loading weights:   8%|▊         | 83/1058 [00:22<04:15,  3.82it/s]
Loading weights:   8%|▊         | 87/1058 [00:22<02:34,  6.30it/s]
Loading weights:   8%|▊         | 89/1058 [00:22<02:18,  7.00it/s]
Loading weights:   9%|▊         | 92/1058 [00:23<02:31,  6.36it/s]
Loading weights:   9%|▉         | 93/1058 [00:23<03:21,  4.78it/s]
Loading weights:   9%|▉         | 94/1058 [00:24<04:18,  3.73it/s]
Loading weights:   9%|▉         | 98/1058 [00:24<02:41,  5.94it/s]
Loading weights:   9%|▉         | 100/1058 [00:25<02:39,  5.99it/s]
Loading weights:  10%|▉         | 103/1058 [00:25<02:54,  5.46it/s]
Loading weights:  10%|▉         | 104/1058 [00:26<03:48,  4.17it/s]
Loading weights:  10%|▉         | 105/1058 [00:26<04:32,  3.50it/s]
Loading weights:  10%|█         | 109/1058 [00:26<02:39,  5.94it/s]
Loading weights:  10%|█         | 111/1058 [00:27<02:17,  6.87it/s]
Loading weights:  11%|█         | 114/1058 [00:27<02:27,  6.39it/s]
Loading weights:  11%|█         | 115/1058 [00:28<03:17,  4.78it/s]
Loading weights:  11%|█         | 116/1058 [00:28<04:11,  3.74it/s]
Loading weights:  11%|█▏        | 120/1058 [00:28<02:27,  6.36it/s]
Loading weights:  12%|█▏        | 122/1058 [00:29<02:08,  7.28it/s]
Loading weights:  12%|█▏        | 125/1058 [00:29<02:21,  6.61it/s]
Loading weights:  12%|█▏        | 126/1058 [00:30<03:09,  4.92it/s]
Loading weights:  12%|█▏        | 127/1058 [00:30<03:59,  3.89it/s]
Loading weights:  12%|█▏        | 131/1058 [00:30<02:22,  6.51it/s]
Loading weights:  13%|█▎        | 133/1058 [00:30<02:04,  7.41it/s]
Loading weights:  13%|█▎        | 136/1058 [00:31<02:18,  6.68it/s]
Loading weights:  13%|█▎        | 137/1058 [00:32<03:06,  4.93it/s]
Loading weights:  13%|█▎        | 138/1058 [00:32<04:09,  3.69it/s]
Loading weights:  13%|█▎        | 142/1058 [00:32<02:26,  6.25it/s]
Loading weights:  14%|█▎        | 144/1058 [00:32<02:09,  7.07it/s]
Loading weights:  14%|█▍        | 147/1058 [00:33<02:20,  6.47it/s]
Loading weights:  14%|█▍        | 148/1058 [00:34<03:12,  4.72it/s]
Loading weights:  14%|█▍        | 149/1058 [00:34<04:01,  3.77it/s]
Loading weights:  14%|█▍        | 153/1058 [00:34<02:21,  6.39it/s]
Loading weights:  15%|█▍        | 155/1058 [00:34<02:03,  7.32it/s]
Loading weights:  15%|█▍        | 158/1058 [00:35<02:15,  6.62it/s]
Loading weights:  15%|█▌        | 159/1058 [00:36<03:08,  4.78it/s]
Loading weights:  15%|█▌        | 160/1058 [00:36<03:57,  3.78it/s]
Loading weights:  16%|█▌        | 164/1058 [00:36<02:22,  6.25it/s]
Loading weights:  16%|█▌        | 166/1058 [00:36<02:08,  6.95it/s]
Loading weights:  16%|█▌        | 169/1058 [00:37<02:21,  6.26it/s]
Loading weights:  16%|█▌        | 170/1058 [00:38<03:15,  4.54it/s]
Loading weights:  16%|█▌        | 171/1058 [00:38<04:23,  3.37it/s]
Loading weights:  17%|█▋        | 175/1058 [00:38<02:38,  5.56it/s]
Loading weights:  17%|█▋        | 177/1058 [00:39<02:19,  6.33it/s]
Loading weights:  17%|█▋        | 180/1058 [00:39<02:26,  6.01it/s]
Loading weights:  17%|█▋        | 181/1058 [00:40<03:10,  4.60it/s]
Loading weights:  17%|█▋        | 182/1058 [00:40<04:06,  3.56it/s]
Loading weights:  18%|█▊        | 186/1058 [00:41<02:25,  6.01it/s]
Loading weights:  18%|█▊        | 188/1058 [00:41<02:04,  6.96it/s]
Loading weights:  18%|█▊        | 191/1058 [00:41<02:17,  6.30it/s]
Loading weights:  18%|█▊        | 192/1058 [00:42<03:04,  4.71it/s]
Loading weights:  18%|█▊        | 193/1058 [00:42<03:47,  3.80it/s]
Loading weights:  19%|█▊        | 197/1058 [00:42<02:14,  6.41it/s]
Loading weights:  19%|█▉        | 199/1058 [00:43<01:58,  7.26it/s]
Loading weights:  19%|█▉        | 202/1058 [00:43<02:18,  6.18it/s]
Loading weights:  19%|█▉        | 203/1058 [00:44<03:01,  4.72it/s]
Loading weights:  19%|█▉        | 204/1058 [00:44<03:44,  3.80it/s]
Loading weights:  20%|█▉        | 208/1058 [00:44<02:11,  6.44it/s]
Loading weights:  20%|█▉        | 210/1058 [00:45<01:54,  7.39it/s]
Loading weights:  20%|██        | 213/1058 [00:45<02:08,  6.57it/s]
Loading weights:  20%|██        | 214/1058 [00:46<02:50,  4.94it/s]
Loading weights:  20%|██        | 215/1058 [00:46<03:33,  3.95it/s]
Loading weights:  21%|██        | 219/1058 [00:46<02:06,  6.65it/s]
Loading weights:  21%|██        | 221/1058 [00:47<01:51,  7.51it/s]
Loading weights:  21%|██        | 224/1058 [00:47<02:06,  6.57it/s]
Loading weights:  21%|██▏       | 225/1058 [00:48<02:48,  4.94it/s]
Loading weights:  21%|██▏       | 226/1058 [00:48<03:30,  3.95it/s]
Loading weights:  22%|██▏       | 230/1058 [00:48<02:04,  6.67it/s]
Loading weights:  22%|██▏       | 232/1058 [00:48<01:48,  7.60it/s]
Loading weights:  22%|██▏       | 235/1058 [00:49<02:02,  6.73it/s]
Loading weights:  22%|██▏       | 236/1058 [00:49<02:45,  4.97it/s]
Loading weights:  22%|██▏       | 237/1058 [00:50<03:27,  3.95it/s]
Loading weights:  23%|██▎       | 241/1058 [00:50<02:04,  6.56it/s]
Loading weights:  23%|██▎       | 243/1058 [00:50<01:49,  7.47it/s]
Loading weights:  23%|██▎       | 246/1058 [00:51<02:03,  6.56it/s]
Loading weights:  23%|██▎       | 247/1058 [00:51<02:44,  4.92it/s]
Loading weights:  23%|██▎       | 248/1058 [00:52<03:26,  3.93it/s]
Loading weights:  24%|██▍       | 252/1058 [00:52<02:01,  6.64it/s]
Loading weights:  24%|██▍       | 254/1058 [00:52<01:46,  7.55it/s]
Loading weights:  24%|██▍       | 257/1058 [00:53<01:59,  6.72it/s]
Loading weights:  24%|██▍       | 258/1058 [00:53<02:39,  5.01it/s]
Loading weights:  24%|██▍       | 259/1058 [00:54<03:21,  3.97it/s]
Loading weights:  25%|██▍       | 263/1058 [00:54<01:58,  6.70it/s]
Loading weights:  25%|██▌       | 265/1058 [00:54<01:44,  7.62it/s]
Loading weights:  25%|██▌       | 268/1058 [00:55<01:55,  6.82it/s]
Loading weights:  25%|██▌       | 269/1058 [00:55<02:36,  5.04it/s]
Loading weights:  26%|██▌       | 270/1058 [00:56<03:18,  3.97it/s]
Loading weights:  26%|██▌       | 274/1058 [00:56<01:57,  6.64it/s]
Loading weights:  26%|██▌       | 276/1058 [00:56<01:43,  7.54it/s]
Loading weights:  26%|██▋       | 279/1058 [00:56<01:54,  6.78it/s]
Loading weights:  26%|██▋       | 280/1058 [00:57<02:34,  5.05it/s]
Loading weights:  27%|██▋       | 281/1058 [00:57<03:15,  3.98it/s]
Loading weights:  27%|██▋       | 285/1058 [00:58<01:55,  6.70it/s]
Loading weights:  27%|██▋       | 287/1058 [00:58<01:41,  7.59it/s]
Loading weights:  27%|██▋       | 290/1058 [00:58<01:52,  6.82it/s]
Loading weights:  28%|██▊       | 291/1058 [00:59<02:31,  5.05it/s]
Loading weights:  28%|██▊       | 292/1058 [00:59<03:11,  4.00it/s]
Loading weights:  28%|██▊       | 296/1058 [01:00<01:53,  6.72it/s]
Loading weights:  28%|██▊       | 298/1058 [01:00<01:39,  7.63it/s]
Loading weights:  28%|██▊       | 301/1058 [01:00<01:50,  6.83it/s]
Loading weights:  29%|██▊       | 302/1058 [01:01<02:32,  4.97it/s]
Loading weights:  29%|██▊       | 303/1058 [01:01<03:11,  3.95it/s]
Loading weights:  29%|██▉       | 307/1058 [01:02<02:02,  6.14it/s]
Loading weights:  29%|██▉       | 309/1058 [01:02<01:49,  6.82it/s]
Loading weights:  29%|██▉       | 312/1058 [01:02<02:03,  6.06it/s]
Loading weights:  30%|██▉       | 313/1058 [01:03<02:39,  4.68it/s]
Loading weights:  30%|██▉       | 314/1058 [01:03<03:22,  3.67it/s]
Loading weights:  30%|███       | 318/1058 [01:04<02:03,  5.99it/s]
Loading weights:  30%|███       | 320/1058 [01:04<01:46,  6.93it/s]
Loading weights:  31%|███       | 323/1058 [01:04<02:01,  6.07it/s]
Loading weights:  31%|███       | 324/1058 [01:05<02:41,  4.56it/s]
Loading weights:  31%|███       | 325/1058 [01:05<03:19,  3.67it/s]
Loading weights:  31%|███       | 329/1058 [01:06<01:57,  6.22it/s]
Loading weights:  31%|███▏      | 331/1058 [01:06<01:42,  7.09it/s]
Loading weights:  32%|███▏      | 334/1058 [01:06<01:55,  6.29it/s]
Loading weights:  32%|███▏      | 335/1058 [01:08<04:31,  2.66it/s]
Loading weights:  32%|███▏      | 336/1058 [01:09<04:58,  2.42it/s]
Loading weights:  32%|███▏      | 340/1058 [01:09<02:45,  4.34it/s]
Loading weights:  32%|███▏      | 342/1058 [01:09<02:17,  5.22it/s]
Loading weights:  33%|███▎      | 345/1058 [01:09<02:11,  5.41it/s]
Loading weights:  33%|███▎      | 346/1058 [01:10<02:44,  4.33it/s]
Loading weights:  33%|███▎      | 347/1058 [01:11<03:25,  3.47it/s]
Loading weights:  33%|███▎      | 351/1058 [01:11<01:58,  5.96it/s]
Loading weights:  33%|███▎      | 353/1058 [01:11<01:42,  6.90it/s]
Loading weights:  34%|███▎      | 356/1058 [01:11<01:49,  6.43it/s]
Loading weights:  34%|███▎      | 357/1058 [01:12<02:24,  4.85it/s]
Loading weights:  34%|███▍      | 358/1058 [01:12<03:00,  3.87it/s]
Loading weights:  34%|███▍      | 362/1058 [01:13<01:47,  6.48it/s]
Loading weights:  34%|███▍      | 364/1058 [01:13<01:33,  7.40it/s]
Loading weights:  35%|███▍      | 367/1058 [01:13<01:48,  6.37it/s]
Loading weights:  35%|███▍      | 368/1058 [01:14<02:25,  4.75it/s]
Loading weights:  35%|███▍      | 369/1058 [01:14<03:01,  3.79it/s]
Loading weights:  35%|███▌      | 373/1058 [01:15<01:46,  6.44it/s]
Loading weights:  35%|███▌      | 375/1058 [01:15<01:32,  7.37it/s]
Loading weights:  36%|███▌      | 378/1058 [01:15<01:43,  6.55it/s]
Loading weights:  36%|███▌      | 379/1058 [01:16<02:29,  4.53it/s]
Loading weights:  36%|███▌      | 380/1058 [01:17<03:20,  3.38it/s]
Loading weights:  36%|███▋      | 384/1058 [01:17<01:58,  5.70it/s]
Loading weights:  36%|███▋      | 386/1058 [01:17<01:43,  6.46it/s]
Loading weights:  37%|███▋      | 389/1058 [01:18<01:50,  6.03it/s]
Loading weights:  37%|███▋      | 390/1058 [01:18<02:25,  4.58it/s]
Loading weights:  37%|███▋      | 391/1058 [01:19<03:03,  3.64it/s]
Loading weights:  37%|███▋      | 395/1058 [01:19<01:49,  6.05it/s]
Loading weights:  38%|███▊      | 397/1058 [01:19<01:36,  6.83it/s]
Loading weights:  38%|███▊      | 400/1058 [01:20<01:49,  6.04it/s]
Loading weights:  38%|███▊      | 401/1058 [01:20<02:46,  3.94it/s]
Loading weights:  38%|███▊      | 402/1058 [01:21<03:26,  3.18it/s]
Loading weights:  38%|███▊      | 406/1058 [01:21<02:00,  5.43it/s]
Loading weights:  39%|███▊      | 408/1058 [01:21<01:44,  6.21it/s]
Loading weights:  39%|███▉      | 411/1058 [01:22<01:58,  5.45it/s]
Loading weights:  39%|███▉      | 412/1058 [01:23<02:30,  4.28it/s]
Loading weights:  39%|███▉      | 413/1058 [01:23<03:02,  3.53it/s]
Loading weights:  39%|███▉      | 417/1058 [01:23<01:47,  5.97it/s]
Loading weights:  40%|███▉      | 419/1058 [01:23<01:33,  6.82it/s]
Loading weights:  40%|███▉      | 422/1058 [01:24<01:41,  6.25it/s]
Loading weights:  40%|███▉      | 423/1058 [01:25<02:13,  4.74it/s]
Loading weights:  40%|████      | 424/1058 [01:25<02:47,  3.78it/s]
Loading weights:  40%|████      | 428/1058 [01:25<01:39,  6.34it/s]
Loading weights:  41%|████      | 430/1058 [01:25<01:26,  7.25it/s]
Loading weights:  41%|████      | 433/1058 [01:26<01:35,  6.57it/s]
Loading weights:  41%|████      | 434/1058 [01:26<02:07,  4.90it/s]
Loading weights:  41%|████      | 435/1058 [01:27<02:40,  3.89it/s]
Loading weights:  41%|████▏     | 439/1058 [01:27<01:34,  6.57it/s]
Loading weights:  42%|████▏     | 441/1058 [01:27<01:23,  7.39it/s]
Loading weights:  42%|████▏     | 444/1058 [01:28<01:35,  6.42it/s]
Loading weights:  42%|████▏     | 445/1058 [01:28<02:06,  4.85it/s]
Loading weights:  42%|████▏     | 446/1058 [01:29<02:41,  3.80it/s]
Loading weights:  43%|████▎     | 450/1058 [01:29<01:35,  6.40it/s]
Loading weights:  43%|████▎     | 452/1058 [01:29<01:23,  7.28it/s]
Loading weights:  43%|████▎     | 455/1058 [01:30<01:30,  6.65it/s]
Loading weights:  43%|████▎     | 456/1058 [01:30<02:01,  4.95it/s]
Loading weights:  43%|████▎     | 457/1058 [01:31<02:32,  3.93it/s]
Loading weights:  44%|████▎     | 461/1058 [01:31<01:29,  6.64it/s]
Loading weights:  44%|████▍     | 463/1058 [01:31<01:18,  7.55it/s]
Loading weights:  44%|████▍     | 466/1058 [01:32<01:28,  6.69it/s]
Loading weights:  44%|████▍     | 467/1058 [01:32<01:58,  4.97it/s]
Loading weights:  44%|████▍     | 468/1058 [01:33<02:30,  3.92it/s]
Loading weights:  45%|████▍     | 472/1058 [01:33<01:29,  6.54it/s]
Loading weights:  45%|████▍     | 474/1058 [01:33<01:18,  7.46it/s]
Loading weights:  45%|████▌     | 477/1058 [01:34<01:27,  6.65it/s]
Loading weights:  45%|████▌     | 478/1058 [01:34<01:58,  4.91it/s]
Loading weights:  45%|████▌     | 479/1058 [01:35<02:30,  3.86it/s]
Loading weights:  46%|████▌     | 483/1058 [01:35<01:28,  6.51it/s]
Loading weights:  46%|████▌     | 485/1058 [01:35<01:17,  7.39it/s]
Loading weights:  46%|████▌     | 488/1058 [01:36<01:25,  6.63it/s]
Loading weights:  46%|████▌     | 489/1058 [01:36<01:58,  4.80it/s]
Loading weights:  46%|████▋     | 490/1058 [01:37<03:02,  3.10it/s]
Loading weights:  47%|████▋     | 494/1058 [01:37<01:47,  5.27it/s]
Loading weights:  47%|████▋     | 496/1058 [01:37<01:32,  6.05it/s]
Loading weights:  47%|████▋     | 499/1058 [01:38<01:38,  5.67it/s]
Loading weights:  47%|████▋     | 500/1058 [01:39<02:06,  4.40it/s]
Loading weights:  47%|████▋     | 501/1058 [01:39<02:37,  3.53it/s]
Loading weights:  48%|████▊     | 505/1058 [01:39<01:31,  6.03it/s]
Loading weights:  48%|████▊     | 507/1058 [01:39<01:18,  6.98it/s]
Loading weights:  48%|████▊     | 510/1058 [01:40<01:24,  6.46it/s]
Loading weights:  48%|████▊     | 511/1058 [01:40<01:53,  4.80it/s]
Loading weights:  48%|████▊     | 512/1058 [01:41<02:21,  3.85it/s]
Loading weights:  49%|████▉     | 516/1058 [01:41<01:23,  6.52it/s]
Loading weights:  49%|████▉     | 518/1058 [01:41<01:12,  7.45it/s]
Loading weights:  49%|████▉     | 521/1058 [01:42<01:19,  6.77it/s]
Loading weights:  49%|████▉     | 522/1058 [01:42<01:51,  4.80it/s]
Loading weights:  49%|████▉     | 523/1058 [01:43<02:24,  3.69it/s]
Loading weights:  50%|████▉     | 527/1058 [01:43<01:24,  6.28it/s]
Loading weights:  50%|█████     | 529/1058 [01:43<01:13,  7.19it/s]
Loading weights:  50%|█████     | 532/1058 [01:44<01:20,  6.57it/s]
Loading weights:  50%|█████     | 533/1058 [01:44<01:48,  4.85it/s]
Loading weights:  50%|█████     | 534/1058 [01:45<02:17,  3.82it/s]
Loading weights:  51%|█████     | 538/1058 [01:45<01:20,  6.44it/s]
Loading weights:  51%|█████     | 540/1058 [01:45<01:10,  7.35it/s]
Loading weights:  51%|█████▏    | 543/1058 [01:46<01:17,  6.61it/s]
Loading weights:  51%|█████▏    | 544/1058 [01:46<01:43,  4.96it/s]
Loading weights:  52%|█████▏    | 545/1058 [01:47<02:11,  3.89it/s]
Loading weights:  52%|█████▏    | 549/1058 [01:47<01:17,  6.59it/s]
Loading weights:  52%|█████▏    | 551/1058 [01:47<01:07,  7.51it/s]
Loading weights:  52%|█████▏    | 554/1058 [01:48<01:14,  6.78it/s]
Loading weights:  52%|█████▏    | 555/1058 [01:48<01:40,  5.01it/s]
Loading weights:  53%|█████▎    | 556/1058 [01:49<02:05,  3.99it/s]
Loading weights:  53%|█████▎    | 560/1058 [01:49<01:14,  6.69it/s]
Loading weights:  53%|█████▎    | 562/1058 [01:49<01:05,  7.62it/s]
Loading weights:  53%|█████▎    | 565/1058 [01:50<01:12,  6.83it/s]
Loading weights:  53%|█████▎    | 566/1058 [01:50<01:37,  5.04it/s]
Loading weights:  54%|█████▎    | 567/1058 [01:51<02:03,  3.97it/s]
Loading weights:  54%|█████▍    | 571/1058 [01:51<01:13,  6.66it/s]
Loading weights:  54%|█████▍    | 573/1058 [01:51<01:03,  7.59it/s]
Loading weights:  54%|█████▍    | 576/1058 [01:51<01:10,  6.81it/s]
Loading weights:  55%|█████▍    | 577/1058 [01:52<01:36,  5.01it/s]
Loading weights:  55%|█████▍    | 578/1058 [01:52<02:03,  3.88it/s]
Loading weights:  55%|█████▌    | 582/1058 [01:53<01:13,  6.50it/s]
Loading weights:  55%|█████▌    | 584/1058 [01:53<01:04,  7.33it/s]
Loading weights:  55%|█████▌    | 587/1058 [01:53<01:10,  6.66it/s]
Loading weights:  56%|█████▌    | 588/1058 [01:54<01:35,  4.93it/s]
Loading weights:  56%|█████▌    | 589/1058 [01:54<02:02,  3.84it/s]
Loading weights:  56%|█████▌    | 593/1058 [01:55<01:12,  6.44it/s]
Loading weights:  56%|█████▌    | 595/1058 [01:55<01:03,  7.24it/s]
Loading weights:  57%|█████▋    | 598/1058 [01:55<01:11,  6.44it/s]
Loading weights:  57%|█████▋    | 599/1058 [01:56<01:37,  4.73it/s]
Loading weights:  57%|█████▋    | 600/1058 [01:56<02:01,  3.75it/s]
Loading weights:  57%|█████▋    | 604/1058 [01:57<01:12,  6.30it/s]
Loading weights:  57%|█████▋    | 606/1058 [01:57<01:03,  7.16it/s]
Loading weights:  58%|█████▊    | 609/1058 [01:57<01:09,  6.45it/s]
Loading weights:  58%|█████▊    | 610/1058 [01:58<01:34,  4.75it/s]
Loading weights:  58%|█████▊    | 611/1058 [01:58<01:59,  3.74it/s]
Loading weights:  58%|█████▊    | 615/1058 [01:59<01:09,  6.37it/s]
Loading weights:  58%|█████▊    | 617/1058 [01:59<01:01,  7.21it/s]
Loading weights:  59%|█████▊    | 620/1058 [01:59<01:09,  6.34it/s]
Loading weights:  59%|█████▊    | 621/1058 [02:00<01:31,  4.75it/s]
Loading weights:  59%|█████▉    | 622/1058 [02:00<01:56,  3.73it/s]
Loading weights:  59%|█████▉    | 626/1058 [02:01<01:08,  6.32it/s]
Loading weights:  59%|█████▉    | 628/1058 [02:01<01:01,  6.98it/s]
Loading weights:  60%|█████▉    | 631/1058 [02:01<01:05,  6.48it/s]
Loading weights:  60%|█████▉    | 632/1058 [02:02<01:29,  4.74it/s]
Loading weights:  60%|█████▉    | 633/1058 [02:02<01:51,  3.80it/s]
Loading weights:  60%|██████    | 637/1058 [02:03<01:06,  6.35it/s]
Loading weights:  60%|██████    | 639/1058 [02:03<00:58,  7.16it/s]
Loading weights:  61%|██████    | 642/1058 [02:03<01:06,  6.27it/s]
Loading weights:  61%|██████    | 643/1058 [02:04<01:29,  4.64it/s]
Loading weights:  61%|██████    | 644/1058 [02:04<01:52,  3.67it/s]
Loading weights:  61%|██████    | 648/1058 [02:05<01:06,  6.18it/s]
Loading weights:  61%|██████▏   | 650/1058 [02:05<00:58,  7.03it/s]
Loading weights:  62%|██████▏   | 653/1058 [02:05<01:04,  6.33it/s]
Loading weights:  62%|██████▏   | 654/1058 [02:06<01:27,  4.63it/s]
Loading weights:  62%|██████▏   | 655/1058 [02:06<01:49,  3.66it/s]
Loading weights:  62%|██████▏   | 659/1058 [02:07<01:04,  6.16it/s]
Loading weights:  62%|██████▏   | 661/1058 [02:07<00:56,  7.00it/s]
Loading weights:  63%|██████▎   | 664/1058 [02:07<01:02,  6.29it/s]
Loading weights:  63%|██████▎   | 665/1058 [02:08<01:25,  4.59it/s]
Loading weights:  63%|██████▎   | 666/1058 [02:08<01:48,  3.63it/s]
Loading weights:  63%|██████▎   | 670/1058 [02:09<01:03,  6.12it/s]
Loading weights:  64%|██████▎   | 672/1058 [02:09<00:55,  6.97it/s]
Loading weights:  64%|██████▍   | 675/1058 [02:09<01:01,  6.25it/s]
Loading weights:  64%|██████▍   | 676/1058 [02:10<01:22,  4.61it/s]
Loading weights:  64%|██████▍   | 677/1058 [02:11<01:45,  3.63it/s]
Loading weights:  64%|██████▍   | 681/1058 [02:11<01:01,  6.10it/s]
Loading weights:  65%|██████▍   | 683/1058 [02:11<00:54,  6.85it/s]
Loading weights:  65%|██████▍   | 686/1058 [02:11<01:00,  6.18it/s]
Loading weights:  65%|██████▍   | 687/1058 [02:12<01:20,  4.59it/s]
Loading weights:  65%|██████▌   | 688/1058 [02:13<01:42,  3.61it/s]
Loading weights:  65%|██████▌   | 692/1058 [02:13<01:00,  6.03it/s]
Loading weights:  66%|██████▌   | 694/1058 [02:13<00:53,  6.84it/s]
Loading weights:  66%|██████▌   | 697/1058 [02:14<00:57,  6.26it/s]
Loading weights:  66%|██████▌   | 698/1058 [02:14<01:20,  4.50it/s]
Loading weights:  66%|██████▌   | 699/1058 [02:15<01:42,  3.50it/s]
Loading weights:  66%|██████▋   | 703/1058 [02:15<01:00,  5.90it/s]
Loading weights:  67%|██████▋   | 705/1058 [02:15<00:53,  6.55it/s]
Loading weights:  68%|██████▊   | 715/1058 [02:15<00:20, 16.59it/s]
Loading weights:  69%|██████▉   | 735/1058 [02:15<00:07, 40.65it/s]
Loading weights:  71%|███████   | 749/1058 [02:15<00:05, 55.85it/s]
Loading weights:  72%|███████▏  | 764/1058 [02:16<00:04, 73.12it/s]
Loading weights:  74%|███████▍  | 783/1058 [02:16<00:02, 95.38it/s]
Loading weights:  76%|███████▌  | 799/1058 [02:16<00:02, 103.97it/s]
Loading weights:  77%|███████▋  | 819/1058 [02:16<00:01, 124.99it/s]
Loading weights:  79%|███████▉  | 834/1058 [02:16<00:01, 129.32it/s]
Loading weights:  80%|████████  | 849/1058 [02:16<00:01, 130.36it/s]
Loading weights:  82%|████████▏ | 867/1058 [02:16<00:01, 138.79it/s]
Loading weights:  83%|████████▎ | 882/1058 [02:16<00:01, 135.90it/s]
Loading weights:  85%|████████▌ | 901/1058 [02:16<00:01, 148.53it/s]
Loading weights:  87%|████████▋ | 917/1058 [02:17<00:01, 140.11it/s]
Loading weights:  88%|████████▊ | 932/1058 [02:17<00:00, 137.40it/s]
Loading weights:  90%|████████▉ | 951/1058 [02:17<00:00, 148.92it/s]
Loading weights:  91%|█████████▏| 967/1058 [02:17<00:00, 140.19it/s]
Loading weights:  93%|█████████▎| 985/1058 [02:17<00:00, 149.61it/s]
Loading weights:  95%|█████████▍| 1001/1058 [02:17<00:00, 142.00it/s]
Loading weights:  96%|█████████▌| 1016/1058 [02:17<00:00, 138.88it/s]
Loading weights:  98%|█████████▊| 1033/1058 [02:17<00:00, 116.66it/s]
Loading weights:  99%|█████████▉| 1046/1058 [02:18<00:00, 68.74it/s]
Loading weights: 100%|█████████▉| 1056/1058 [02:18<00:00, 55.74it/s]
Loading weights: 100%|██████████| 1058/1058 [02:18<00:00,  7.63it/s]
loaded 32B in 144s
trainable params: 134,217,728 || all params: 33,491,607,792 || trainable%: 0.4008
train items (<= 2048 tok): 180
eval cases: 40
=== eval BASE (adapter disabled) ===
The following generation flags are not valid and may be ignored: ['temperature', 'top_p', 'top_k']. Set `TRANSFORMERS_VERBOSITY=info` for more details.
BASE acc = 0.125 (5/40)
`use_cache=True` is incompatible with gradient checkpointing. Setting `use_cache=False`.
[epoch 1] train_loss=0.2926 test_acc=0.625 gain=22 lost=2 net=+0.500  (eval 234s)
[epoch 2] train_loss=0.0376 test_acc=0.625 gain=21 lost=1 net=+0.500  (eval 246s)
[epoch 3] train_loss=0.0256 test_acc=0.600 gain=21 lost=2 net=+0.475  (eval 242s)

=== SUMMARY ===
base_acc=0.125
  epoch 1: loss=0.2926 test_acc=0.625 net=+0.500 gain=22 lost=2  <-- PEAK
  epoch 2: loss=0.0376 test_acc=0.625 net=+0.500 gain=21 lost=1
  epoch 3: loss=0.0256 test_acc=0.600 net=+0.475 gain=21 lost=2
SELECTED checkpoint: epoch_1 (test_acc=0.625, net=+0.500) -> data/distill/poc/lora_32b_finqa_b2/epoch_1
