SFT records: 173

Loading weights:   0%|          | 0/750 [00:00<?, ?it/s]
Loading weights:   0%|          | 1/750 [00:05<1:03:12,  5.06s/it]
Loading weights:   0%|          | 3/750 [00:05<17:07,  1.38s/it]
Loading weights:   1%|          | 5/750 [00:05<08:56,  1.39it/s]
Loading weights:   1%|          | 6/750 [00:05<07:12,  1.72it/s]
Loading weights:   2%|▏         | 12/750 [00:05<02:23,  5.13it/s]
Loading weights:   2%|▏         | 15/750 [00:06<01:52,  6.51it/s]
Loading weights:   2%|▏         | 17/750 [00:06<02:00,  6.10it/s]
Loading weights:   3%|▎         | 23/750 [00:06<01:08, 10.69it/s]
Loading weights:   3%|▎         | 26/750 [00:06<01:03, 11.39it/s]
Loading weights:   4%|▎         | 28/750 [00:07<01:19,  9.03it/s]
Loading weights:   5%|▍         | 34/750 [00:07<00:51, 13.89it/s]
Loading weights:   5%|▍         | 37/750 [00:07<00:52, 13.65it/s]
Loading weights:   5%|▌         | 39/750 [00:08<01:12,  9.74it/s]
Loading weights:   6%|▌         | 45/750 [00:08<00:48, 14.64it/s]
Loading weights:   6%|▋         | 48/750 [00:08<00:49, 14.08it/s]
Loading weights:   7%|▋         | 50/750 [00:08<01:08, 10.19it/s]
Loading weights:   7%|▋         | 56/750 [00:09<00:46, 14.95it/s]
Loading weights:   8%|▊         | 59/750 [00:09<00:48, 14.27it/s]
Loading weights:   8%|▊         | 61/750 [00:09<01:05, 10.53it/s]
Loading weights:   9%|▉         | 67/750 [00:09<00:43, 15.70it/s]
Loading weights:   9%|▉         | 70/750 [00:10<00:44, 15.14it/s]
Loading weights:  10%|▉         | 72/750 [00:10<01:02, 10.90it/s]
Loading weights:  10%|█         | 78/750 [00:10<00:41, 16.08it/s]
Loading weights:  11%|█         | 81/750 [00:10<00:43, 15.44it/s]
Loading weights:  11%|█         | 83/750 [00:11<01:01, 10.91it/s]
Loading weights:  12%|█▏        | 89/750 [00:11<00:41, 15.93it/s]
Loading weights:  12%|█▏        | 92/750 [00:11<00:52, 12.59it/s]
Loading weights:  13%|█▎        | 94/750 [00:12<01:02, 10.55it/s]
Loading weights:  13%|█▎        | 99/750 [00:12<00:45, 14.19it/s]
Loading weights:  14%|█▎        | 103/750 [00:12<00:43, 14.78it/s]
Loading weights:  14%|█▍        | 105/750 [00:12<01:00, 10.70it/s]
Loading weights:  15%|█▍        | 111/750 [00:13<00:40, 15.65it/s]
Loading weights:  15%|█▌        | 114/750 [00:13<00:42, 15.14it/s]
Loading weights:  15%|█▌        | 116/750 [00:13<00:58, 10.76it/s]
Loading weights:  16%|█▋        | 122/750 [00:13<00:40, 15.56it/s]
Loading weights:  17%|█▋        | 125/750 [00:14<00:42, 14.86it/s]
Loading weights:  17%|█▋        | 127/750 [00:14<01:05,  9.58it/s]
Loading weights:  18%|█▊        | 133/750 [00:14<00:42, 14.38it/s]
Loading weights:  18%|█▊        | 136/750 [00:15<00:43, 14.19it/s]
Loading weights:  18%|█▊        | 138/750 [00:15<00:58, 10.40it/s]
Loading weights:  19%|█▉        | 144/750 [00:15<00:39, 15.40it/s]
Loading weights:  20%|█▉        | 147/750 [00:15<00:40, 15.02it/s]
Loading weights:  20%|█▉        | 149/750 [00:16<00:56, 10.69it/s]
Loading weights:  20%|██        | 153/750 [00:16<00:41, 14.33it/s]
Loading weights:  21%|██        | 156/750 [00:16<00:39, 15.04it/s]
Loading weights:  21%|██        | 159/750 [00:16<00:46, 12.74it/s]
Loading weights:  21%|██▏       | 161/750 [00:17<01:06,  8.80it/s]
Loading weights:  22%|██▏       | 164/750 [00:17<00:57, 10.18it/s]
Loading weights:  22%|██▏       | 166/750 [00:17<00:55, 10.54it/s]
Loading weights:  22%|██▏       | 168/750 [00:18<01:13,  7.93it/s]
Loading weights:  23%|██▎       | 170/750 [00:18<01:30,  6.37it/s]
Loading weights:  23%|██▎       | 171/750 [00:18<01:45,  5.49it/s]
Loading weights:  23%|██▎       | 175/750 [00:19<01:07,  8.50it/s]
Loading weights:  24%|██▎       | 178/750 [00:19<00:51, 11.11it/s]
Loading weights:  24%|██▍       | 180/750 [00:19<00:52, 10.88it/s]
Loading weights:  24%|██▍       | 182/750 [00:19<01:08,  8.30it/s]
Loading weights:  25%|██▌       | 188/750 [00:20<00:39, 14.07it/s]
Loading weights:  25%|██▌       | 190/750 [00:20<00:51, 10.82it/s]
Loading weights:  26%|██▌       | 192/750 [00:20<01:10,  7.87it/s]
Loading weights:  26%|██▌       | 194/750 [00:21<01:10,  7.93it/s]
Loading weights:  26%|██▋       | 198/750 [00:21<00:46, 11.77it/s]
Loading weights:  27%|██▋       | 202/750 [00:21<00:45, 11.96it/s]
Loading weights:  27%|██▋       | 204/750 [00:21<01:00,  9.06it/s]
Loading weights:  28%|██▊       | 210/750 [00:22<00:38, 14.01it/s]
Loading weights:  28%|██▊       | 213/750 [00:22<00:39, 13.68it/s]
Loading weights:  29%|██▊       | 215/750 [00:22<00:52, 10.16it/s]
Loading weights:  29%|██▉       | 221/750 [00:22<00:34, 15.13it/s]
Loading weights:  30%|██▉       | 224/750 [00:23<00:51, 10.30it/s]
Loading weights:  30%|███       | 226/750 [00:24<01:15,  6.90it/s]
Loading weights:  31%|███       | 230/750 [00:24<00:56,  9.14it/s]
Loading weights:  31%|███▏      | 235/750 [00:24<00:52,  9.73it/s]
Loading weights:  32%|███▏      | 237/750 [00:25<00:51,  9.87it/s]
Loading weights:  32%|███▏      | 243/750 [00:25<00:34, 14.62it/s]
Loading weights:  33%|███▎      | 246/750 [00:25<00:35, 14.35it/s]
Loading weights:  33%|███▎      | 248/750 [00:25<00:47, 10.63it/s]
Loading weights:  34%|███▍      | 254/750 [00:25<00:31, 15.62it/s]
Loading weights:  34%|███▍      | 257/750 [00:26<00:32, 14.98it/s]
Loading weights:  35%|███▍      | 259/750 [00:26<00:44, 10.99it/s]
Loading weights:  35%|███▌      | 265/750 [00:26<00:29, 16.19it/s]
Loading weights:  36%|███▌      | 268/750 [00:26<00:31, 15.19it/s]
Loading weights:  36%|███▌      | 270/750 [00:27<00:43, 10.98it/s]
Loading weights:  37%|███▋      | 275/750 [00:27<00:32, 14.75it/s]
Loading weights:  37%|███▋      | 279/750 [00:27<00:30, 15.43it/s]
Loading weights:  37%|███▋      | 281/750 [00:28<00:42, 11.07it/s]
Loading weights:  38%|███▊      | 287/750 [00:28<00:28, 16.03it/s]
Loading weights:  39%|███▊      | 290/750 [00:28<00:29, 15.52it/s]
Loading weights:  39%|███▉      | 292/750 [00:28<00:40, 11.23it/s]
Loading weights:  40%|███▉      | 298/750 [00:29<00:28, 15.95it/s]
Loading weights:  40%|████      | 301/750 [00:29<00:35, 12.69it/s]
Loading weights:  40%|████      | 303/750 [00:29<00:39, 11.26it/s]
Loading weights:  41%|████      | 307/750 [00:29<00:31, 14.05it/s]
Loading weights:  42%|████▏     | 312/750 [00:30<00:27, 16.16it/s]
Loading weights:  42%|████▏     | 314/750 [00:30<00:37, 11.57it/s]
Loading weights:  43%|████▎     | 320/750 [00:30<00:25, 16.74it/s]
Loading weights:  43%|████▎     | 323/750 [00:30<00:26, 15.99it/s]
Loading weights:  43%|████▎     | 325/750 [00:31<00:38, 11.17it/s]
Loading weights:  44%|████▍     | 330/750 [00:31<00:28, 14.83it/s]
Loading weights:  45%|████▍     | 334/750 [00:31<00:26, 15.53it/s]
Loading weights:  45%|████▍     | 336/750 [00:32<00:37, 11.14it/s]
Loading weights:  46%|████▌     | 342/750 [00:32<00:25, 16.06it/s]
Loading weights:  46%|████▌     | 345/750 [00:32<00:32, 12.38it/s]
Loading weights:  46%|████▋     | 347/750 [00:32<00:36, 11.14it/s]
Loading weights:  47%|████▋     | 351/750 [00:33<00:26, 14.83it/s]
Loading weights:  47%|████▋     | 354/750 [00:33<00:23, 16.93it/s]
Loading weights:  48%|████▊     | 357/750 [00:33<00:34, 11.40it/s]
Loading weights:  48%|████▊     | 359/750 [00:33<00:38, 10.28it/s]
Loading weights:  49%|████▊     | 364/750 [00:34<00:26, 14.52it/s]
Loading weights:  49%|████▉     | 367/750 [00:34<00:26, 14.38it/s]
Loading weights:  49%|████▉     | 369/750 [00:34<00:37, 10.25it/s]
Loading weights:  50%|█████     | 375/750 [00:34<00:23, 15.68it/s]
Loading weights:  50%|█████     | 378/750 [00:35<00:25, 14.72it/s]
Loading weights:  51%|█████     | 380/750 [00:35<00:35, 10.52it/s]
Loading weights:  51%|█████▏    | 386/750 [00:35<00:22, 15.84it/s]
Loading weights:  52%|█████▏    | 389/750 [00:35<00:23, 15.04it/s]
Loading weights:  52%|█████▏    | 391/750 [00:36<00:32, 10.94it/s]
Loading weights:  53%|█████▎    | 395/750 [00:36<00:26, 13.60it/s]
Loading weights:  55%|█████▌    | 414/750 [00:36<00:08, 38.18it/s]
Loading weights:  58%|█████▊    | 438/750 [00:36<00:04, 72.02it/s]
Loading weights:  60%|██████    | 453/750 [00:36<00:03, 86.00it/s]
Loading weights:  63%|██████▎   | 473/750 [00:36<00:02, 108.81it/s]
Loading weights:  65%|██████▌   | 491/750 [00:37<00:02, 121.79it/s]
Loading weights:  68%|██████▊   | 511/750 [00:37<00:01, 140.25it/s]
Loading weights:  70%|███████   | 528/750 [00:37<00:01, 140.85it/s]
Loading weights:  73%|███████▎  | 549/750 [00:37<00:01, 150.39it/s]
Loading weights:  76%|███████▌  | 568/750 [00:37<00:01, 159.32it/s]
Loading weights:  78%|███████▊  | 585/750 [00:37<00:01, 156.91it/s]
Loading weights:  80%|████████  | 602/750 [00:37<00:00, 160.06it/s]
Loading weights:  83%|████████▎ | 619/750 [00:37<00:00, 160.95it/s]
Loading weights:  85%|████████▍ | 636/750 [00:37<00:00, 157.62it/s]
Loading weights:  88%|████████▊ | 657/750 [00:38<00:00, 163.65it/s]
Loading weights:  90%|█████████ | 676/750 [00:38<00:00, 164.20it/s]
Loading weights:  93%|█████████▎| 695/750 [00:38<00:00, 162.77it/s]
Loading weights:  96%|█████████▌| 717/750 [00:38<00:00, 167.72it/s]
Loading weights:  98%|█████████▊| 734/750 [00:38<00:00, 96.31it/s]
Loading weights: 100%|█████████▉| 748/750 [00:39<00:00, 72.35it/s]
Loading weights: 100%|██████████| 750/750 [00:39<00:00, 19.16it/s]
trainable params: 43,646,976 || all params: 8,810,770,672 || trainable%: 0.4954
usable (<= 2048 tok): 173
warmup_ratio is deprecated and will be removed in v5.2. Use `warmup_steps` instead.

  0%|          | 0/66 [00:00<?, ?it/s]`use_cache=True` is incompatible with gradient checkpointing. Setting `use_cache=False`.

  2%|▏         | 1/66 [00:09<10:32,  9.74s/it]
  3%|▎         | 2/66 [00:16<08:33,  8.02s/it]
  5%|▍         | 3/66 [00:24<08:33,  8.15s/it]
  6%|▌         | 4/66 [00:32<08:12,  7.94s/it]
  8%|▊         | 5/66 [00:39<07:50,  7.72s/it]


  8%|▊         | 5/66 [00:39<07:50,  7.72s/it]
  9%|▉         | 6/66 [00:47<07:47,  7.79s/it]
 11%|█         | 7/66 [00:56<07:49,  7.95s/it]
 12%|█▏        | 8/66 [01:03<07:36,  7.87s/it]
 14%|█▎        | 9/66 [01:11<07:30,  7.91s/it]
 15%|█▌        | 10/66 [01:19<07:14,  7.76s/it]


 15%|█▌        | 10/66 [01:19<07:14,  7.76s/it]
 17%|█▋        | 11/66 [01:26<06:59,  7.63s/it]
 18%|█▊        | 12/66 [01:33<06:37,  7.36s/it]
 20%|█▉        | 13/66 [01:40<06:35,  7.46s/it]
 21%|██        | 14/66 [01:48<06:37,  7.64s/it]
 23%|██▎       | 15/66 [01:56<06:20,  7.46s/it]


 23%|██▎       | 15/66 [01:56<06:20,  7.46s/it]
 24%|██▍       | 16/66 [02:03<06:05,  7.32s/it]
 26%|██▌       | 17/66 [02:10<06:04,  7.43s/it]
 27%|██▋       | 18/66 [02:17<05:54,  7.39s/it]
 29%|██▉       | 19/66 [02:25<05:53,  7.51s/it]
 30%|███       | 20/66 [02:33<05:52,  7.65s/it]


 30%|███       | 20/66 [02:33<05:52,  7.65s/it]
 32%|███▏      | 21/66 [02:41<05:43,  7.64s/it]
 33%|███▎      | 22/66 [02:46<04:59,  6.80s/it]{'loss': '0.6133', 'grad_norm': '0.1212', 'learning_rate': '0.0001', 'epoch': '0.2312'}
{'loss': '0.3772', 'grad_norm': '0.03595', 'learning_rate': '9.84e-05', 'epoch': '0.4624'}
{'loss': '0.2993', 'grad_norm': '0.03445', 'learning_rate': '9.372e-05', 'epoch': '0.6936'}
{'loss': '0.2504', 'grad_norm': '0.03007', 'learning_rate': '8.624e-05', 'epoch': '0.9249'}

 35%|███▍      | 23/66 [02:53<05:03,  7.06s/it]
 36%|███▋      | 24/66 [03:01<05:04,  7.24s/it]
 38%|███▊      | 25/66 [03:09<05:03,  7.41s/it]


 38%|███▊      | 25/66 [03:09<05:03,  7.41s/it]
 39%|███▉      | 26/66 [03:16<04:56,  7.42s/it]
 41%|████      | 27/66 [03:23<04:44,  7.30s/it]
 42%|████▏     | 28/66 [03:31<04:40,  7.39s/it]
 44%|████▍     | 29/66 [03:38<04:28,  7.24s/it]
 45%|████▌     | 30/66 [03:45<04:16,  7.12s/it]


 45%|████▌     | 30/66 [03:45<04:16,  7.12s/it]
 47%|████▋     | 31/66 [03:53<04:18,  7.39s/it]
 48%|████▊     | 32/66 [04:00<04:09,  7.34s/it]
 50%|█████     | 33/66 [04:07<04:01,  7.31s/it]
 52%|█████▏    | 34/66 [04:15<03:56,  7.38s/it]
 53%|█████▎    | 35/66 [04:22<03:48,  7.38s/it]


 53%|█████▎    | 35/66 [04:22<03:48,  7.38s/it]
 55%|█████▍    | 36/66 [04:30<03:46,  7.53s/it]
 56%|█████▌    | 37/66 [04:37<03:36,  7.45s/it]
 58%|█████▊    | 38/66 [04:45<03:27,  7.43s/it]
 59%|█████▉    | 39/66 [04:53<03:27,  7.69s/it]
 61%|██████    | 40/66 [05:00<03:16,  7.55s/it]


 61%|██████    | 40/66 [05:00<03:16,  7.55s/it]
 62%|██████▏   | 41/66 [05:09<03:19,  7.98s/it]
 64%|██████▎   | 42/66 [05:18<03:17,  8.22s/it]
 65%|██████▌   | 43/66 [05:26<03:09,  8.23s/it]
 67%|██████▋   | 44/66 [05:31<02:36,  7.11s/it]{'loss': '0.2086', 'grad_norm': '0.03157', 'learning_rate': '7.645e-05', 'epoch': '1.139'}
{'loss': '0.1874', 'grad_norm': '0.0262', 'learning_rate': '6.497e-05', 'epoch': '1.37'}
{'loss': '0.1639', 'grad_norm': '0.0316', 'learning_rate': '5.253e-05', 'epoch': '1.601'}
{'loss': '0.1664', 'grad_norm': '0.0275', 'learning_rate': '3.994e-05', 'epoch': '1.832'}

 68%|██████▊   | 45/66 [05:39<02:36,  7.46s/it]


 68%|██████▊   | 45/66 [05:39<02:36,  7.46s/it]
 70%|██████▉   | 46/66 [05:48<02:37,  7.87s/it]
 71%|███████   | 47/66 [05:55<02:26,  7.74s/it]
 73%|███████▎  | 48/66 [06:03<02:19,  7.78s/it]
 74%|███████▍  | 49/66 [06:10<02:10,  7.67s/it]
 76%|███████▌  | 50/66 [06:18<02:04,  7.77s/it]


 76%|███████▌  | 50/66 [06:18<02:04,  7.77s/it]
 77%|███████▋  | 51/66 [06:26<01:56,  7.76s/it]
 79%|███████▉  | 52/66 [06:34<01:48,  7.75s/it]
 80%|████████  | 53/66 [06:41<01:40,  7.70s/it]
 82%|████████▏ | 54/66 [06:49<01:31,  7.58s/it]
 83%|████████▎ | 55/66 [06:56<01:21,  7.40s/it]


 83%|████████▎ | 55/66 [06:56<01:21,  7.40s/it]
 85%|████████▍ | 56/66 [07:03<01:14,  7.48s/it]
 86%|████████▋ | 57/66 [07:12<01:09,  7.67s/it]
 88%|████████▊ | 58/66 [07:19<01:00,  7.61s/it]
 89%|████████▉ | 59/66 [07:27<00:54,  7.76s/it]
 91%|█████████ | 60/66 [07:34<00:45,  7.62s/it]


 91%|█████████ | 60/66 [07:34<00:45,  7.62s/it]
 92%|█████████▏| 61/66 [07:42<00:38,  7.62s/it]
 94%|█████████▍| 62/66 [07:49<00:29,  7.31s/it]
 95%|█████████▌| 63/66 [07:56<00:22,  7.43s/it]
 97%|█████████▋| 64/66 [08:04<00:14,  7.38s/it]
 98%|█████████▊| 65/66 [08:11<00:07,  7.34s/it]


 98%|█████████▊| 65/66 [08:11<00:07,  7.34s/it]
100%|██████████| 66/66 [08:16<00:00,  6.73s/it]


100%|██████████| 66/66 [08:16<00:00,  6.73s/it]
100%|██████████| 66/66 [08:16<00:00,  7.53s/it]
{'loss': '0.1564', 'grad_norm': '0.02726', 'learning_rate': '2.798e-05', 'epoch': '2.046'}
{'loss': '0.1515', 'grad_norm': '0.02707', 'learning_rate': '1.743e-05', 'epoch': '2.277'}
{'loss': '0.1412', 'grad_norm': '0.0224', 'learning_rate': '8.962e-06', 'epoch': '2.509'}
{'loss': '0.1383', 'grad_norm': '0.03235', 'learning_rate': '3.112e-06', 'epoch': '2.74'}
{'loss': '0.1213', 'grad_norm': '0.028', 'learning_rate': '2.565e-07', 'epoch': '2.971'}
{'train_runtime': '496.7', 'train_samples_per_second': '1.045', 'train_steps_per_second': '0.133', 'train_loss': '0.228', 'epoch': '3'}
SAVED LoRA adapter -> data/distill/poc/lora_8b_finqa_b2_text
