SFT records: 180

Loading weights:   0%|          | 0/750 [00:00<?, ?it/s]
Loading weights:   0%|          | 1/750 [00:04<55:27,  4.44s/it]
Loading weights:   1%|          | 4/750 [00:04<11:02,  1.13it/s]
Loading weights:   1%|          | 6/750 [00:04<07:14,  1.71it/s]
Loading weights:   2%|▏         | 12/750 [00:05<02:42,  4.55it/s]
Loading weights:   2%|▏         | 15/750 [00:05<02:06,  5.82it/s]
Loading weights:   2%|▏         | 17/750 [00:05<02:09,  5.68it/s]
Loading weights:   3%|▎         | 23/750 [00:05<01:13,  9.96it/s]
Loading weights:   3%|▎         | 26/750 [00:06<01:06, 10.82it/s]
Loading weights:   4%|▍         | 29/750 [00:06<01:13,  9.76it/s]
Loading weights:   5%|▍         | 34/750 [00:06<00:52, 13.52it/s]
Loading weights:   5%|▍         | 37/750 [00:06<00:51, 13.73it/s]
Loading weights:   5%|▌         | 39/750 [00:07<01:08, 10.35it/s]
Loading weights:   6%|▌         | 45/750 [00:07<00:45, 15.59it/s]
Loading weights:   6%|▋         | 48/750 [00:07<00:45, 15.31it/s]
Loading weights:   7%|▋         | 51/750 [00:07<00:56, 12.27it/s]
Loading weights:   7%|▋         | 56/750 [00:08<00:42, 16.29it/s]
Loading weights:   8%|▊         | 59/750 [00:08<00:44, 15.67it/s]
Loading weights:   8%|▊         | 61/750 [00:08<01:00, 11.35it/s]
Loading weights:   9%|▉         | 67/750 [00:08<00:41, 16.65it/s]
Loading weights:   9%|▉         | 70/750 [00:09<00:43, 15.80it/s]
Loading weights:  10%|▉         | 72/750 [00:09<01:00, 11.28it/s]
Loading weights:  10%|█         | 78/750 [00:09<00:40, 16.50it/s]
Loading weights:  11%|█         | 81/750 [00:09<00:42, 15.69it/s]
Loading weights:  11%|█         | 83/750 [00:10<00:58, 11.34it/s]
Loading weights:  12%|█▏        | 87/750 [00:10<00:46, 14.35it/s]
Loading weights:  12%|█▏        | 92/750 [00:10<00:49, 13.24it/s]
Loading weights:  13%|█▎        | 94/750 [00:11<00:56, 11.61it/s]
Loading weights:  13%|█▎        | 98/750 [00:11<00:43, 15.09it/s]
Loading weights:  13%|█▎        | 101/750 [00:11<00:37, 17.31it/s]
Loading weights:  14%|█▍        | 104/750 [00:11<00:53, 11.98it/s]
Loading weights:  14%|█▍        | 106/750 [00:11<00:58, 11.09it/s]
Loading weights:  15%|█▍        | 111/750 [00:12<00:42, 15.20it/s]
Loading weights:  15%|█▌        | 114/750 [00:12<00:42, 14.85it/s]
Loading weights:  15%|█▌        | 116/750 [00:12<00:59, 10.66it/s]
Loading weights:  16%|█▌        | 121/750 [00:12<00:42, 14.77it/s]
Loading weights:  17%|█▋        | 125/750 [00:13<00:50, 12.38it/s]
Loading weights:  17%|█▋        | 127/750 [00:13<00:52, 11.96it/s]
Loading weights:  18%|█▊        | 133/750 [00:13<00:35, 17.35it/s]
Loading weights:  18%|█▊        | 136/750 [00:13<00:37, 16.50it/s]
Loading weights:  18%|█▊        | 138/750 [00:14<00:52, 11.68it/s]
Loading weights:  19%|█▉        | 144/750 [00:14<00:35, 17.03it/s]
Loading weights:  20%|█▉        | 147/750 [00:14<00:36, 16.33it/s]
Loading weights:  20%|██        | 150/750 [00:15<00:46, 12.78it/s]
Loading weights:  21%|██        | 155/750 [00:15<00:37, 15.68it/s]
Loading weights:  21%|██        | 158/750 [00:15<00:35, 16.57it/s]
Loading weights:  21%|██▏       | 160/750 [00:15<00:50, 11.77it/s]
Loading weights:  22%|██▏       | 166/750 [00:15<00:33, 17.37it/s]
Loading weights:  23%|██▎       | 169/750 [00:16<00:35, 16.59it/s]
Loading weights:  23%|██▎       | 172/750 [00:16<00:44, 12.91it/s]
Loading weights:  23%|██▎       | 176/750 [00:16<00:36, 15.56it/s]
Loading weights:  24%|██▍       | 180/750 [00:16<00:34, 16.66it/s]
Loading weights:  24%|██▍       | 182/750 [00:17<00:47, 11.83it/s]
Loading weights:  25%|██▍       | 186/750 [00:17<00:39, 14.44it/s]
Loading weights:  25%|██▌       | 191/750 [00:17<00:32, 17.08it/s]
Loading weights:  26%|██▌       | 193/750 [00:17<00:45, 12.12it/s]
Loading weights:  27%|██▋       | 199/750 [00:18<00:31, 17.41it/s]
Loading weights:  27%|██▋       | 202/750 [00:18<00:33, 16.58it/s]
Loading weights:  27%|██▋       | 205/750 [00:18<00:42, 12.95it/s]
Loading weights:  28%|██▊       | 210/750 [00:18<00:31, 16.91it/s]
Loading weights:  28%|██▊       | 213/750 [00:19<00:33, 16.23it/s]
Loading weights:  29%|██▊       | 215/750 [00:19<00:45, 11.66it/s]
Loading weights:  29%|██▉       | 221/750 [00:19<00:30, 17.14it/s]
Loading weights:  30%|██▉       | 224/750 [00:19<00:32, 16.38it/s]
Loading weights:  30%|███       | 227/750 [00:20<00:40, 12.79it/s]
Loading weights:  31%|███       | 232/750 [00:20<00:30, 16.78it/s]
Loading weights:  31%|███▏      | 235/750 [00:20<00:32, 16.09it/s]
Loading weights:  32%|███▏      | 237/750 [00:20<00:44, 11.51it/s]
Loading weights:  32%|███▏      | 242/750 [00:21<00:32, 15.66it/s]
Loading weights:  33%|███▎      | 246/750 [00:21<00:38, 13.14it/s]
Loading weights:  33%|███▎      | 248/750 [00:21<00:40, 12.53it/s]
Loading weights:  34%|███▎      | 253/750 [00:21<00:29, 16.66it/s]
Loading weights:  34%|███▍      | 257/750 [00:22<00:28, 17.33it/s]
Loading weights:  35%|███▍      | 260/750 [00:22<00:37, 13.21it/s]
Loading weights:  35%|███▌      | 265/750 [00:22<00:28, 17.01it/s]
Loading weights:  36%|███▌      | 268/750 [00:22<00:29, 16.19it/s]
Loading weights:  36%|███▌      | 270/750 [00:23<00:41, 11.47it/s]
Loading weights:  37%|███▋      | 276/750 [00:23<00:28, 16.93it/s]
Loading weights:  37%|███▋      | 279/750 [00:23<00:29, 16.18it/s]
Loading weights:  38%|███▊      | 282/750 [00:23<00:37, 12.54it/s]
Loading weights:  38%|███▊      | 287/750 [00:24<00:28, 16.50it/s]
Loading weights:  39%|███▊      | 290/750 [00:24<00:28, 15.89it/s]
Loading weights:  39%|███▉      | 292/750 [00:24<00:39, 11.53it/s]
Loading weights:  40%|███▉      | 297/750 [00:24<00:28, 15.66it/s]
Loading weights:  40%|████      | 301/750 [00:25<00:34, 12.89it/s]
Loading weights:  40%|████      | 303/750 [00:25<00:36, 12.39it/s]
Loading weights:  41%|████      | 307/750 [00:25<00:27, 16.26it/s]
Loading weights:  42%|████▏     | 312/750 [00:25<00:26, 16.80it/s]
Loading weights:  42%|████▏     | 315/750 [00:26<00:33, 13.17it/s]
Loading weights:  43%|████▎     | 320/750 [00:26<00:25, 17.06it/s]
Loading weights:  43%|████▎     | 323/750 [00:26<00:26, 15.83it/s]
Loading weights:  43%|████▎     | 325/750 [00:26<00:37, 11.45it/s]
Loading weights:  44%|████▍     | 330/750 [00:27<00:27, 15.54it/s]
Loading weights:  45%|████▍     | 334/750 [00:27<00:25, 16.32it/s]
Loading weights:  45%|████▍     | 336/750 [00:27<00:35, 11.80it/s]
Loading weights:  46%|████▌     | 342/750 [00:27<00:23, 17.16it/s]
Loading weights:  46%|████▌     | 345/750 [00:28<00:24, 16.41it/s]
Loading weights:  46%|████▋     | 348/750 [00:28<00:31, 12.89it/s]
Loading weights:  47%|████▋     | 353/750 [00:28<00:23, 16.79it/s]
Loading weights:  47%|████▋     | 356/750 [00:28<00:24, 16.07it/s]
Loading weights:  48%|████▊     | 358/750 [00:29<00:34, 11.44it/s]
Loading weights:  49%|████▊     | 364/750 [00:29<00:23, 16.73it/s]
Loading weights:  49%|████▉     | 367/750 [00:29<00:23, 16.09it/s]
Loading weights:  49%|████▉     | 369/750 [00:29<00:33, 11.49it/s]
Loading weights:  50%|█████     | 375/750 [00:30<00:22, 17.01it/s]
Loading weights:  50%|█████     | 378/750 [00:30<00:22, 16.18it/s]
Loading weights:  51%|█████     | 381/750 [00:30<00:28, 12.76it/s]
Loading weights:  51%|█████▏    | 386/750 [00:30<00:21, 16.69it/s]
Loading weights:  52%|█████▏    | 389/750 [00:31<00:22, 15.95it/s]
Loading weights:  52%|█████▏    | 391/750 [00:31<00:31, 11.39it/s]
Loading weights:  53%|█████▎    | 395/750 [00:31<00:25, 14.15it/s]
Loading weights:  55%|█████▌    | 416/750 [00:31<00:07, 43.57it/s]
Loading weights:  57%|█████▋    | 429/750 [00:31<00:05, 58.54it/s]
Loading weights:  60%|█████▉    | 448/750 [00:31<00:03, 83.99it/s]
Loading weights:  62%|██████▏   | 467/750 [00:32<00:02, 104.15it/s]
Loading weights:  65%|██████▌   | 489/750 [00:32<00:02, 125.03it/s]
Loading weights:  67%|██████▋   | 504/750 [00:32<00:01, 130.25it/s]
Loading weights:  70%|███████   | 525/750 [00:32<00:01, 143.24it/s]
Loading weights:  73%|███████▎  | 544/750 [00:32<00:01, 154.59it/s]
Loading weights:  75%|███████▍  | 561/750 [00:32<00:01, 151.32it/s]
Loading weights:  78%|███████▊  | 583/750 [00:32<00:01, 165.07it/s]
Loading weights:  80%|████████  | 601/750 [00:32<00:00, 163.07it/s]
Loading weights:  83%|████████▎ | 621/750 [00:32<00:00, 168.37it/s]
Loading weights:  86%|████████▌ | 643/750 [00:33<00:00, 171.27it/s]
Loading weights:  89%|████████▊ | 664/750 [00:33<00:00, 181.40it/s]
Loading weights:  91%|█████████ | 683/750 [00:33<00:00, 173.24it/s]
Loading weights:  94%|█████████▍| 705/750 [00:33<00:00, 178.57it/s]
Loading weights:  97%|█████████▋| 725/750 [00:33<00:00, 153.28it/s]
Loading weights:  99%|█████████▉| 742/750 [00:33<00:00, 91.28it/s]
Loading weights: 100%|██████████| 750/750 [00:34<00:00, 21.98it/s]
trainable params: 43,646,976 || all params: 8,810,770,672 || trainable%: 0.4954
usable (<= 2048 tok): 180
warmup_ratio is deprecated and will be removed in v5.2. Use `warmup_steps` instead.

  0%|          | 0/69 [00:00<?, ?it/s]`use_cache=True` is incompatible with gradient checkpointing. Setting `use_cache=False`.

  1%|▏         | 1/69 [00:08<09:48,  8.66s/it]
  3%|▎         | 2/69 [00:14<07:51,  7.03s/it]
  4%|▍         | 3/69 [00:20<07:23,  6.71s/it]
  6%|▌         | 4/69 [00:26<06:55,  6.39s/it]
  7%|▋         | 5/69 [00:33<06:49,  6.40s/it]


  7%|▋         | 5/69 [00:33<06:49,  6.40s/it]
  9%|▊         | 6/69 [00:39<06:31,  6.22s/it]
 10%|█         | 7/69 [00:45<06:27,  6.25s/it]
 12%|█▏        | 8/69 [00:51<06:17,  6.18s/it]
 13%|█▎        | 9/69 [00:57<06:17,  6.29s/it]
 14%|█▍        | 10/69 [01:03<06:02,  6.15s/it]


 14%|█▍        | 10/69 [01:03<06:02,  6.15s/it]
 16%|█▌        | 11/69 [01:10<05:59,  6.20s/it]
 17%|█▋        | 12/69 [01:15<05:47,  6.10s/it]
 19%|█▉        | 13/69 [01:22<05:42,  6.11s/it]
 20%|██        | 14/69 [01:28<05:34,  6.08s/it]
 22%|██▏       | 15/69 [01:34<05:35,  6.22s/it]


 22%|██▏       | 15/69 [01:34<05:35,  6.22s/it]
 23%|██▎       | 16/69 [01:40<05:22,  6.09s/it]
 25%|██▍       | 17/69 [01:47<05:28,  6.31s/it]
 26%|██▌       | 18/69 [01:53<05:27,  6.43s/it]
 28%|██▊       | 19/69 [02:00<05:21,  6.42s/it]
 29%|██▉       | 20/69 [02:06<05:13,  6.41s/it]


 29%|██▉       | 20/69 [02:06<05:13,  6.41s/it]
 30%|███       | 21/69 [02:13<05:07,  6.41s/it]
 32%|███▏      | 22/69 [02:20<05:09,  6.59s/it]
 33%|███▎      | 23/69 [02:23<04:17,  5.61s/it]{'loss': '1.736', 'grad_norm': '0.3019', 'learning_rate': '0.0001', 'epoch': '0.2222'}
{'loss': '0.7952', 'grad_norm': '0.1139', 'learning_rate': '9.855e-05', 'epoch': '0.4444'}
{'loss': '0.4435', 'grad_norm': '0.09675', 'learning_rate': '9.427e-05', 'epoch': '0.6667'}
{'loss': '0.2385', 'grad_norm': '0.06359', 'learning_rate': '8.743e-05', 'epoch': '0.8889'}

 35%|███▍      | 24/69 [02:30<04:34,  6.09s/it]
 36%|███▌      | 25/69 [02:37<04:35,  6.26s/it]


 36%|███▌      | 25/69 [02:37<04:35,  6.26s/it]
 38%|███▊      | 26/69 [02:45<04:47,  6.68s/it]
 39%|███▉      | 27/69 [02:51<04:35,  6.57s/it]
 41%|████      | 28/69 [02:57<04:26,  6.51s/it]
 42%|████▏     | 29/69 [03:04<04:19,  6.48s/it]
 43%|████▎     | 30/69 [03:10<04:08,  6.38s/it]


 43%|████▎     | 30/69 [03:10<04:08,  6.38s/it]
 45%|████▍     | 31/69 [03:15<03:54,  6.16s/it]
 46%|████▋     | 32/69 [03:22<03:51,  6.26s/it]
 48%|████▊     | 33/69 [03:28<03:46,  6.29s/it]
 49%|████▉     | 34/69 [03:34<03:36,  6.17s/it]
 51%|█████     | 35/69 [03:41<03:35,  6.35s/it]


 51%|█████     | 35/69 [03:41<03:35,  6.35s/it]
 52%|█████▏    | 36/69 [03:47<03:29,  6.36s/it]
 54%|█████▎    | 37/69 [03:54<03:25,  6.42s/it]
 55%|█████▌    | 38/69 [04:00<03:14,  6.26s/it]
 57%|█████▋    | 39/69 [04:06<03:08,  6.30s/it]
 58%|█████▊    | 40/69 [04:12<03:01,  6.27s/it]


 58%|█████▊    | 40/69 [04:12<03:01,  6.27s/it]
 59%|█████▉    | 41/69 [04:19<02:54,  6.24s/it]
 61%|██████    | 42/69 [04:24<02:44,  6.11s/it]
 62%|██████▏   | 43/69 [04:31<02:40,  6.16s/it]
 64%|██████▍   | 44/69 [04:37<02:34,  6.17s/it]
 65%|██████▌   | 45/69 [04:43<02:27,  6.16s/it]


 65%|██████▌   | 45/69 [04:43<02:27,  6.16s/it]
 67%|██████▋   | 46/69 [04:46<02:01,  5.28s/it]{'loss': '0.2465', 'grad_norm': '0.08209', 'learning_rate': '7.84e-05', 'epoch': '1.089'}
{'loss': '0.1636', 'grad_norm': '0.07557', 'learning_rate': '6.773e-05', 'epoch': '1.311'}
{'loss': '0.2212', 'grad_norm': '0.05968', 'learning_rate': '5.603e-05', 'epoch': '1.533'}
{'loss': '0.1525', 'grad_norm': '0.05351', 'learning_rate': '4.397e-05', 'epoch': '1.756'}
{'loss': '0.1771', 'grad_norm': '0.05471', 'learning_rate': '3.227e-05', 'epoch': '1.978'}

 68%|██████▊   | 47/69 [04:53<02:03,  5.59s/it]
 70%|██████▉   | 48/69 [04:59<02:01,  5.78s/it]
 71%|███████   | 49/69 [05:05<01:58,  5.91s/it]
 72%|███████▏  | 50/69 [05:11<01:52,  5.94s/it]


 72%|███████▏  | 50/69 [05:11<01:52,  5.94s/it]
 74%|███████▍  | 51/69 [05:17<01:47,  5.96s/it]
 75%|███████▌  | 52/69 [05:24<01:46,  6.25s/it]
 77%|███████▋  | 53/69 [05:30<01:37,  6.12s/it]
 78%|███████▊  | 54/69 [05:36<01:33,  6.24s/it]
 80%|███████▉  | 55/69 [05:42<01:25,  6.09s/it]


 80%|███████▉  | 55/69 [05:42<01:25,  6.09s/it]
 81%|████████  | 56/69 [05:48<01:19,  6.09s/it]
 83%|████████▎ | 57/69 [05:54<01:12,  6.02s/it]
 84%|████████▍ | 58/69 [06:00<01:05,  5.97s/it]
 86%|████████▌ | 59/69 [06:06<01:01,  6.14s/it]
 87%|████████▋ | 60/69 [06:12<00:55,  6.13s/it]


 87%|████████▋ | 60/69 [06:12<00:55,  6.13s/it]
 88%|████████▊ | 61/69 [06:18<00:48,  6.10s/it]
 90%|████████▉ | 62/69 [06:25<00:42,  6.09s/it]
 91%|█████████▏| 63/69 [06:31<00:36,  6.16s/it]
 93%|█████████▎| 64/69 [06:37<00:30,  6.16s/it]
 94%|█████████▍| 65/69 [06:43<00:24,  6.22s/it]


 94%|█████████▍| 65/69 [06:43<00:24,  6.22s/it]
 96%|█████████▌| 66/69 [06:49<00:18,  6.12s/it]
 97%|█████████▋| 67/69 [06:56<00:12,  6.20s/it]
 99%|█████████▊| 68/69 [07:02<00:06,  6.13s/it]
100%|██████████| 69/69 [07:05<00:00,  5.20s/it]


100%|██████████| 69/69 [07:05<00:00,  5.20s/it]
100%|██████████| 69/69 [07:05<00:00,  6.16s/it]
{'loss': '0.1278', 'grad_norm': '0.05248', 'learning_rate': '2.16e-05', 'epoch': '2.178'}
{'loss': '0.172', 'grad_norm': '0.04334', 'learning_rate': '1.257e-05', 'epoch': '2.4'}
{'loss': '0.1244', 'grad_norm': '0.04645', 'learning_rate': '5.727e-06', 'epoch': '2.622'}
{'loss': '0.1448', 'grad_norm': '0.04613', 'learning_rate': '1.453e-06', 'epoch': '2.844'}
{'train_runtime': '425.1', 'train_samples_per_second': '1.27', 'train_steps_per_second': '0.162', 'train_loss': '0.3566', 'epoch': '3'}
SAVED LoRA adapter -> data/distill/poc/lora_8b_finqa_vanilla
