SFT records: 173

Loading weights:   0%|          | 0/750 [00:00<?, ?it/s]
Loading weights:   0%|          | 1/750 [00:05<1:03:22,  5.08s/it]
Loading weights:   1%|          | 4/750 [00:05<12:29,  1.01s/it]
Loading weights:   1%|          | 6/750 [00:05<08:08,  1.52it/s]
Loading weights:   2%|▏         | 12/750 [00:05<03:01,  4.06it/s]
Loading weights:   2%|▏         | 15/750 [00:06<02:19,  5.25it/s]
Loading weights:   2%|▏         | 17/750 [00:06<02:20,  5.21it/s]
Loading weights:   3%|▎         | 23/750 [00:06<01:19,  9.19it/s]
Loading weights:   3%|▎         | 26/750 [00:06<01:11, 10.09it/s]
Loading weights:   4%|▎         | 28/750 [00:07<01:26,  8.35it/s]
Loading weights:   5%|▍         | 34/750 [00:07<00:55, 13.01it/s]
Loading weights:   5%|▍         | 37/750 [00:07<00:54, 12.99it/s]
Loading weights:   5%|▌         | 39/750 [00:08<01:14,  9.48it/s]
Loading weights:   6%|▌         | 45/750 [00:08<00:49, 14.30it/s]
Loading weights:   6%|▋         | 48/750 [00:08<00:50, 13.82it/s]
Loading weights:   7%|▋         | 50/750 [00:08<01:09, 10.10it/s]
Loading weights:   7%|▋         | 56/750 [00:09<00:46, 14.82it/s]
Loading weights:   8%|▊         | 59/750 [00:09<00:48, 14.18it/s]
Loading weights:   8%|▊         | 61/750 [00:09<01:05, 10.49it/s]
Loading weights:   9%|▉         | 67/750 [00:09<00:43, 15.65it/s]
Loading weights:   9%|▉         | 70/750 [00:10<00:45, 15.10it/s]
Loading weights:  10%|▉         | 72/750 [00:10<01:02, 10.89it/s]
Loading weights:  10%|█         | 77/750 [00:10<00:45, 14.90it/s]
Loading weights:  11%|█         | 81/750 [00:10<00:42, 15.79it/s]
Loading weights:  11%|█         | 83/750 [00:11<00:59, 11.12it/s]
Loading weights:  12%|█▏        | 88/750 [00:11<00:44, 14.92it/s]
Loading weights:  12%|█▏        | 92/750 [00:11<00:55, 11.92it/s]
Loading weights:  13%|█▎        | 94/750 [00:12<00:59, 11.10it/s]
Loading weights:  13%|█▎        | 100/750 [00:12<00:40, 15.90it/s]
Loading weights:  14%|█▎        | 103/750 [00:12<00:43, 14.82it/s]
Loading weights:  14%|█▍        | 105/750 [00:12<01:00, 10.67it/s]
Loading weights:  15%|█▍        | 111/750 [00:13<00:40, 15.68it/s]
Loading weights:  15%|█▌        | 114/750 [00:13<00:41, 15.15it/s]
Loading weights:  15%|█▌        | 116/750 [00:13<00:58, 10.77it/s]
Loading weights:  16%|█▌        | 120/750 [00:13<00:43, 14.42it/s]
Loading weights:  17%|█▋        | 125/750 [00:14<00:41, 15.20it/s]
Loading weights:  17%|█▋        | 128/750 [00:14<00:58, 10.71it/s]
Loading weights:  18%|█▊        | 132/750 [00:14<00:46, 13.17it/s]
Loading weights:  18%|█▊        | 136/750 [00:15<00:42, 14.41it/s]
Loading weights:  18%|█▊        | 138/750 [00:15<00:57, 10.57it/s]
Loading weights:  19%|█▉        | 144/750 [00:15<00:39, 15.50it/s]
Loading weights:  20%|█▉        | 147/750 [00:15<00:39, 15.09it/s]
Loading weights:  20%|█▉        | 149/750 [00:16<00:55, 10.74it/s]
Loading weights:  20%|██        | 153/750 [00:16<00:41, 14.37it/s]
Loading weights:  21%|██        | 156/750 [00:16<00:39, 15.07it/s]
Loading weights:  21%|██        | 159/750 [00:16<00:46, 12.76it/s]
Loading weights:  21%|██▏       | 161/750 [00:17<01:06,  8.82it/s]
Loading weights:  22%|██▏       | 164/750 [00:17<00:57, 10.19it/s]
Loading weights:  22%|██▏       | 166/750 [00:17<00:55, 10.55it/s]
Loading weights:  22%|██▏       | 168/750 [00:18<01:13,  7.93it/s]
Loading weights:  23%|██▎       | 170/750 [00:18<01:30,  6.38it/s]
Loading weights:  23%|██▎       | 171/750 [00:18<01:46,  5.45it/s]
Loading weights:  23%|██▎       | 175/750 [00:19<01:07,  8.52it/s]
Loading weights:  24%|██▎       | 178/750 [00:19<00:51, 11.16it/s]
Loading weights:  24%|██▍       | 180/750 [00:19<00:52, 10.88it/s]
Loading weights:  24%|██▍       | 182/750 [00:19<01:08,  8.31it/s]
Loading weights:  25%|██▌       | 188/750 [00:20<00:39, 14.08it/s]
Loading weights:  25%|██▌       | 191/750 [00:20<00:46, 11.91it/s]
Loading weights:  26%|██▌       | 193/750 [00:21<01:19,  6.98it/s]
Loading weights:  26%|██▋       | 197/750 [00:21<00:55, 10.05it/s]
Loading weights:  27%|██▋       | 201/750 [00:21<00:51, 10.72it/s]
Loading weights:  27%|██▋       | 203/750 [00:21<00:52, 10.48it/s]
Loading weights:  27%|██▋       | 205/750 [00:21<00:53, 10.18it/s]
Loading weights:  28%|██▊       | 210/750 [00:22<00:37, 14.36it/s]
Loading weights:  28%|██▊       | 213/750 [00:22<00:38, 13.92it/s]
Loading weights:  29%|██▊       | 215/750 [00:22<00:53, 10.08it/s]
Loading weights:  29%|██▉       | 220/750 [00:22<00:37, 14.11it/s]
Loading weights:  30%|██▉       | 224/750 [00:23<00:53,  9.88it/s]
Loading weights:  30%|███       | 226/750 [00:24<01:13,  7.08it/s]
Loading weights:  31%|███       | 230/750 [00:24<00:54,  9.57it/s]
Loading weights:  31%|███       | 234/750 [00:24<00:53,  9.58it/s]
Loading weights:  32%|███▏      | 237/750 [00:25<00:51, 10.00it/s]
Loading weights:  32%|███▏      | 243/750 [00:25<00:34, 14.71it/s]
Loading weights:  33%|███▎      | 246/750 [00:25<00:34, 14.42it/s]
Loading weights:  33%|███▎      | 248/750 [00:25<00:47, 10.67it/s]
Loading weights:  34%|███▍      | 254/750 [00:25<00:31, 15.66it/s]
Loading weights:  34%|███▍      | 257/750 [00:26<00:32, 15.02it/s]
Loading weights:  35%|███▍      | 259/750 [00:26<00:44, 11.02it/s]
Loading weights:  35%|███▌      | 265/750 [00:26<00:29, 16.20it/s]
Loading weights:  36%|███▌      | 268/750 [00:26<00:31, 15.19it/s]
Loading weights:  36%|███▌      | 270/750 [00:27<00:43, 10.99it/s]
Loading weights:  37%|███▋      | 276/750 [00:27<00:29, 15.93it/s]
Loading weights:  37%|███▋      | 279/750 [00:27<00:31, 15.07it/s]
Loading weights:  37%|███▋      | 281/750 [00:28<00:43, 10.86it/s]
Loading weights:  38%|███▊      | 287/750 [00:28<00:29, 15.86it/s]
Loading weights:  39%|███▊      | 290/750 [00:28<00:29, 15.39it/s]
Loading weights:  39%|███▉      | 292/750 [00:28<00:41, 11.15it/s]
Loading weights:  40%|███▉      | 297/750 [00:29<00:30, 14.73it/s]
Loading weights:  40%|████      | 301/750 [00:29<00:37, 12.09it/s]
Loading weights:  40%|████      | 303/750 [00:29<00:38, 11.72it/s]
Loading weights:  41%|████      | 307/750 [00:29<00:30, 14.47it/s]
Loading weights:  42%|████▏     | 312/750 [00:30<00:26, 16.48it/s]
Loading weights:  42%|████▏     | 314/750 [00:30<00:37, 11.73it/s]
Loading weights:  43%|████▎     | 320/750 [00:30<00:25, 16.89it/s]
Loading weights:  43%|████▎     | 323/750 [00:30<00:26, 16.10it/s]
Loading weights:  43%|████▎     | 325/750 [00:31<00:37, 11.25it/s]
Loading weights:  44%|████▍     | 331/750 [00:31<00:26, 16.02it/s]
Loading weights:  45%|████▍     | 334/750 [00:31<00:27, 15.20it/s]
Loading weights:  45%|████▍     | 336/750 [00:32<00:37, 10.94it/s]
Loading weights:  45%|████▌     | 341/750 [00:32<00:27, 14.73it/s]
Loading weights:  46%|████▌     | 345/750 [00:32<00:34, 11.76it/s]
Loading weights:  46%|████▋     | 347/750 [00:33<00:34, 11.52it/s]
Loading weights:  47%|████▋     | 353/750 [00:33<00:24, 16.06it/s]
Loading weights:  47%|████▋     | 356/750 [00:33<00:26, 14.78it/s]
Loading weights:  48%|████▊     | 358/750 [00:33<00:40,  9.67it/s]
Loading weights:  49%|████▊     | 364/750 [00:34<00:26, 14.49it/s]
Loading weights:  49%|████▉     | 367/750 [00:34<00:26, 14.37it/s]
Loading weights:  49%|████▉     | 369/750 [00:34<00:36, 10.49it/s]
Loading weights:  50%|█████     | 375/750 [00:34<00:24, 15.62it/s]
Loading weights:  50%|█████     | 378/750 [00:35<00:25, 14.71it/s]
Loading weights:  51%|█████     | 380/750 [00:35<00:34, 10.60it/s]
Loading weights:  51%|█████▏    | 386/750 [00:35<00:23, 15.81it/s]
Loading weights:  52%|█████▏    | 389/750 [00:35<00:24, 15.04it/s]
Loading weights:  52%|█████▏    | 391/750 [00:36<00:32, 10.96it/s]
Loading weights:  53%|█████▎    | 395/750 [00:36<00:25, 14.00it/s]
Loading weights:  54%|█████▍    | 407/750 [00:36<00:11, 29.61it/s]
Loading weights:  57%|█████▋    | 429/750 [00:36<00:05, 61.73it/s]
Loading weights:  60%|█████▉    | 449/750 [00:36<00:03, 85.83it/s]
Loading weights:  62%|██████▏   | 467/750 [00:36<00:02, 105.55it/s]
Loading weights:  65%|██████▌   | 489/750 [00:37<00:02, 126.88it/s]
Loading weights:  68%|██████▊   | 507/750 [00:37<00:01, 139.68it/s]
Loading weights:  70%|███████   | 525/750 [00:37<00:01, 143.05it/s]
Loading weights:  73%|███████▎  | 545/750 [00:37<00:01, 157.23it/s]
Loading weights:  75%|███████▍  | 562/750 [00:37<00:01, 154.10it/s]
Loading weights:  77%|███████▋  | 581/750 [00:37<00:01, 155.85it/s]
Loading weights:  80%|███████▉  | 598/750 [00:37<00:00, 159.31it/s]
Loading weights:  82%|████████▏ | 615/750 [00:37<00:00, 160.52it/s]
Loading weights:  84%|████████▍ | 633/750 [00:37<00:00, 159.69it/s]
Loading weights:  87%|████████▋ | 653/750 [00:38<00:00, 170.49it/s]
Loading weights:  89%|████████▉ | 671/750 [00:38<00:00, 160.37it/s]
Loading weights:  92%|█████████▏| 691/750 [00:38<00:00, 170.73it/s]
Loading weights:  95%|█████████▍| 709/750 [00:38<00:00, 163.86it/s]
Loading weights:  97%|█████████▋| 726/750 [00:38<00:00, 119.02it/s]
Loading weights:  99%|█████████▊| 740/750 [00:38<00:00, 79.27it/s]
Loading weights: 100%|██████████| 750/750 [00:39<00:00, 19.16it/s]
trainable params: 43,646,976 || all params: 8,810,770,672 || trainable%: 0.4954
usable (<= 2048 tok): 173
warmup_ratio is deprecated and will be removed in v5.2. Use `warmup_steps` instead.

  0%|          | 0/66 [00:00<?, ?it/s]`use_cache=True` is incompatible with gradient checkpointing. Setting `use_cache=False`.

  2%|▏         | 1/66 [00:09<09:47,  9.05s/it]
  3%|▎         | 2/66 [00:16<08:39,  8.12s/it]
  5%|▍         | 3/66 [00:24<08:20,  7.95s/it]
  6%|▌         | 4/66 [00:31<08:00,  7.75s/it]
  8%|▊         | 5/66 [00:39<08:03,  7.92s/it]


  8%|▊         | 5/66 [00:39<08:03,  7.92s/it]
  9%|▉         | 6/66 [00:47<07:42,  7.71s/it]
 11%|█         | 7/66 [00:55<07:38,  7.76s/it]
 12%|█▏        | 8/66 [01:02<07:27,  7.72s/it]
 14%|█▎        | 9/66 [01:10<07:23,  7.78s/it]
 15%|█▌        | 10/66 [01:17<07:05,  7.60s/it]


 15%|█▌        | 10/66 [01:17<07:05,  7.60s/it]
 17%|█▋        | 11/66 [01:25<06:59,  7.63s/it]
 18%|█▊        | 12/66 [01:32<06:45,  7.50s/it]
 20%|█▉        | 13/66 [01:40<06:38,  7.51s/it]
 21%|██        | 14/66 [01:47<06:18,  7.28s/it]
 23%|██▎       | 15/66 [01:54<06:15,  7.36s/it]


 23%|██▎       | 15/66 [01:54<06:15,  7.36s/it]
 24%|██▍       | 16/66 [02:01<06:02,  7.25s/it]
 26%|██▌       | 17/66 [02:09<06:00,  7.36s/it]
 27%|██▋       | 18/66 [02:16<05:50,  7.30s/it]
 29%|██▉       | 19/66 [02:22<05:32,  7.09s/it]
 30%|███       | 20/66 [02:29<05:22,  7.02s/it]


 30%|███       | 20/66 [02:29<05:22,  7.02s/it]
 32%|███▏      | 21/66 [02:37<05:21,  7.15s/it]
 33%|███▎      | 22/66 [02:41<04:35,  6.26s/it]{'loss': '0.7212', 'grad_norm': '0.09343', 'learning_rate': '0.0001', 'epoch': '0.2312'}
{'loss': '0.555', 'grad_norm': '0.04662', 'learning_rate': '9.84e-05', 'epoch': '0.4624'}
{'loss': '0.3944', 'grad_norm': '0.04452', 'learning_rate': '9.372e-05', 'epoch': '0.6936'}
{'loss': '0.3596', 'grad_norm': '0.04195', 'learning_rate': '8.624e-05', 'epoch': '0.9249'}

 35%|███▍      | 23/66 [02:48<04:36,  6.43s/it]
 36%|███▋      | 24/66 [02:54<04:32,  6.48s/it]
 38%|███▊      | 25/66 [03:02<04:38,  6.78s/it]


 38%|███▊      | 25/66 [03:02<04:38,  6.78s/it]
 39%|███▉      | 26/66 [03:09<04:31,  6.78s/it]
 41%|████      | 27/66 [03:15<04:22,  6.73s/it]
 42%|████▏     | 28/66 [03:22<04:18,  6.81s/it]
 44%|████▍     | 29/66 [03:30<04:17,  6.97s/it]
 45%|████▌     | 30/66 [03:37<04:17,  7.16s/it]


 45%|████▌     | 30/66 [03:37<04:17,  7.16s/it]
 47%|████▋     | 31/66 [03:44<04:10,  7.15s/it]
 48%|████▊     | 32/66 [03:52<04:05,  7.23s/it]
 50%|█████     | 33/66 [03:59<03:59,  7.25s/it]
 52%|█████▏    | 34/66 [04:07<03:54,  7.33s/it]
 53%|█████▎    | 35/66 [04:13<03:43,  7.21s/it]


 53%|█████▎    | 35/66 [04:13<03:43,  7.21s/it]
 55%|█████▍    | 36/66 [04:20<03:32,  7.07s/it]
 56%|█████▌    | 37/66 [04:28<03:35,  7.43s/it]
 58%|█████▊    | 38/66 [04:35<03:20,  7.16s/it]
 59%|█████▉    | 39/66 [04:42<03:13,  7.17s/it]
 61%|██████    | 40/66 [04:50<03:11,  7.37s/it]


 61%|██████    | 40/66 [04:50<03:11,  7.37s/it]
 62%|██████▏   | 41/66 [04:58<03:12,  7.68s/it]
 64%|██████▎   | 42/66 [05:05<02:59,  7.47s/it]
 65%|██████▌   | 43/66 [05:13<02:53,  7.53s/it]
 67%|██████▋   | 44/66 [05:18<02:25,  6.63s/it]{'loss': '0.3615', 'grad_norm': '0.03521', 'learning_rate': '7.645e-05', 'epoch': '1.139'}
{'loss': '0.2487', 'grad_norm': '0.03476', 'learning_rate': '6.497e-05', 'epoch': '1.37'}
{'loss': '0.2382', 'grad_norm': '0.03882', 'learning_rate': '5.253e-05', 'epoch': '1.601'}
{'loss': '0.2317', 'grad_norm': '0.03922', 'learning_rate': '3.994e-05', 'epoch': '1.832'}

 68%|██████▊   | 45/66 [05:26<02:26,  7.00s/it]


 68%|██████▊   | 45/66 [05:26<02:26,  7.00s/it]
 70%|██████▉   | 46/66 [05:33<02:25,  7.27s/it]
 71%|███████   | 47/66 [05:41<02:20,  7.41s/it]
 73%|███████▎  | 48/66 [05:49<02:13,  7.41s/it]
 74%|███████▍  | 49/66 [05:56<02:03,  7.27s/it]
 76%|███████▌  | 50/66 [06:03<01:59,  7.45s/it]


 76%|███████▌  | 50/66 [06:03<01:59,  7.45s/it]
 77%|███████▋  | 51/66 [06:11<01:53,  7.59s/it]
 79%|███████▉  | 52/66 [06:20<01:51,  7.98s/it]
 80%|████████  | 53/66 [06:28<01:41,  7.83s/it]
 82%|████████▏ | 54/66 [06:35<01:31,  7.59s/it]
 83%|████████▎ | 55/66 [06:43<01:24,  7.70s/it]


 83%|████████▎ | 55/66 [06:43<01:24,  7.70s/it]
 85%|████████▍ | 56/66 [06:49<01:13,  7.37s/it]
 86%|████████▋ | 57/66 [06:57<01:07,  7.50s/it]
 88%|████████▊ | 58/66 [07:04<00:59,  7.44s/it]
 89%|████████▉ | 59/66 [07:12<00:53,  7.61s/it]
 91%|█████████ | 60/66 [07:20<00:45,  7.53s/it]


 91%|█████████ | 60/66 [07:20<00:45,  7.53s/it]
 92%|█████████▏| 61/66 [07:27<00:37,  7.52s/it]
 94%|█████████▍| 62/66 [07:35<00:29,  7.48s/it]
 95%|█████████▌| 63/66 [07:41<00:21,  7.29s/it]
 97%|█████████▋| 64/66 [07:47<00:13,  6.91s/it]
 98%|█████████▊| 65/66 [07:56<00:07,  7.39s/it]


 98%|█████████▊| 65/66 [07:56<00:07,  7.39s/it]
100%|██████████| 66/66 [08:00<00:00,  6.48s/it]


100%|██████████| 66/66 [08:00<00:00,  6.48s/it]
100%|██████████| 66/66 [08:00<00:00,  7.29s/it]
{'loss': '0.2946', 'grad_norm': '0.04049', 'learning_rate': '2.798e-05', 'epoch': '2.046'}
{'loss': '0.2152', 'grad_norm': '0.03477', 'learning_rate': '1.743e-05', 'epoch': '2.277'}
{'loss': '0.2441', 'grad_norm': '0.04081', 'learning_rate': '8.962e-06', 'epoch': '2.509'}
{'loss': '0.2113', 'grad_norm': '0.03534', 'learning_rate': '3.112e-06', 'epoch': '2.74'}
{'loss': '0.2005', 'grad_norm': '0.03555', 'learning_rate': '2.565e-07', 'epoch': '2.971'}
{'train_runtime': '480.9', 'train_samples_per_second': '1.079', 'train_steps_per_second': '0.137', 'train_loss': '0.3261', 'epoch': '3'}
SAVED LoRA adapter -> data/distill/poc/lora_8b_finqa_vanilla_text
