loaded 32B+adapter in 10s

=== CAUSAL PROBE (2a) — QLoRA-32B epoch_1 ===
{
  "n_eval": 48,
  "flip_rate_corrupt": 0.375,
  "flip_rate_shuffle": 0.2708333333333333,
  "flips_corrupt": 18,
  "flips_shuffle": 13
}

8B reference (regime-1): corrupt-flip 3%, shuffle-flip 15% (perception-transfer).
Load-bearing reasoning => corrupt-flip markedly higher than the 8B's 3%.


Loading weights:   0%|          | 0/750 [00:00<?, ?it/s]
Loading weights:   0%|          | 1/750 [00:00<04:19,  2.88it/s]
Loading weights:   0%|          | 2/750 [00:00<04:23,  2.84it/s]
Loading weights:   1%|          | 5/750 [00:00<01:36,  7.72it/s]
Loading weights:   2%|▏         | 16/750 [00:00<00:26, 27.82it/s]
Loading weights:   3%|▎         | 26/750 [00:01<00:16, 43.53it/s]
Loading weights:   5%|▍         | 37/750 [00:01<00:12, 57.02it/s]
Loading weights:   6%|▋         | 48/750 [00:01<00:10, 67.17it/s]
Loading weights:   8%|▊         | 59/750 [00:01<00:09, 74.73it/s]
Loading weights:   9%|▉         | 70/750 [00:01<00:08, 80.26it/s]
Loading weights:  11%|█         | 81/750 [00:01<00:07, 84.30it/s]
Loading weights:  12%|█▏        | 92/750 [00:01<00:07, 87.12it/s]
Loading weights:  14%|█▎        | 103/750 [00:01<00:07, 87.95it/s]
Loading weights:  15%|█▌        | 114/750 [00:01<00:07, 88.85it/s]
Loading weights:  17%|█▋        | 125/750 [00:02<00:06, 89.68it/s]
Loading weights:  18%|█▊        | 136/750 [00:02<00:06, 91.00it/s]
Loading weights:  20%|█▉        | 147/750 [00:02<00:06, 92.15it/s]
Loading weights:  21%|██        | 158/750 [00:02<00:06, 92.99it/s]
Loading weights:  23%|██▎       | 169/750 [00:02<00:06, 93.72it/s]
Loading weights:  24%|██▍       | 180/750 [00:02<00:06, 94.10it/s]
Loading weights:  25%|██▌       | 191/750 [00:02<00:06, 90.67it/s]
Loading weights:  27%|██▋       | 202/750 [00:02<00:06, 90.93it/s]
Loading weights:  28%|██▊       | 213/750 [00:03<00:05, 92.04it/s]
Loading weights:  30%|██▉       | 224/750 [00:03<00:05, 92.34it/s]
Loading weights:  31%|███▏      | 235/750 [00:03<00:05, 92.49it/s]
Loading weights:  33%|███▎      | 246/750 [00:03<00:05, 93.05it/s]
Loading weights:  34%|███▍      | 257/750 [00:03<00:05, 93.26it/s]
Loading weights:  36%|███▌      | 268/750 [00:03<00:05, 93.52it/s]
Loading weights:  37%|███▋      | 279/750 [00:03<00:05, 93.60it/s]
Loading weights:  39%|███▊      | 290/750 [00:03<00:04, 93.83it/s]
Loading weights:  40%|████      | 301/750 [00:04<00:04, 93.74it/s]
Loading weights:  42%|████▏     | 312/750 [00:04<00:04, 94.14it/s]
Loading weights:  43%|████▎     | 323/750 [00:04<00:04, 94.14it/s]
Loading weights:  45%|████▍     | 334/750 [00:04<00:04, 93.35it/s]
Loading weights:  46%|████▌     | 345/750 [00:04<00:04, 93.66it/s]
Loading weights:  47%|████▋     | 356/750 [00:04<00:04, 94.06it/s]
Loading weights:  49%|████▉     | 367/750 [00:04<00:04, 94.21it/s]
Loading weights:  50%|█████     | 378/750 [00:04<00:03, 94.52it/s]
Loading weights:  52%|█████▏    | 389/750 [00:04<00:03, 94.18it/s]
Loading weights:  53%|█████▎    | 401/750 [00:05<00:03, 99.28it/s]
Loading weights:  65%|██████▌   | 489/750 [00:05<00:00, 310.44it/s]
Loading weights:  77%|███████▋  | 581/750 [00:05<00:00, 478.80it/s]
Loading weights:  89%|████████▉ | 669/750 [00:05<00:00, 590.77it/s]
Loading weights:  98%|█████████▊| 733/750 [00:05<00:00, 589.96it/s]
Loading weights: 100%|██████████| 750/750 [00:05<00:00, 136.00it/s]
The following generation flags are not valid and may be ignored: ['temperature', 'top_p', 'top_k']. Set `TRANSFORMERS_VERBOSITY=info` for more details.

