loaded 32B+adapter in 30s

=== CAUSAL PROBE (2a) — QLoRA-32B epoch_1 ===
{
  "n_eval": 46,
  "flip_rate_corrupt": 0.10869565217391304,
  "flip_rate_shuffle": 0.06521739130434782,
  "flips_corrupt": 5,
  "flips_shuffle": 3
}

8B reference (regime-1): corrupt-flip 3%, shuffle-flip 15% (perception-transfer).
Load-bearing reasoning => corrupt-flip markedly higher than the 8B's 3%.


Loading weights:   0%|          | 0/1058 [00:00<?, ?it/s]
Loading weights:   0%|          | 1/1058 [00:00<08:31,  2.07it/s]
Loading weights:   0%|          | 2/1058 [00:00<07:54,  2.22it/s]
Loading weights:   0%|          | 4/1058 [00:01<03:42,  4.73it/s]
Loading weights:   1%|          | 6/1058 [00:01<02:36,  6.71it/s]
Loading weights:   1%|▏         | 15/1058 [00:01<00:50, 20.51it/s]
Loading weights:   2%|▏         | 18/1058 [00:01<00:51, 20.13it/s]
Loading weights:   2%|▏         | 26/1058 [00:01<00:34, 29.90it/s]
Loading weights:   3%|▎         | 30/1058 [00:01<00:35, 28.72it/s]
Loading weights:   3%|▎         | 37/1058 [00:01<00:29, 34.56it/s]
Loading weights:   4%|▍         | 41/1058 [00:02<00:32, 31.63it/s]
Loading weights:   5%|▍         | 48/1058 [00:02<00:28, 35.88it/s]
Loading weights:   5%|▍         | 52/1058 [00:02<00:30, 32.57it/s]
Loading weights:   6%|▌         | 59/1058 [00:02<00:26, 37.36it/s]
Loading weights:   6%|▌         | 63/1058 [00:02<00:29, 33.62it/s]
Loading weights:   7%|▋         | 70/1058 [00:02<00:26, 37.88it/s]
Loading weights:   7%|▋         | 74/1058 [00:03<00:29, 33.43it/s]
Loading weights:   8%|▊         | 81/1058 [00:03<00:25, 37.74it/s]
Loading weights:   8%|▊         | 85/1058 [00:03<00:28, 33.62it/s]
Loading weights:   9%|▊         | 92/1058 [00:03<00:25, 37.92it/s]
Loading weights:   9%|▉         | 96/1058 [00:03<00:28, 33.20it/s]
Loading weights:  10%|▉         | 103/1058 [00:03<00:25, 37.58it/s]
Loading weights:  10%|█         | 107/1058 [00:03<00:28, 33.41it/s]
Loading weights:  11%|█         | 114/1058 [00:04<00:24, 37.89it/s]
Loading weights:  11%|█         | 118/1058 [00:04<00:27, 33.91it/s]
Loading weights:  12%|█▏        | 125/1058 [00:04<00:24, 37.77it/s]
Loading weights:  12%|█▏        | 129/1058 [00:04<00:27, 33.36it/s]
Loading weights:  13%|█▎        | 136/1058 [00:04<00:24, 37.62it/s]
Loading weights:  13%|█▎        | 140/1058 [00:04<00:27, 33.36it/s]
Loading weights:  14%|█▍        | 147/1058 [00:05<00:24, 37.54it/s]
Loading weights:  14%|█▍        | 151/1058 [00:05<00:27, 33.32it/s]
Loading weights:  15%|█▍        | 158/1058 [00:05<00:24, 37.40it/s]
Loading weights:  15%|█▌        | 162/1058 [00:05<00:27, 32.81it/s]
Loading weights:  16%|█▌        | 169/1058 [00:05<00:23, 37.07it/s]
Loading weights:  16%|█▋        | 173/1058 [00:05<00:26, 32.88it/s]
Loading weights:  17%|█▋        | 180/1058 [00:05<00:23, 36.96it/s]
Loading weights:  17%|█▋        | 184/1058 [00:06<00:26, 32.99it/s]
Loading weights:  18%|█▊        | 191/1058 [00:06<00:23, 37.40it/s]
Loading weights:  18%|█▊        | 195/1058 [00:06<00:25, 33.35it/s]
Loading weights:  19%|█▉        | 202/1058 [00:06<00:22, 37.43it/s]
Loading weights:  19%|█▉        | 206/1058 [00:06<00:25, 33.45it/s]
Loading weights:  20%|██        | 213/1058 [00:06<00:22, 37.73it/s]
Loading weights:  21%|██        | 217/1058 [00:07<00:25, 33.60it/s]
Loading weights:  21%|██        | 224/1058 [00:07<00:22, 37.87it/s]
Loading weights:  22%|██▏       | 228/1058 [00:07<00:24, 33.53it/s]
Loading weights:  22%|██▏       | 235/1058 [00:07<00:21, 37.77it/s]
Loading weights:  23%|██▎       | 239/1058 [00:07<00:24, 33.60it/s]
Loading weights:  23%|██▎       | 246/1058 [00:07<00:22, 36.65it/s]
Loading weights:  24%|██▎       | 250/1058 [00:07<00:24, 32.87it/s]
Loading weights:  24%|██▍       | 257/1058 [00:08<00:21, 37.29it/s]
Loading weights:  25%|██▍       | 261/1058 [00:08<00:23, 33.28it/s]
Loading weights:  25%|██▌       | 268/1058 [00:08<00:21, 37.50it/s]
Loading weights:  26%|██▌       | 272/1058 [00:08<00:23, 33.53it/s]
Loading weights:  26%|██▋       | 279/1058 [00:08<00:20, 37.89it/s]
Loading weights:  27%|██▋       | 283/1058 [00:08<00:23, 33.41it/s]
Loading weights:  27%|██▋       | 290/1058 [00:09<00:20, 37.69it/s]
Loading weights:  28%|██▊       | 294/1058 [00:09<00:22, 33.45it/s]
Loading weights:  28%|██▊       | 301/1058 [00:09<00:20, 37.78it/s]
Loading weights:  29%|██▉       | 305/1058 [00:09<00:22, 33.15it/s]
Loading weights:  29%|██▉       | 312/1058 [00:09<00:19, 37.41it/s]
Loading weights:  30%|██▉       | 316/1058 [00:09<00:22, 33.13it/s]
Loading weights:  31%|███       | 323/1058 [00:10<00:19, 37.04it/s]
Loading weights:  31%|███       | 327/1058 [00:10<00:22, 32.77it/s]
Loading weights:  32%|███▏      | 334/1058 [00:10<00:19, 37.06it/s]
Loading weights:  32%|███▏      | 338/1058 [00:10<00:21, 32.93it/s]
Loading weights:  33%|███▎      | 345/1058 [00:10<00:19, 37.19it/s]
Loading weights:  33%|███▎      | 349/1058 [00:10<00:21, 33.21it/s]
Loading weights:  34%|███▎      | 356/1058 [00:10<00:19, 36.73it/s]
Loading weights:  34%|███▍      | 360/1058 [00:11<00:20, 33.46it/s]
Loading weights:  35%|███▍      | 367/1058 [00:11<00:18, 38.35it/s]
Loading weights:  35%|███▌      | 371/1058 [00:11<00:19, 34.82it/s]
Loading weights:  36%|███▌      | 378/1058 [00:11<00:17, 39.30it/s]
Loading weights:  36%|███▌      | 382/1058 [00:11<00:19, 34.66it/s]
Loading weights:  37%|███▋      | 389/1058 [00:11<00:17, 37.52it/s]
Loading weights:  37%|███▋      | 393/1058 [00:12<00:20, 32.76it/s]
Loading weights:  38%|███▊      | 400/1058 [00:12<00:17, 36.89it/s]
Loading weights:  38%|███▊      | 404/1058 [00:12<00:19, 32.78it/s]
Loading weights:  39%|███▉      | 411/1058 [00:12<00:17, 37.62it/s]
Loading weights:  39%|███▉      | 415/1058 [00:12<00:19, 33.18it/s]
Loading weights:  40%|███▉      | 422/1058 [00:12<00:17, 36.49it/s]
Loading weights:  40%|████      | 426/1058 [00:12<00:19, 32.73it/s]
Loading weights:  41%|████      | 433/1058 [00:13<00:16, 37.27it/s]
Loading weights:  41%|████▏     | 437/1058 [00:13<00:18, 33.32it/s]
Loading weights:  42%|████▏     | 444/1058 [00:13<00:17, 35.89it/s]
Loading weights:  42%|████▏     | 448/1058 [00:13<00:18, 32.32it/s]
Loading weights:  43%|████▎     | 455/1058 [00:13<00:16, 36.02it/s]
Loading weights:  43%|████▎     | 459/1058 [00:13<00:18, 32.39it/s]
Loading weights:  44%|████▍     | 466/1058 [00:14<00:16, 36.86it/s]
Loading weights:  44%|████▍     | 470/1058 [00:14<00:17, 33.80it/s]
Loading weights:  45%|████▌     | 477/1058 [00:14<00:15, 37.73it/s]
Loading weights:  45%|████▌     | 481/1058 [00:14<00:17, 33.27it/s]
Loading weights:  46%|████▌     | 488/1058 [00:14<00:15, 36.56it/s]
Loading weights:  47%|████▋     | 492/1058 [00:14<00:17, 32.71it/s]
Loading weights:  47%|████▋     | 499/1058 [00:15<00:15, 37.15it/s]
Loading weights:  48%|████▊     | 503/1058 [00:15<00:16, 33.71it/s]
Loading weights:  48%|████▊     | 510/1058 [00:15<00:14, 37.92it/s]
Loading weights:  49%|████▊     | 514/1058 [00:15<00:15, 34.11it/s]
Loading weights:  49%|████▉     | 521/1058 [00:15<00:13, 39.13it/s]
Loading weights:  50%|████▉     | 525/1058 [00:15<00:15, 34.52it/s]
Loading weights:  50%|█████     | 532/1058 [00:15<00:13, 38.55it/s]
Loading weights:  51%|█████     | 536/1058 [00:16<00:15, 34.35it/s]
Loading weights:  51%|█████▏    | 543/1058 [00:16<00:12, 39.65it/s]
Loading weights:  52%|█████▏    | 548/1058 [00:16<00:13, 37.63it/s]
Loading weights:  52%|█████▏    | 554/1058 [00:16<00:12, 39.14it/s]
Loading weights:  53%|█████▎    | 558/1058 [00:16<00:14, 34.41it/s]
Loading weights:  53%|█████▎    | 565/1058 [00:16<00:12, 38.95it/s]
Loading weights:  54%|█████▍    | 569/1058 [00:16<00:13, 35.54it/s]
Loading weights:  54%|█████▍    | 576/1058 [00:17<00:12, 39.99it/s]
Loading weights:  55%|█████▍    | 581/1058 [00:17<00:12, 36.81it/s]
Loading weights:  55%|█████▌    | 587/1058 [00:17<00:12, 39.01it/s]
Loading weights:  56%|█████▌    | 591/1058 [00:17<00:13, 33.82it/s]
Loading weights:  57%|█████▋    | 598/1058 [00:17<00:11, 38.50it/s]
Loading weights:  57%|█████▋    | 602/1058 [00:17<00:13, 34.03it/s]
Loading weights:  58%|█████▊    | 609/1058 [00:17<00:11, 39.02it/s]
Loading weights:  58%|█████▊    | 614/1058 [00:18<00:12, 36.66it/s]
Loading weights:  59%|█████▊    | 620/1058 [00:18<00:11, 38.70it/s]
Loading weights:  59%|█████▉    | 624/1058 [00:18<00:12, 34.30it/s]
Loading weights:  60%|█████▉    | 631/1058 [00:18<00:11, 38.46it/s]
Loading weights:  60%|██████    | 635/1058 [00:18<00:12, 34.31it/s]
Loading weights:  61%|██████    | 642/1058 [00:18<00:10, 38.56it/s]
Loading weights:  61%|██████    | 646/1058 [00:19<00:11, 34.59it/s]
Loading weights:  62%|██████▏   | 653/1058 [00:19<00:10, 38.77it/s]
Loading weights:  62%|██████▏   | 657/1058 [00:19<00:11, 34.45it/s]
Loading weights:  63%|██████▎   | 664/1058 [00:19<00:10, 38.21it/s]
Loading weights:  63%|██████▎   | 668/1058 [00:19<00:11, 33.64it/s]
Loading weights:  64%|██████▍   | 675/1058 [00:19<00:10, 37.72it/s]
Loading weights:  64%|██████▍   | 679/1058 [00:19<00:11, 33.23it/s]
Loading weights:  65%|██████▍   | 686/1058 [00:20<00:10, 36.87it/s]
Loading weights:  65%|██████▌   | 690/1058 [00:20<00:11, 32.79it/s]
Loading weights:  66%|██████▌   | 697/1058 [00:20<00:09, 37.34it/s]
Loading weights:  66%|██████▋   | 701/1058 [00:20<00:10, 34.24it/s]
Loading weights:  70%|██████▉   | 739/1058 [00:20<00:02, 109.53it/s]
Loading weights:  79%|███████▊  | 831/1058 [00:20<00:00, 301.52it/s]
Loading weights:  86%|████████▋ | 915/1058 [00:20<00:00, 436.57it/s]
Loading weights:  95%|█████████▍| 1003/1058 [00:20<00:00, 553.88it/s]
Loading weights: 100%|██████████| 1058/1058 [00:21<00:00, 50.08it/s] 
The following generation flags are not valid and may be ignored: ['temperature', 'top_p', 'top_k']. Set `TRANSFORMERS_VERBOSITY=info` for more details.

