=== 8B image-present ===
loaded 32B+adapter in 38s

=== CAUSAL PROBE (2a) — QLoRA-32B epoch_1 ===
{
  "n_eval": 48,
  "flip_rate_corrupt": 0.16666666666666666,
  "flip_rate_shuffle": 0.2708333333333333,
  "flips_corrupt": 8,
  "flips_shuffle": 13
}

8B reference (regime-1): corrupt-flip 3%, shuffle-flip 15% (perception-transfer).
Load-bearing reasoning => corrupt-flip markedly higher than the 8B's 3%.


Loading weights:   0%|          | 0/750 [00:00<?, ?it/s]
Loading weights:   0%|          | 1/750 [00:02<34:12,  2.74s/it]
Loading weights:   0%|          | 2/750 [00:05<31:05,  2.49s/it]
Loading weights:   1%|          | 4/750 [00:05<12:41,  1.02s/it]
Loading weights:   1%|          | 5/750 [00:05<09:29,  1.31it/s]
Loading weights:   1%|          | 6/750 [00:05<07:17,  1.70it/s]
Loading weights:   2%|▏         | 12/750 [00:05<02:12,  5.57it/s]
Loading weights:   2%|▏         | 15/750 [00:06<01:44,  7.06it/s]
Loading weights:   2%|▏         | 17/750 [00:06<01:52,  6.53it/s]
Loading weights:   3%|▎         | 23/750 [00:06<01:03, 11.49it/s]
Loading weights:   3%|▎         | 26/750 [00:06<01:00, 11.89it/s]
Loading weights:   4%|▎         | 28/750 [00:07<01:16,  9.50it/s]
Loading weights:   5%|▍         | 34/750 [00:07<00:48, 14.83it/s]
Loading weights:   5%|▍         | 37/750 [00:07<00:48, 14.79it/s]
Loading weights:   5%|▌         | 40/750 [00:07<00:58, 12.03it/s]
Loading weights:   6%|▌         | 45/750 [00:08<00:43, 16.09it/s]
Loading weights:   6%|▋         | 48/750 [00:08<00:44, 15.71it/s]
Loading weights:   7%|▋         | 50/750 [00:08<01:01, 11.42it/s]
Loading weights:   7%|▋         | 56/750 [00:08<00:40, 16.94it/s]
Loading weights:   8%|▊         | 59/750 [00:09<00:42, 16.31it/s]
Loading weights:   8%|▊         | 62/750 [00:09<00:53, 12.80it/s]
Loading weights:   9%|▉         | 67/750 [00:09<00:40, 16.84it/s]
Loading weights:   9%|▉         | 70/750 [00:09<00:41, 16.24it/s]
Loading weights:  10%|▉         | 72/750 [00:10<00:58, 11.68it/s]
Loading weights:  10%|█         | 78/750 [00:10<00:38, 17.26it/s]
Loading weights:  11%|█         | 81/750 [00:10<00:40, 16.55it/s]
Loading weights:  11%|█         | 84/750 [00:10<00:51, 12.95it/s]
Loading weights:  12%|█▏        | 89/750 [00:10<00:38, 17.01it/s]
Loading weights:  12%|█▏        | 92/750 [00:11<00:40, 16.37it/s]
Loading weights:  13%|█▎        | 95/750 [00:11<00:51, 12.81it/s]
Loading weights:  13%|█▎        | 100/750 [00:11<00:38, 16.89it/s]
Loading weights:  14%|█▎        | 103/750 [00:11<00:39, 16.23it/s]
Loading weights:  14%|█▍        | 105/750 [00:12<00:55, 11.64it/s]
Loading weights:  15%|█▍        | 111/750 [00:12<00:37, 17.20it/s]
Loading weights:  15%|█▌        | 114/750 [00:12<00:38, 16.32it/s]
Loading weights:  16%|█▌        | 117/750 [00:13<00:49, 12.79it/s]
Loading weights:  16%|█▋        | 122/750 [00:13<00:37, 16.83it/s]
Loading weights:  17%|█▋        | 125/750 [00:13<00:38, 16.21it/s]
Loading weights:  17%|█▋        | 127/750 [00:13<00:53, 11.65it/s]
Loading weights:  18%|█▊        | 133/750 [00:13<00:35, 17.20it/s]
Loading weights:  18%|█▊        | 136/750 [00:14<00:37, 16.50it/s]
Loading weights:  19%|█▊        | 139/750 [00:14<00:47, 12.91it/s]
Loading weights:  19%|█▉        | 144/750 [00:14<00:35, 16.97it/s]
Loading weights:  20%|█▉        | 147/750 [00:14<00:36, 16.31it/s]
Loading weights:  20%|█▉        | 149/750 [00:15<00:51, 11.69it/s]
Loading weights:  21%|██        | 155/750 [00:15<00:34, 17.26it/s]
Loading weights:  21%|██        | 158/750 [00:15<00:35, 16.51it/s]
Loading weights:  21%|██▏       | 161/750 [00:15<00:45, 12.86it/s]
Loading weights:  22%|██▏       | 166/750 [00:16<00:34, 16.91it/s]
Loading weights:  23%|██▎       | 169/750 [00:16<00:35, 16.28it/s]
Loading weights:  23%|██▎       | 171/750 [00:16<00:49, 11.68it/s]
Loading weights:  24%|██▎       | 177/750 [00:16<00:33, 17.23it/s]
Loading weights:  24%|██▍       | 180/750 [00:17<00:34, 16.51it/s]
Loading weights:  24%|██▍       | 183/750 [00:17<00:43, 12.94it/s]
Loading weights:  25%|██▌       | 188/750 [00:17<00:33, 17.00it/s]
Loading weights:  25%|██▌       | 191/750 [00:17<00:34, 16.01it/s]
Loading weights:  26%|██▌       | 193/750 [00:18<00:48, 11.60it/s]
Loading weights:  27%|██▋       | 199/750 [00:18<00:32, 17.15it/s]
Loading weights:  27%|██▋       | 202/750 [00:18<00:33, 16.46it/s]
Loading weights:  27%|██▋       | 205/750 [00:18<00:42, 12.91it/s]
Loading weights:  28%|██▊       | 210/750 [00:19<00:31, 16.96it/s]
Loading weights:  28%|██▊       | 213/750 [00:19<00:32, 16.31it/s]
Loading weights:  29%|██▊       | 215/750 [00:19<00:45, 11.71it/s]
Loading weights:  29%|██▉       | 221/750 [00:19<00:30, 17.26it/s]
Loading weights:  30%|██▉       | 224/750 [00:19<00:31, 16.53it/s]
Loading weights:  30%|███       | 227/750 [00:20<00:40, 12.94it/s]
Loading weights:  31%|███       | 232/750 [00:20<00:30, 17.01it/s]
Loading weights:  31%|███▏      | 235/750 [00:20<00:31, 16.36it/s]
Loading weights:  32%|███▏      | 237/750 [00:21<00:43, 11.73it/s]
Loading weights:  32%|███▏      | 243/750 [00:21<00:29, 17.30it/s]
Loading weights:  33%|███▎      | 246/750 [00:21<00:30, 16.41it/s]
Loading weights:  33%|███▎      | 249/750 [00:21<00:39, 12.83it/s]
Loading weights:  34%|███▍      | 254/750 [00:21<00:29, 16.87it/s]
Loading weights:  34%|███▍      | 257/750 [00:22<00:30, 16.23it/s]
Loading weights:  35%|███▍      | 259/750 [00:22<00:42, 11.65it/s]
Loading weights:  35%|███▌      | 265/750 [00:22<00:28, 17.22it/s]
Loading weights:  36%|███▌      | 268/750 [00:22<00:29, 16.49it/s]
Loading weights:  36%|███▌      | 271/750 [00:23<00:37, 12.90it/s]
Loading weights:  37%|███▋      | 276/750 [00:23<00:28, 16.93it/s]
Loading weights:  37%|███▋      | 279/750 [00:23<00:28, 16.29it/s]
Loading weights:  37%|███▋      | 281/750 [00:23<00:40, 11.70it/s]
Loading weights:  38%|███▊      | 287/750 [00:24<00:26, 17.26it/s]
Loading weights:  39%|███▊      | 290/750 [00:24<00:27, 16.53it/s]
Loading weights:  39%|███▉      | 293/750 [00:24<00:35, 12.93it/s]
Loading weights:  40%|███▉      | 298/750 [00:24<00:26, 16.98it/s]
Loading weights:  40%|████      | 301/750 [00:25<00:27, 16.34it/s]
Loading weights:  40%|████      | 303/750 [00:25<00:38, 11.72it/s]
Loading weights:  41%|████      | 309/750 [00:25<00:25, 17.29it/s]
Loading weights:  42%|████▏     | 312/750 [00:25<00:26, 16.57it/s]
Loading weights:  42%|████▏     | 315/750 [00:26<00:33, 12.96it/s]
Loading weights:  43%|████▎     | 320/750 [00:26<00:25, 17.02it/s]
Loading weights:  43%|████▎     | 323/750 [00:26<00:26, 16.37it/s]
Loading weights:  43%|████▎     | 326/750 [00:26<00:32, 12.85it/s]
Loading weights:  44%|████▍     | 331/750 [00:27<00:24, 16.93it/s]
Loading weights:  45%|████▍     | 334/750 [00:27<00:25, 16.32it/s]
Loading weights:  45%|████▍     | 336/750 [00:27<00:35, 11.71it/s]
Loading weights:  46%|████▌     | 342/750 [00:27<00:23, 17.28it/s]
Loading weights:  46%|████▌     | 345/750 [00:27<00:24, 16.55it/s]
Loading weights:  46%|████▋     | 348/750 [00:28<00:31, 12.89it/s]
Loading weights:  47%|████▋     | 353/750 [00:28<00:23, 16.96it/s]
Loading weights:  47%|████▋     | 356/750 [00:28<00:24, 16.32it/s]
Loading weights:  48%|████▊     | 358/750 [00:29<00:33, 11.71it/s]
Loading weights:  49%|████▊     | 364/750 [00:29<00:22, 17.27it/s]
Loading weights:  49%|████▉     | 367/750 [00:29<00:23, 16.53it/s]
Loading weights:  49%|████▉     | 370/750 [00:29<00:29, 12.94it/s]
Loading weights:  50%|█████     | 375/750 [00:29<00:22, 16.99it/s]
Loading weights:  50%|█████     | 378/750 [00:30<00:22, 16.34it/s]
Loading weights:  51%|█████     | 380/750 [00:30<00:31, 11.72it/s]
Loading weights:  51%|█████▏    | 386/750 [00:30<00:21, 17.29it/s]
Loading weights:  52%|█████▏    | 389/750 [00:30<00:21, 16.51it/s]
Loading weights:  52%|█████▏    | 392/750 [00:31<00:27, 12.92it/s]
Loading weights:  53%|█████▎    | 397/750 [00:31<00:20, 16.96it/s]
Loading weights:  54%|█████▍    | 407/750 [00:31<00:11, 29.10it/s]
Loading weights:  57%|█████▋    | 429/750 [00:31<00:05, 62.61it/s]
Loading weights:  60%|██████    | 451/750 [00:31<00:03, 93.68it/s]
Loading weights:  63%|██████▎   | 471/750 [00:31<00:02, 117.27it/s]
Loading weights:  65%|██████▌   | 489/750 [00:31<00:01, 132.00it/s]
Loading weights:  68%|██████▊   | 511/750 [00:32<00:01, 153.79it/s]
Loading weights:  71%|███████   | 529/750 [00:32<00:01, 160.61it/s]
Loading weights:  73%|███████▎  | 549/750 [00:32<00:01, 170.46it/s]
Loading weights:  76%|███████▌  | 571/750 [00:32<00:00, 183.72it/s]
Loading weights:  79%|███████▉  | 591/750 [00:32<00:00, 187.95it/s]
Loading weights:  81%|████████▏ | 611/750 [00:32<00:00, 180.84it/s]
Loading weights:  84%|████████▍ | 633/750 [00:32<00:00, 190.68it/s]
Loading weights:  87%|████████▋ | 655/750 [00:32<00:00, 198.29it/s]
Loading weights:  90%|█████████ | 677/750 [00:32<00:00, 201.54it/s]
Loading weights:  93%|█████████▎| 698/750 [00:32<00:00, 195.43it/s]
Loading weights:  96%|█████████▌| 718/750 [00:33<00:00, 196.71it/s]
Loading weights:  98%|█████████▊| 738/750 [00:33<00:00, 105.13it/s]
Loading weights: 100%|██████████| 750/750 [00:33<00:00, 22.25it/s] 
The following generation flags are not valid and may be ignored: ['temperature', 'top_p', 'top_k']. Set `TRANSFORMERS_VERBOSITY=info` for more details.

=== 8B image-MASKED ===
