loaded 32B+adapter in 32s

=== CAUSAL PROBE (2a) — QLoRA-32B epoch_1 ===
{
  "n_eval": 46,
  "flip_rate_corrupt": 0.021739130434782608,
  "flip_rate_shuffle": 0.021739130434782608,
  "flips_corrupt": 1,
  "flips_shuffle": 1
}

8B reference (regime-1): corrupt-flip 3%, shuffle-flip 15% (perception-transfer).
Load-bearing reasoning => corrupt-flip markedly higher than the 8B's 3%.


Loading weights:   0%|          | 0/1058 [00:00<?, ?it/s]
Loading weights:   0%|          | 1/1058 [00:00<11:07,  1.58it/s]
Loading weights:   0%|          | 2/1058 [00:01<10:20,  1.70it/s]
Loading weights:   0%|          | 4/1058 [00:01<04:45,  3.69it/s]
Loading weights:   1%|          | 6/1058 [00:01<03:19,  5.27it/s]
Loading weights:   1%|▏         | 15/1058 [00:01<01:04, 16.11it/s]
Loading weights:   2%|▏         | 18/1058 [00:01<01:05, 15.77it/s]
Loading weights:   2%|▏         | 26/1058 [00:02<00:43, 23.69it/s]
Loading weights:   3%|▎         | 29/1058 [00:02<00:48, 21.16it/s]
Loading weights:   3%|▎         | 37/1058 [00:02<00:36, 28.21it/s]
Loading weights:   4%|▍         | 41/1058 [00:02<00:39, 25.83it/s]
Loading weights:   5%|▍         | 48/1058 [00:02<00:34, 29.16it/s]
Loading weights:   5%|▍         | 52/1058 [00:03<00:38, 26.15it/s]
Loading weights:   6%|▌         | 59/1058 [00:03<00:33, 29.96it/s]
Loading weights:   6%|▌         | 63/1058 [00:03<00:37, 26.74it/s]
Loading weights:   7%|▋         | 70/1058 [00:03<00:31, 31.35it/s]
Loading weights:   7%|▋         | 74/1058 [00:03<00:34, 28.87it/s]
Loading weights:   8%|▊         | 81/1058 [00:03<00:28, 33.92it/s]
Loading weights:   8%|▊         | 85/1058 [00:04<00:32, 30.23it/s]
Loading weights:   9%|▊         | 92/1058 [00:04<00:28, 33.97it/s]
Loading weights:   9%|▉         | 96/1058 [00:04<00:31, 30.13it/s]
Loading weights:  10%|▉         | 103/1058 [00:04<00:27, 34.28it/s]
Loading weights:  10%|█         | 107/1058 [00:04<00:30, 31.52it/s]
Loading weights:  11%|█         | 114/1058 [00:04<00:26, 35.22it/s]
Loading weights:  11%|█         | 118/1058 [00:05<00:30, 30.47it/s]
Loading weights:  12%|█▏        | 125/1058 [00:05<00:26, 34.72it/s]
Loading weights:  12%|█▏        | 129/1058 [00:05<00:29, 31.33it/s]
Loading weights:  13%|█▎        | 136/1058 [00:05<00:25, 35.97it/s]
Loading weights:  13%|█▎        | 140/1058 [00:05<00:28, 32.56it/s]
Loading weights:  14%|█▍        | 147/1058 [00:05<00:24, 37.00it/s]
Loading weights:  14%|█▍        | 151/1058 [00:06<00:27, 33.15it/s]
Loading weights:  15%|█▍        | 158/1058 [00:06<00:23, 37.70it/s]
Loading weights:  15%|█▌        | 162/1058 [00:06<00:26, 33.70it/s]
Loading weights:  16%|█▌        | 169/1058 [00:06<00:23, 37.67it/s]
Loading weights:  16%|█▋        | 173/1058 [00:06<00:26, 33.42it/s]
Loading weights:  17%|█▋        | 180/1058 [00:06<00:23, 37.88it/s]
Loading weights:  17%|█▋        | 184/1058 [00:06<00:25, 33.72it/s]
Loading weights:  18%|█▊        | 191/1058 [00:07<00:22, 38.03it/s]
Loading weights:  18%|█▊        | 195/1058 [00:07<00:25, 33.86it/s]
Loading weights:  19%|█▉        | 202/1058 [00:07<00:22, 38.16it/s]
Loading weights:  19%|█▉        | 206/1058 [00:07<00:25, 33.81it/s]
Loading weights:  20%|██        | 213/1058 [00:07<00:22, 38.01it/s]
Loading weights:  21%|██        | 217/1058 [00:07<00:24, 33.72it/s]
Loading weights:  21%|██        | 224/1058 [00:08<00:21, 38.01it/s]
Loading weights:  22%|██▏       | 228/1058 [00:08<00:24, 33.95it/s]
Loading weights:  22%|██▏       | 235/1058 [00:08<00:21, 38.26it/s]
Loading weights:  23%|██▎       | 239/1058 [00:08<00:24, 33.90it/s]
Loading weights:  23%|██▎       | 246/1058 [00:08<00:22, 36.87it/s]
Loading weights:  24%|██▎       | 250/1058 [00:08<00:24, 33.01it/s]
Loading weights:  24%|██▍       | 257/1058 [00:08<00:21, 37.39it/s]
Loading weights:  25%|██▍       | 261/1058 [00:09<00:23, 33.41it/s]
Loading weights:  25%|██▌       | 268/1058 [00:09<00:20, 37.66it/s]
Loading weights:  26%|██▌       | 272/1058 [00:09<00:23, 33.50it/s]
Loading weights:  26%|██▋       | 279/1058 [00:09<00:20, 37.38it/s]
Loading weights:  27%|██▋       | 283/1058 [00:09<00:23, 33.38it/s]
Loading weights:  27%|██▋       | 290/1058 [00:09<00:20, 37.75it/s]
Loading weights:  28%|██▊       | 294/1058 [00:10<00:22, 33.38it/s]
Loading weights:  28%|██▊       | 301/1058 [00:10<00:20, 37.79it/s]
Loading weights:  29%|██▉       | 305/1058 [00:10<00:22, 33.72it/s]
Loading weights:  29%|██▉       | 312/1058 [00:10<00:19, 38.10it/s]
Loading weights:  30%|██▉       | 316/1058 [00:10<00:22, 33.52it/s]
Loading weights:  31%|███       | 323/1058 [00:10<00:19, 37.65it/s]
Loading weights:  31%|███       | 327/1058 [00:10<00:21, 33.45it/s]
Loading weights:  32%|███▏      | 334/1058 [00:11<00:19, 37.01it/s]
Loading weights:  32%|███▏      | 338/1058 [00:11<00:22, 32.48it/s]
Loading weights:  33%|███▎      | 345/1058 [00:11<00:19, 36.09it/s]
Loading weights:  33%|███▎      | 349/1058 [00:11<00:22, 31.37it/s]
Loading weights:  34%|███▎      | 356/1058 [00:11<00:20, 34.83it/s]
Loading weights:  34%|███▍      | 360/1058 [00:11<00:23, 30.05it/s]
Loading weights:  35%|███▍      | 367/1058 [00:12<00:20, 33.04it/s]
Loading weights:  35%|███▌      | 371/1058 [00:12<00:23, 29.25it/s]
Loading weights:  36%|███▌      | 378/1058 [00:12<00:20, 32.83it/s]
Loading weights:  36%|███▌      | 382/1058 [00:12<00:23, 28.78it/s]
Loading weights:  37%|███▋      | 389/1058 [00:12<00:20, 33.02it/s]
Loading weights:  37%|███▋      | 393/1058 [00:13<00:22, 30.13it/s]
Loading weights:  38%|███▊      | 400/1058 [00:13<00:19, 33.87it/s]
Loading weights:  38%|███▊      | 404/1058 [00:13<00:21, 29.79it/s]
Loading weights:  39%|███▉      | 411/1058 [00:13<00:19, 33.23it/s]
Loading weights:  39%|███▉      | 415/1058 [00:13<00:21, 29.33it/s]
Loading weights:  40%|███▉      | 422/1058 [00:13<00:19, 33.12it/s]
Loading weights:  40%|████      | 426/1058 [00:14<00:21, 29.05it/s]
Loading weights:  41%|████      | 433/1058 [00:14<00:19, 32.42it/s]
Loading weights:  41%|████▏     | 437/1058 [00:14<00:21, 29.06it/s]
Loading weights:  42%|████▏     | 444/1058 [00:14<00:18, 32.66it/s]
Loading weights:  42%|████▏     | 448/1058 [00:14<00:21, 28.72it/s]
Loading weights:  43%|████▎     | 455/1058 [00:15<00:18, 31.97it/s]
Loading weights:  43%|████▎     | 459/1058 [00:15<00:21, 27.73it/s]
Loading weights:  44%|████▍     | 466/1058 [00:15<00:18, 31.24it/s]
Loading weights:  44%|████▍     | 470/1058 [00:15<00:21, 27.80it/s]
Loading weights:  45%|████▌     | 477/1058 [00:15<00:18, 32.11it/s]
Loading weights:  45%|████▌     | 481/1058 [00:15<00:20, 28.52it/s]
Loading weights:  46%|████▌     | 488/1058 [00:16<00:16, 33.54it/s]
Loading weights:  47%|████▋     | 492/1058 [00:16<00:18, 29.85it/s]
Loading weights:  47%|████▋     | 499/1058 [00:16<00:17, 32.84it/s]
Loading weights:  48%|████▊     | 503/1058 [00:16<00:19, 28.84it/s]
Loading weights:  48%|████▊     | 510/1058 [00:16<00:17, 31.58it/s]
Loading weights:  49%|████▊     | 514/1058 [00:17<00:19, 28.14it/s]
Loading weights:  49%|████▉     | 521/1058 [00:17<00:16, 32.25it/s]
Loading weights:  50%|████▉     | 525/1058 [00:17<00:18, 28.28it/s]
Loading weights:  50%|█████     | 532/1058 [00:17<00:16, 31.42it/s]
Loading weights:  51%|█████     | 536/1058 [00:17<00:19, 27.38it/s]
Loading weights:  51%|█████▏    | 543/1058 [00:17<00:16, 31.38it/s]
Loading weights:  52%|█████▏    | 547/1058 [00:18<00:18, 28.26it/s]
Loading weights:  52%|█████▏    | 554/1058 [00:18<00:16, 31.40it/s]
Loading weights:  53%|█████▎    | 558/1058 [00:18<00:18, 27.71it/s]
Loading weights:  53%|█████▎    | 565/1058 [00:18<00:15, 31.45it/s]
Loading weights:  54%|█████▍    | 569/1058 [00:18<00:17, 28.31it/s]
Loading weights:  54%|█████▍    | 576/1058 [00:19<00:15, 32.02it/s]
Loading weights:  55%|█████▍    | 580/1058 [00:19<00:16, 28.36it/s]
Loading weights:  55%|█████▌    | 587/1058 [00:19<00:14, 31.97it/s]
Loading weights:  56%|█████▌    | 591/1058 [00:19<00:16, 28.08it/s]
Loading weights:  57%|█████▋    | 598/1058 [00:19<00:14, 31.91it/s]
Loading weights:  57%|█████▋    | 602/1058 [00:19<00:16, 27.74it/s]
Loading weights:  58%|█████▊    | 609/1058 [00:20<00:14, 31.76it/s]
Loading weights:  58%|█████▊    | 613/1058 [00:20<00:15, 28.18it/s]
Loading weights:  59%|█████▊    | 620/1058 [00:20<00:13, 31.30it/s]
Loading weights:  59%|█████▉    | 624/1058 [00:20<00:15, 27.83it/s]
Loading weights:  60%|█████▉    | 631/1058 [00:20<00:13, 31.39it/s]
Loading weights:  60%|██████    | 635/1058 [00:21<00:15, 27.60it/s]
Loading weights:  61%|██████    | 642/1058 [00:21<00:13, 31.17it/s]
Loading weights:  61%|██████    | 646/1058 [00:21<00:14, 27.91it/s]
Loading weights:  62%|██████▏   | 653/1058 [00:21<00:12, 31.43it/s]
Loading weights:  62%|██████▏   | 657/1058 [00:21<00:14, 27.90it/s]
Loading weights:  63%|██████▎   | 664/1058 [00:22<00:12, 30.78it/s]
Loading weights:  63%|██████▎   | 668/1058 [00:22<00:14, 27.08it/s]
Loading weights:  64%|██████▍   | 675/1058 [00:22<00:12, 30.43it/s]
Loading weights:  64%|██████▍   | 679/1058 [00:22<00:14, 26.96it/s]
Loading weights:  65%|██████▍   | 686/1058 [00:22<00:12, 30.23it/s]
Loading weights:  65%|██████▌   | 690/1058 [00:23<00:13, 26.85it/s]
Loading weights:  66%|██████▌   | 697/1058 [00:23<00:11, 31.10it/s]
Loading weights:  66%|██████▋   | 701/1058 [00:23<00:12, 27.93it/s]
Loading weights:  69%|██████▉   | 733/1058 [00:23<00:03, 82.24it/s]
Loading weights:  77%|███████▋  | 811/1058 [00:23<00:01, 226.85it/s]
Loading weights:  84%|████████▍ | 893/1058 [00:23<00:00, 360.86it/s]
Loading weights:  92%|█████████▏| 975/1058 [00:23<00:00, 471.76it/s]
Loading weights:  98%|█████████▊| 1035/1058 [00:23<00:00, 501.37it/s]
Loading weights: 100%|██████████| 1058/1058 [00:23<00:00, 44.11it/s] 
The following generation flags are not valid and may be ignored: ['temperature', 'top_p', 'top_k']. Set `TRANSFORMERS_VERBOSITY=info` for more details.

